The following modules were not unloaded:
  (Use "module --force purge" to unload all):

  1) CCconfig         4) imkl/2020.1.217    7) libfabric/1.10.1
  2) gentoo/2020      5) intel/2020.1.217   8) openmpi/4.0.3
  3) gcccore/.9.3.0   6) ucx/1.8.0          9) StdEnv/2020

Lmod is automatically replacing "intel/2020.1.217" with "gcc/9.3.0".


Due to MODULEPATH changes, the following have been reloaded:
  1) libfabric/1.10.1     2) openmpi/4.0.3     3) ucx/1.8.0

WARNING:__main__:
*****************************************
Setting OMP_NUM_THREADS environment variable for each process to be 1 in default, to avoid your system being overloaded, please further tune the variable for optimal performance in your application as needed. 
*****************************************
[I socket.cpp:566] [c10d] The server socket has started to listen on [::]:29500.
[I socket.cpp:787] [c10d] The client socket has connected to [localhost]:29500 on [localhost]:60568.
[I socket.cpp:787] [c10d] The client socket has connected to [localhost]:29500 on [localhost]:60570.
[I socket.cpp:787] [c10d] The client socket has connected to [localhost]:29500 on [localhost]:60576.
[I socket.cpp:787] [c10d] The client socket has connected to [localhost]:29500 on [localhost]:60574.
[I socket.cpp:787] [c10d] The client socket has connected to [localhost]:29500 on [localhost]:60578.
[I socket.cpp:787] [c10d] The client socket has connected to [localhost]:29500 on [localhost]:60580.
[I ProcessGroupNCCL.cpp:665] [Rank 1] ProcessGroupNCCL initialized with following options:
NCCL_ASYNC_ERROR_HANDLING: 1
NCCL_DESYNC_DEBUG: 0
NCCL_BLOCKING_WAIT: 0
TIMEOUT(ms): 31536000000
USE_HIGH_PRIORITY_STREAM: 0
[I ProcessGroupNCCL.cpp:665] [Rank 0] ProcessGroupNCCL initialized with following options:
NCCL_ASYNC_ERROR_HANDLING: 1
NCCL_DESYNC_DEBUG: 0
NCCL_BLOCKING_WAIT: 0
TIMEOUT(ms): 31536000000
USE_HIGH_PRIORITY_STREAM: 0
[I ProcessGroupNCCL.cpp:842] [Rank 0] NCCL watchdog thread started!
[I ProcessGroupNCCL.cpp:842] [Rank 1] NCCL watchdog thread started!
[I ProcessGroupNCCL.cpp:2393] Rank 1 using GPU 1 to perform barrier as devices used by this process are currently unknown. This can potentially cause a hang if this rank to GPU mapping is incorrect.Specify device_ids in barrier() to force use of a particular device.
[I ProcessGroupNCCL.cpp:2393] Rank 0 using GPU 0 to perform barrier as devices used by this process are currently unknown. This can potentially cause a hang if this rank to GPU mapping is incorrect.Specify device_ids in barrier() to force use of a particular device.
[I ProcessGroupNCCL.cpp:1280] NCCL_DEBUG: INFO
2023-12-18 04:43:34,708 [INFO] 
=====  Running Parameters    =====
2023-12-18 04:43:34,709 [INFO] {
    "accum_grad_iters": 8,
    "amp": true,
    "batch_size_eval": 2,
    "batch_size_train": 1,
    "device": "cuda",
    "dist_backend": "nccl",
    "dist_url": "env://",
    "distributed": true,
    "evaluate": false,
    "find_unused_parameters": true,
    "gpu": 0,
    "init_lr": 3e-05,
    "lr_sched": "linear_warmup_cosine_lr",
    "max_epoch": 5,
    "max_len": 30,
    "min_len": 8,
    "min_lr": 0,
    "num_beams": 5,
    "num_workers": 1,
    "output_dir": "expts/causalvidqa_ft/18_12_2023_Dec_41_29",
    "rank": 0,
    "resume_ckpt_path": null,
    "seed": 42,
    "task": "videoqa",
    "test_splits": [
        "test"
    ],
    "train_splits": [
        "train"
    ],
    "valid_splits": [
        "val"
    ],
    "warmup_lr": 1e-08,
    "warmup_steps": 1000,
    "weight_decay": 0.05,
    "world_size": 2
}
2023-12-18 04:43:34,709 [INFO] 
======  Dataset Attributes  ======
2023-12-18 04:43:34,709 [INFO] 
======== causalvidqa =======
2023-12-18 04:43:34,710 [INFO] {
    "build_info": {
        "annotations": {
            "test": {
                "storage": "/scratch/jenas/BTP/SeViLA/data/annotations/test_tiny.json",
                "url": "/scratch/jenas/BTP/SeViLA/data/annotations/test_tiny.json"
            },
            "train": {
                "storage": "/scratch/jenas/BTP/SeViLA/data/annotations/train_tiny.json",
                "url": "/scratch/jenas/BTP/SeViLA/data/annotations/train_tiny.json"
            },
            "val": {
                "storage": "/scratch/jenas/BTP/SeViLA/data/annotations/val_tiny.json",
                "url": "/scratch/jenas/BTP/SeViLA/data/annotations/val_tiny.json"
            }
        },
        "videos": {
            "storage": "/scratch/jenas/BTP/SeViLA/data/videos"
        }
    },
    "data_type": "videos",
    "text_processor": {
        "eval": {
            "max_words": 50,
            "name": "blip_question"
        },
        "train": {
            "max_words": 50,
            "name": "blip_question"
        }
    },
    "vis_processor": {
        "eval": {
            "image_size": 224,
            "n_frms": 32,
            "name": "blip_video_eval"
        },
        "train": {
            "image_size": 224,
            "n_frms": 32,
            "name": "blip2_video_train"
        }
    }
}
2023-12-18 04:43:34,710 [INFO] 
======  Model Attributes  ======
2023-12-18 04:43:34,711 [INFO] {
    "answer_num": 5,
    "arch": "sevila",
    "drop_path_rate": 0,
    "finetuned": "sevila_checkpoints/sevila_pretrained.pth",
    "frame_num": 4,
    "freeze_vit": true,
    "image_size": 224,
    "load_finetuned": true,
    "model_type": "pretrain_flant5xl",
    "num_query_token": 32,
    "pretrained": "https://storage.googleapis.com/sfr-vision-language-research/LAVIS/models/BLIP2/blip2_pretrained_flant5xl.pth",
    "prompt": "",
    "t5_model": "google/flan-t5-xl",
    "task": "qvh_freeze_loc_train_qa_with_loc_train_qa_vid",
    "use_grad_checkpoint": true,
    "vit_precision": "fp16"
}
2023-12-18 04:43:34,725 [INFO] Using existing file /scratch/jenas/BTP/SeViLA/data/annotations/train_tiny.json.
2023-12-18 04:43:34,749 [INFO] Using existing file /scratch/jenas/BTP/SeViLA/data/annotations/val_tiny.json.
2023-12-18 04:43:34,750 [INFO] Using existing file /scratch/jenas/BTP/SeViLA/data/annotations/test_tiny.json.
2023-12-18 04:43:34,751 [INFO] Building datasets...
2023-12-18 04:47:23,815 [INFO] freeze vision encoder
Loading checkpoint shards:   0%|          | 0/2 [00:00<?, ?it/s]Loading checkpoint shards:   0%|          | 0/2 [00:00<?, ?it/s]Loading checkpoint shards:  50%|█████     | 1/2 [00:48<00:48, 48.76s/it]Loading checkpoint shards:  50%|█████     | 1/2 [00:48<00:48, 48.94s/it]Loading checkpoint shards: 100%|██████████| 2/2 [00:58<00:00, 25.89s/it]Loading checkpoint shards: 100%|██████████| 2/2 [00:58<00:00, 29.34s/it]
Loading checkpoint shards: 100%|██████████| 2/2 [00:58<00:00, 25.84s/it]Loading checkpoint shards: 100%|██████████| 2/2 [00:58<00:00, 29.28s/it]
2023-12-18 04:49:56,591 [INFO] Missing keys ['visual_encoder.cls_token', 'visual_encoder.pos_embed', 'visual_encoder.patch_embed.proj.weight', 'visual_encoder.patch_embed.proj.bias', 'visual_encoder.blocks.0.norm1.weight', 'visual_encoder.blocks.0.norm1.bias', 'visual_encoder.blocks.0.attn.q_bias', 'visual_encoder.blocks.0.attn.v_bias', 'visual_encoder.blocks.0.attn.qkv.weight', 'visual_encoder.blocks.0.attn.proj.weight', 'visual_encoder.blocks.0.attn.proj.bias', 'visual_encoder.blocks.0.norm2.weight', 'visual_encoder.blocks.0.norm2.bias', 'visual_encoder.blocks.0.mlp.fc1.weight', 'visual_encoder.blocks.0.mlp.fc1.bias', 'visual_encoder.blocks.0.mlp.fc2.weight', 'visual_encoder.blocks.0.mlp.fc2.bias', 'visual_encoder.blocks.1.norm1.weight', 'visual_encoder.blocks.1.norm1.bias', 'visual_encoder.blocks.1.attn.q_bias', 'visual_encoder.blocks.1.attn.v_bias', 'visual_encoder.blocks.1.attn.qkv.weight', 'visual_encoder.blocks.1.attn.proj.weight', 'visual_encoder.blocks.1.attn.proj.bias', 'visual_encoder.blocks.1.norm2.weight', 'visual_encoder.blocks.1.norm2.bias', 'visual_encoder.blocks.1.mlp.fc1.weight', 'visual_encoder.blocks.1.mlp.fc1.bias', 'visual_encoder.blocks.1.mlp.fc2.weight', 'visual_encoder.blocks.1.mlp.fc2.bias', 'visual_encoder.blocks.2.norm1.weight', 'visual_encoder.blocks.2.norm1.bias', 'visual_encoder.blocks.2.attn.q_bias', 'visual_encoder.blocks.2.attn.v_bias', 'visual_encoder.blocks.2.attn.qkv.weight', 'visual_encoder.blocks.2.attn.proj.weight', 'visual_encoder.blocks.2.attn.proj.bias', 'visual_encoder.blocks.2.norm2.weight', 'visual_encoder.blocks.2.norm2.bias', 'visual_encoder.blocks.2.mlp.fc1.weight', 'visual_encoder.blocks.2.mlp.fc1.bias', 'visual_encoder.blocks.2.mlp.fc2.weight', 'visual_encoder.blocks.2.mlp.fc2.bias', 'visual_encoder.blocks.3.norm1.weight', 'visual_encoder.blocks.3.norm1.bias', 'visual_encoder.blocks.3.attn.q_bias', 'visual_encoder.blocks.3.attn.v_bias', 'visual_encoder.blocks.3.attn.qkv.weight', 'visual_encoder.blocks.3.attn.proj.weight', 'visual_encoder.blocks.3.attn.proj.bias', 'visual_encoder.blocks.3.norm2.weight', 'visual_encoder.blocks.3.norm2.bias', 'visual_encoder.blocks.3.mlp.fc1.weight', 'visual_encoder.blocks.3.mlp.fc1.bias', 'visual_encoder.blocks.3.mlp.fc2.weight', 'visual_encoder.blocks.3.mlp.fc2.bias', 'visual_encoder.blocks.4.norm1.weight', 'visual_encoder.blocks.4.norm1.bias', 'visual_encoder.blocks.4.attn.q_bias', 'visual_encoder.blocks.4.attn.v_bias', 'visual_encoder.blocks.4.attn.qkv.weight', 'visual_encoder.blocks.4.attn.proj.weight', 'visual_encoder.blocks.4.attn.proj.bias', 'visual_encoder.blocks.4.norm2.weight', 'visual_encoder.blocks.4.norm2.bias', 'visual_encoder.blocks.4.mlp.fc1.weight', 'visual_encoder.blocks.4.mlp.fc1.bias', 'visual_encoder.blocks.4.mlp.fc2.weight', 'visual_encoder.blocks.4.mlp.fc2.bias', 'visual_encoder.blocks.5.norm1.weight', 'visual_encoder.blocks.5.norm1.bias', 'visual_encoder.blocks.5.attn.q_bias', 'visual_encoder.blocks.5.attn.v_bias', 'visual_encoder.blocks.5.attn.qkv.weight', 'visual_encoder.blocks.5.attn.proj.weight', 'visual_encoder.blocks.5.attn.proj.bias', 'visual_encoder.blocks.5.norm2.weight', 'visual_encoder.blocks.5.norm2.bias', 'visual_encoder.blocks.5.mlp.fc1.weight', 'visual_encoder.blocks.5.mlp.fc1.bias', 'visual_encoder.blocks.5.mlp.fc2.weight', 'visual_encoder.blocks.5.mlp.fc2.bias', 'visual_encoder.blocks.6.norm1.weight', 'visual_encoder.blocks.6.norm1.bias', 'visual_encoder.blocks.6.attn.q_bias', 'visual_encoder.blocks.6.attn.v_bias', 'visual_encoder.blocks.6.attn.qkv.weight', 'visual_encoder.blocks.6.attn.proj.weight', 'visual_encoder.blocks.6.attn.proj.bias', 'visual_encoder.blocks.6.norm2.weight', 'visual_encoder.blocks.6.norm2.bias', 'visual_encoder.blocks.6.mlp.fc1.weight', 'visual_encoder.blocks.6.mlp.fc1.bias', 'visual_encoder.blocks.6.mlp.fc2.weight', 'visual_encoder.blocks.6.mlp.fc2.bias', 'visual_encoder.blocks.7.norm1.weight', 'visual_encoder.blocks.7.norm1.bias', 'visual_encoder.blocks.7.attn.q_bias', 'visual_encoder.blocks.7.attn.v_bias', 'visual_encoder.blocks.7.attn.qkv.weight', 'visual_encoder.blocks.7.attn.proj.weight', 'visual_encoder.blocks.7.attn.proj.bias', 'visual_encoder.blocks.7.norm2.weight', 'visual_encoder.blocks.7.norm2.bias', 'visual_encoder.blocks.7.mlp.fc1.weight', 'visual_encoder.blocks.7.mlp.fc1.bias', 'visual_encoder.blocks.7.mlp.fc2.weight', 'visual_encoder.blocks.7.mlp.fc2.bias', 'visual_encoder.blocks.8.norm1.weight', 'visual_encoder.blocks.8.norm1.bias', 'visual_encoder.blocks.8.attn.q_bias', 'visual_encoder.blocks.8.attn.v_bias', 'visual_encoder.blocks.8.attn.qkv.weight', 'visual_encoder.blocks.8.attn.proj.weight', 'visual_encoder.blocks.8.attn.proj.bias', 'visual_encoder.blocks.8.norm2.weight', 'visual_encoder.blocks.8.norm2.bias', 'visual_encoder.blocks.8.mlp.fc1.weight', 'visual_encoder.blocks.8.mlp.fc1.bias', 'visual_encoder.blocks.8.mlp.fc2.weight', 'visual_encoder.blocks.8.mlp.fc2.bias', 'visual_encoder.blocks.9.norm1.weight', 'visual_encoder.blocks.9.norm1.bias', 'visual_encoder.blocks.9.attn.q_bias', 'visual_encoder.blocks.9.attn.v_bias', 'visual_encoder.blocks.9.attn.qkv.weight', 'visual_encoder.blocks.9.attn.proj.weight', 'visual_encoder.blocks.9.attn.proj.bias', 'visual_encoder.blocks.9.norm2.weight', 'visual_encoder.blocks.9.norm2.bias', 'visual_encoder.blocks.9.mlp.fc1.weight', 'visual_encoder.blocks.9.mlp.fc1.bias', 'visual_encoder.blocks.9.mlp.fc2.weight', 'visual_encoder.blocks.9.mlp.fc2.bias', 'visual_encoder.blocks.10.norm1.weight', 'visual_encoder.blocks.10.norm1.bias', 'visual_encoder.blocks.10.attn.q_bias', 'visual_encoder.blocks.10.attn.v_bias', 'visual_encoder.blocks.10.attn.qkv.weight', 'visual_encoder.blocks.10.attn.proj.weight', 'visual_encoder.blocks.10.attn.proj.bias', 'visual_encoder.blocks.10.norm2.weight', 'visual_encoder.blocks.10.norm2.bias', 'visual_encoder.blocks.10.mlp.fc1.weight', 'visual_encoder.blocks.10.mlp.fc1.bias', 'visual_encoder.blocks.10.mlp.fc2.weight', 'visual_encoder.blocks.10.mlp.fc2.bias', 'visual_encoder.blocks.11.norm1.weight', 'visual_encoder.blocks.11.norm1.bias', 'visual_encoder.blocks.11.attn.q_bias', 'visual_encoder.blocks.11.attn.v_bias', 'visual_encoder.blocks.11.attn.qkv.weight', 'visual_encoder.blocks.11.attn.proj.weight', 'visual_encoder.blocks.11.attn.proj.bias', 'visual_encoder.blocks.11.norm2.weight', 'visual_encoder.blocks.11.norm2.bias', 'visual_encoder.blocks.11.mlp.fc1.weight', 'visual_encoder.blocks.11.mlp.fc1.bias', 'visual_encoder.blocks.11.mlp.fc2.weight', 'visual_encoder.blocks.11.mlp.fc2.bias', 'visual_encoder.blocks.12.norm1.weight', 'visual_encoder.blocks.12.norm1.bias', 'visual_encoder.blocks.12.attn.q_bias', 'visual_encoder.blocks.12.attn.v_bias', 'visual_encoder.blocks.12.attn.qkv.weight', 'visual_encoder.blocks.12.attn.proj.weight', 'visual_encoder.blocks.12.attn.proj.bias', 'visual_encoder.blocks.12.norm2.weight', 'visual_encoder.blocks.12.norm2.bias', 'visual_encoder.blocks.12.mlp.fc1.weight', 'visual_encoder.blocks.12.mlp.fc1.bias', 'visual_encoder.blocks.12.mlp.fc2.weight', 'visual_encoder.blocks.12.mlp.fc2.bias', 'visual_encoder.blocks.13.norm1.weight', 'visual_encoder.blocks.13.norm1.bias', 'visual_encoder.blocks.13.attn.q_bias', 'visual_encoder.blocks.13.attn.v_bias', 'visual_encoder.blocks.13.attn.qkv.weight', 'visual_encoder.blocks.13.attn.proj.weight', 'visual_encoder.blocks.13.attn.proj.bias', 'visual_encoder.blocks.13.norm2.weight', 'visual_encoder.blocks.13.norm2.bias', 'visual_encoder.blocks.13.mlp.fc1.weight', 'visual_encoder.blocks.13.mlp.fc1.bias', 'visual_encoder.blocks.13.mlp.fc2.weight', 'visual_encoder.blocks.13.mlp.fc2.bias', 'visual_encoder.blocks.14.norm1.weight', 'visual_encoder.blocks.14.norm1.bias', 'visual_encoder.blocks.14.attn.q_bias', 'visual_encoder.blocks.14.attn.v_bias', 'visual_encoder.blocks.14.attn.qkv.weight', 'visual_encoder.blocks.14.attn.proj.weight', 'visual_encoder.blocks.14.attn.proj.bias', 'visual_encoder.blocks.14.norm2.weight', 'visual_encoder.blocks.14.norm2.bias', 'visual_encoder.blocks.14.mlp.fc1.weight', 'visual_encoder.blocks.14.mlp.fc1.bias', 'visual_encoder.blocks.14.mlp.fc2.weight', 'visual_encoder.blocks.14.mlp.fc2.bias', 'visual_encoder.blocks.15.norm1.weight', 'visual_encoder.blocks.15.norm1.bias', 'visual_encoder.blocks.15.attn.q_bias', 'visual_encoder.blocks.15.attn.v_bias', 'visual_encoder.blocks.15.attn.qkv.weight', 'visual_encoder.blocks.15.attn.proj.weight', 'visual_encoder.blocks.15.attn.proj.bias', 'visual_encoder.blocks.15.norm2.weight', 'visual_encoder.blocks.15.norm2.bias', 'visual_encoder.blocks.15.mlp.fc1.weight', 'visual_encoder.blocks.15.mlp.fc1.bias', 'visual_encoder.blocks.15.mlp.fc2.weight', 'visual_encoder.blocks.15.mlp.fc2.bias', 'visual_encoder.blocks.16.norm1.weight', 'visual_encoder.blocks.16.norm1.bias', 'visual_encoder.blocks.16.attn.q_bias', 'visual_encoder.blocks.16.attn.v_bias', 'visual_encoder.blocks.16.attn.qkv.weight', 'visual_encoder.blocks.16.attn.proj.weight', 'visual_encoder.blocks.16.attn.proj.bias', 'visual_encoder.blocks.16.norm2.weight', 'visual_encoder.blocks.16.norm2.bias', 'visual_encoder.blocks.16.mlp.fc1.weight', 'visual_encoder.blocks.16.mlp.fc1.bias', 'visual_encoder.blocks.16.mlp.fc2.weight', 'visual_encoder.blocks.16.mlp.fc2.bias', 'visual_encoder.blocks.17.norm1.weight', 'visual_encoder.blocks.17.norm1.bias', 'visual_encoder.blocks.17.attn.q_bias', 'visual_encoder.blocks.17.attn.v_bias', 'visual_encoder.blocks.17.attn.qkv.weight', 'visual_encoder.blocks.17.attn.proj.weight', 'visual_encoder.blocks.17.attn.proj.bias', 'visual_encoder.blocks.17.norm2.weight', 'visual_encoder.blocks.17.norm2.bias', 'visual_encoder.blocks.17.mlp.fc1.weight', 'visual_encoder.blocks.17.mlp.fc1.bias', 'visual_encoder.blocks.17.mlp.fc2.weight', 'visual_encoder.blocks.17.mlp.fc2.bias', 'visual_encoder.blocks.18.norm1.weight', 'visual_encoder.blocks.18.norm1.bias', 'visual_encoder.blocks.18.attn.q_bias', 'visual_encoder.blocks.18.attn.v_bias', 'visual_encoder.blocks.18.attn.qkv.weight', 'visual_encoder.blocks.18.attn.proj.weight', 'visual_encoder.blocks.18.attn.proj.bias', 'visual_encoder.blocks.18.norm2.weight', 'visual_encoder.blocks.18.norm2.bias', 'visual_encoder.blocks.18.mlp.fc1.weight', 'visual_encoder.blocks.18.mlp.fc1.bias', 'visual_encoder.blocks.18.mlp.fc2.weight', 'visual_encoder.blocks.18.mlp.fc2.bias', 'visual_encoder.blocks.19.norm1.weight', 'visual_encoder.blocks.19.norm1.bias', 'visual_encoder.blocks.19.attn.q_bias', 'visual_encoder.blocks.19.attn.v_bias', 'visual_encoder.blocks.19.attn.qkv.weight', 'visual_encoder.blocks.19.attn.proj.weight', 'visual_encoder.blocks.19.attn.proj.bias', 'visual_encoder.blocks.19.norm2.weight', 'visual_encoder.blocks.19.norm2.bias', 'visual_encoder.blocks.19.mlp.fc1.weight', 'visual_encoder.blocks.19.mlp.fc1.bias', 'visual_encoder.blocks.19.mlp.fc2.weight', 'visual_encoder.blocks.19.mlp.fc2.bias', 'visual_encoder.blocks.20.norm1.weight', 'visual_encoder.blocks.20.norm1.bias', 'visual_encoder.blocks.20.attn.q_bias', 'visual_encoder.blocks.20.attn.v_bias', 'visual_encoder.blocks.20.attn.qkv.weight', 'visual_encoder.blocks.20.attn.proj.weight', 'visual_encoder.blocks.20.attn.proj.bias', 'visual_encoder.blocks.20.norm2.weight', 'visual_encoder.blocks.20.norm2.bias', 'visual_encoder.blocks.20.mlp.fc1.weight', 'visual_encoder.blocks.20.mlp.fc1.bias', 'visual_encoder.blocks.20.mlp.fc2.weight', 'visual_encoder.blocks.20.mlp.fc2.bias', 'visual_encoder.blocks.21.norm1.weight', 'visual_encoder.blocks.21.norm1.bias', 'visual_encoder.blocks.21.attn.q_bias', 'visual_encoder.blocks.21.attn.v_bias', 'visual_encoder.blocks.21.attn.qkv.weight', 'visual_encoder.blocks.21.attn.proj.weight', 'visual_encoder.blocks.21.attn.proj.bias', 'visual_encoder.blocks.21.norm2.weight', 'visual_encoder.blocks.21.norm2.bias', 'visual_encoder.blocks.21.mlp.fc1.weight', 'visual_encoder.blocks.21.mlp.fc1.bias', 'visual_encoder.blocks.21.mlp.fc2.weight', 'visual_encoder.blocks.21.mlp.fc2.bias', 'visual_encoder.blocks.22.norm1.weight', 'visual_encoder.blocks.22.norm1.bias', 'visual_encoder.blocks.22.attn.q_bias', 'visual_encoder.blocks.22.attn.v_bias', 'visual_encoder.blocks.22.attn.qkv.weight', 'visual_encoder.blocks.22.attn.proj.weight', 'visual_encoder.blocks.22.attn.proj.bias', 'visual_encoder.blocks.22.norm2.weight', 'visual_encoder.blocks.22.norm2.bias', 'visual_encoder.blocks.22.mlp.fc1.weight', 'visual_encoder.blocks.22.mlp.fc1.bias', 'visual_encoder.blocks.22.mlp.fc2.weight', 'visual_encoder.blocks.22.mlp.fc2.bias', 'visual_encoder.blocks.23.norm1.weight', 'visual_encoder.blocks.23.norm1.bias', 'visual_encoder.blocks.23.attn.q_bias', 'visual_encoder.blocks.23.attn.v_bias', 'visual_encoder.blocks.23.attn.qkv.weight', 'visual_encoder.blocks.23.attn.proj.weight', 'visual_encoder.blocks.23.attn.proj.bias', 'visual_encoder.blocks.23.norm2.weight', 'visual_encoder.blocks.23.norm2.bias', 'visual_encoder.blocks.23.mlp.fc1.weight', 'visual_encoder.blocks.23.mlp.fc1.bias', 'visual_encoder.blocks.23.mlp.fc2.weight', 'visual_encoder.blocks.23.mlp.fc2.bias', 'visual_encoder.blocks.24.norm1.weight', 'visual_encoder.blocks.24.norm1.bias', 'visual_encoder.blocks.24.attn.q_bias', 'visual_encoder.blocks.24.attn.v_bias', 'visual_encoder.blocks.24.attn.qkv.weight', 'visual_encoder.blocks.24.attn.proj.weight', 'visual_encoder.blocks.24.attn.proj.bias', 'visual_encoder.blocks.24.norm2.weight', 'visual_encoder.blocks.24.norm2.bias', 'visual_encoder.blocks.24.mlp.fc1.weight', 'visual_encoder.blocks.24.mlp.fc1.bias', 'visual_encoder.blocks.24.mlp.fc2.weight', 'visual_encoder.blocks.24.mlp.fc2.bias', 'visual_encoder.blocks.25.norm1.weight', 'visual_encoder.blocks.25.norm1.bias', 'visual_encoder.blocks.25.attn.q_bias', 'visual_encoder.blocks.25.attn.v_bias', 'visual_encoder.blocks.25.attn.qkv.weight', 'visual_encoder.blocks.25.attn.proj.weight', 'visual_encoder.blocks.25.attn.proj.bias', 'visual_encoder.blocks.25.norm2.weight', 'visual_encoder.blocks.25.norm2.bias', 'visual_encoder.blocks.25.mlp.fc1.weight', 'visual_encoder.blocks.25.mlp.fc1.bias', 'visual_encoder.blocks.25.mlp.fc2.weight', 'visual_encoder.blocks.25.mlp.fc2.bias', 'visual_encoder.blocks.26.norm1.weight', 'visual_encoder.blocks.26.norm1.bias', 'visual_encoder.blocks.26.attn.q_bias', 'visual_encoder.blocks.26.attn.v_bias', 'visual_encoder.blocks.26.attn.qkv.weight', 'visual_encoder.blocks.26.attn.proj.weight', 'visual_encoder.blocks.26.attn.proj.bias', 'visual_encoder.blocks.26.norm2.weight', 'visual_encoder.blocks.26.norm2.bias', 'visual_encoder.blocks.26.mlp.fc1.weight', 'visual_encoder.blocks.26.mlp.fc1.bias', 'visual_encoder.blocks.26.mlp.fc2.weight', 'visual_encoder.blocks.26.mlp.fc2.bias', 'visual_encoder.blocks.27.norm1.weight', 'visual_encoder.blocks.27.norm1.bias', 'visual_encoder.blocks.27.attn.q_bias', 'visual_encoder.blocks.27.attn.v_bias', 'visual_encoder.blocks.27.attn.qkv.weight', 'visual_encoder.blocks.27.attn.proj.weight', 'visual_encoder.blocks.27.attn.proj.bias', 'visual_encoder.blocks.27.norm2.weight', 'visual_encoder.blocks.27.norm2.bias', 'visual_encoder.blocks.27.mlp.fc1.weight', 'visual_encoder.blocks.27.mlp.fc1.bias', 'visual_encoder.blocks.27.mlp.fc2.weight', 'visual_encoder.blocks.27.mlp.fc2.bias', 'visual_encoder.blocks.28.norm1.weight', 'visual_encoder.blocks.28.norm1.bias', 'visual_encoder.blocks.28.attn.q_bias', 'visual_encoder.blocks.28.attn.v_bias', 'visual_encoder.blocks.28.attn.qkv.weight', 'visual_encoder.blocks.28.attn.proj.weight', 'visual_encoder.blocks.28.attn.proj.bias', 'visual_encoder.blocks.28.norm2.weight', 'visual_encoder.blocks.28.norm2.bias', 'visual_encoder.blocks.28.mlp.fc1.weight', 'visual_encoder.blocks.28.mlp.fc1.bias', 'visual_encoder.blocks.28.mlp.fc2.weight', 'visual_encoder.blocks.28.mlp.fc2.bias', 'visual_encoder.blocks.29.norm1.weight', 'visual_encoder.blocks.29.norm1.bias', 'visual_encoder.blocks.29.attn.q_bias', 'visual_encoder.blocks.29.attn.v_bias', 'visual_encoder.blocks.29.attn.qkv.weight', 'visual_encoder.blocks.29.attn.proj.weight', 'visual_encoder.blocks.29.attn.proj.bias', 'visual_encoder.blocks.29.norm2.weight', 'visual_encoder.blocks.29.norm2.bias', 'visual_encoder.blocks.29.mlp.fc1.weight', 'visual_encoder.blocks.29.mlp.fc1.bias', 'visual_encoder.blocks.29.mlp.fc2.weight', 'visual_encoder.blocks.29.mlp.fc2.bias', 'visual_encoder.blocks.30.norm1.weight', 'visual_encoder.blocks.30.norm1.bias', 'visual_encoder.blocks.30.attn.q_bias', 'visual_encoder.blocks.30.attn.v_bias', 'visual_encoder.blocks.30.attn.qkv.weight', 'visual_encoder.blocks.30.attn.proj.weight', 'visual_encoder.blocks.30.attn.proj.bias', 'visual_encoder.blocks.30.norm2.weight', 'visual_encoder.blocks.30.norm2.bias', 'visual_encoder.blocks.30.mlp.fc1.weight', 'visual_encoder.blocks.30.mlp.fc1.bias', 'visual_encoder.blocks.30.mlp.fc2.weight', 'visual_encoder.blocks.30.mlp.fc2.bias', 'visual_encoder.blocks.31.norm1.weight', 'visual_encoder.blocks.31.norm1.bias', 'visual_encoder.blocks.31.attn.q_bias', 'visual_encoder.blocks.31.attn.v_bias', 'visual_encoder.blocks.31.attn.qkv.weight', 'visual_encoder.blocks.31.attn.proj.weight', 'visual_encoder.blocks.31.attn.proj.bias', 'visual_encoder.blocks.31.norm2.weight', 'visual_encoder.blocks.31.norm2.bias', 'visual_encoder.blocks.31.mlp.fc1.weight', 'visual_encoder.blocks.31.mlp.fc1.bias', 'visual_encoder.blocks.31.mlp.fc2.weight', 'visual_encoder.blocks.31.mlp.fc2.bias', 'visual_encoder.blocks.32.norm1.weight', 'visual_encoder.blocks.32.norm1.bias', 'visual_encoder.blocks.32.attn.q_bias', 'visual_encoder.blocks.32.attn.v_bias', 'visual_encoder.blocks.32.attn.qkv.weight', 'visual_encoder.blocks.32.attn.proj.weight', 'visual_encoder.blocks.32.attn.proj.bias', 'visual_encoder.blocks.32.norm2.weight', 'visual_encoder.blocks.32.norm2.bias', 'visual_encoder.blocks.32.mlp.fc1.weight', 'visual_encoder.blocks.32.mlp.fc1.bias', 'visual_encoder.blocks.32.mlp.fc2.weight', 'visual_encoder.blocks.32.mlp.fc2.bias', 'visual_encoder.blocks.33.norm1.weight', 'visual_encoder.blocks.33.norm1.bias', 'visual_encoder.blocks.33.attn.q_bias', 'visual_encoder.blocks.33.attn.v_bias', 'visual_encoder.blocks.33.attn.qkv.weight', 'visual_encoder.blocks.33.attn.proj.weight', 'visual_encoder.blocks.33.attn.proj.bias', 'visual_encoder.blocks.33.norm2.weight', 'visual_encoder.blocks.33.norm2.bias', 'visual_encoder.blocks.33.mlp.fc1.weight', 'visual_encoder.blocks.33.mlp.fc1.bias', 'visual_encoder.blocks.33.mlp.fc2.weight', 'visual_encoder.blocks.33.mlp.fc2.bias', 'visual_encoder.blocks.34.norm1.weight', 'visual_encoder.blocks.34.norm1.bias', 'visual_encoder.blocks.34.attn.q_bias', 'visual_encoder.blocks.34.attn.v_bias', 'visual_encoder.blocks.34.attn.qkv.weight', 'visual_encoder.blocks.34.attn.proj.weight', 'visual_encoder.blocks.34.attn.proj.bias', 'visual_encoder.blocks.34.norm2.weight', 'visual_encoder.blocks.34.norm2.bias', 'visual_encoder.blocks.34.mlp.fc1.weight', 'visual_encoder.blocks.34.mlp.fc1.bias', 'visual_encoder.blocks.34.mlp.fc2.weight', 'visual_encoder.blocks.34.mlp.fc2.bias', 'visual_encoder.blocks.35.norm1.weight', 'visual_encoder.blocks.35.norm1.bias', 'visual_encoder.blocks.35.attn.q_bias', 'visual_encoder.blocks.35.attn.v_bias', 'visual_encoder.blocks.35.attn.qkv.weight', 'visual_encoder.blocks.35.attn.proj.weight', 'visual_encoder.blocks.35.attn.proj.bias', 'visual_encoder.blocks.35.norm2.weight', 'visual_encoder.blocks.35.norm2.bias', 'visual_encoder.blocks.35.mlp.fc1.weight', 'visual_encoder.blocks.35.mlp.fc1.bias', 'visual_encoder.blocks.35.mlp.fc2.weight', 'visual_encoder.blocks.35.mlp.fc2.bias', 'visual_encoder.blocks.36.norm1.weight', 'visual_encoder.blocks.36.norm1.bias', 'visual_encoder.blocks.36.attn.q_bias', 'visual_encoder.blocks.36.attn.v_bias', 'visual_encoder.blocks.36.attn.qkv.weight', 'visual_encoder.blocks.36.attn.proj.weight', 'visual_encoder.blocks.36.attn.proj.bias', 'visual_encoder.blocks.36.norm2.weight', 'visual_encoder.blocks.36.norm2.bias', 'visual_encoder.blocks.36.mlp.fc1.weight', 'visual_encoder.blocks.36.mlp.fc1.bias', 'visual_encoder.blocks.36.mlp.fc2.weight', 'visual_encoder.blocks.36.mlp.fc2.bias', 'visual_encoder.blocks.37.norm1.weight', 'visual_encoder.blocks.37.norm1.bias', 'visual_encoder.blocks.37.attn.q_bias', 'visual_encoder.blocks.37.attn.v_bias', 'visual_encoder.blocks.37.attn.qkv.weight', 'visual_encoder.blocks.37.attn.proj.weight', 'visual_encoder.blocks.37.attn.proj.bias', 'visual_encoder.blocks.37.norm2.weight', 'visual_encoder.blocks.37.norm2.bias', 'visual_encoder.blocks.37.mlp.fc1.weight', 'visual_encoder.blocks.37.mlp.fc1.bias', 'visual_encoder.blocks.37.mlp.fc2.weight', 'visual_encoder.blocks.37.mlp.fc2.bias', 'visual_encoder.blocks.38.norm1.weight', 'visual_encoder.blocks.38.norm1.bias', 'visual_encoder.blocks.38.attn.q_bias', 'visual_encoder.blocks.38.attn.v_bias', 'visual_encoder.blocks.38.attn.qkv.weight', 'visual_encoder.blocks.38.attn.proj.weight', 'visual_encoder.blocks.38.attn.proj.bias', 'visual_encoder.blocks.38.norm2.weight', 'visual_encoder.blocks.38.norm2.bias', 'visual_encoder.blocks.38.mlp.fc1.weight', 'visual_encoder.blocks.38.mlp.fc1.bias', 'visual_encoder.blocks.38.mlp.fc2.weight', 'visual_encoder.blocks.38.mlp.fc2.bias', 't5_model.shared.weight', 't5_model.encoder.embed_tokens.weight', 't5_model.encoder.block.0.layer.0.SelfAttention.q.weight', 't5_model.encoder.block.0.layer.0.SelfAttention.k.weight', 't5_model.encoder.block.0.layer.0.SelfAttention.v.weight', 't5_model.encoder.block.0.layer.0.SelfAttention.o.weight', 't5_model.encoder.block.0.layer.0.SelfAttention.relative_attention_bias.weight', 't5_model.encoder.block.0.layer.0.layer_norm.weight', 't5_model.encoder.block.0.layer.1.DenseReluDense.wi_0.weight', 't5_model.encoder.block.0.layer.1.DenseReluDense.wi_1.weight', 't5_model.encoder.block.0.layer.1.DenseReluDense.wo.weight', 't5_model.encoder.block.0.layer.1.layer_norm.weight', 't5_model.encoder.block.1.layer.0.SelfAttention.q.weight', 't5_model.encoder.block.1.layer.0.SelfAttention.k.weight', 't5_model.encoder.block.1.layer.0.SelfAttention.v.weight', 't5_model.encoder.block.1.layer.0.SelfAttention.o.weight', 't5_model.encoder.block.1.layer.0.layer_norm.weight', 't5_model.encoder.block.1.layer.1.DenseReluDense.wi_0.weight', 't5_model.encoder.block.1.layer.1.DenseReluDense.wi_1.weight', 't5_model.encoder.block.1.layer.1.DenseReluDense.wo.weight', 't5_model.encoder.block.1.layer.1.layer_norm.weight', 't5_model.encoder.block.2.layer.0.SelfAttention.q.weight', 't5_model.encoder.block.2.layer.0.SelfAttention.k.weight', 't5_model.encoder.block.2.layer.0.SelfAttention.v.weight', 't5_model.encoder.block.2.layer.0.SelfAttention.o.weight', 't5_model.encoder.block.2.layer.0.layer_norm.weight', 't5_model.encoder.block.2.layer.1.DenseReluDense.wi_0.weight', 't5_model.encoder.block.2.layer.1.DenseReluDense.wi_1.weight', 't5_model.encoder.block.2.layer.1.DenseReluDense.wo.weight', 't5_model.encoder.block.2.layer.1.layer_norm.weight', 't5_model.encoder.block.3.layer.0.SelfAttention.q.weight', 't5_model.encoder.block.3.layer.0.SelfAttention.k.weight', 't5_model.encoder.block.3.layer.0.SelfAttention.v.weight', 't5_model.encoder.block.3.layer.0.SelfAttention.o.weight', 't5_model.encoder.block.3.layer.0.layer_norm.weight', 't5_model.encoder.block.3.layer.1.DenseReluDense.wi_0.weight', 't5_model.encoder.block.3.layer.1.DenseReluDense.wi_1.weight', 't5_model.encoder.block.3.layer.1.DenseReluDense.wo.weight', 't5_model.encoder.block.3.layer.1.layer_norm.weight', 't5_model.encoder.block.4.layer.0.SelfAttention.q.weight', 't5_model.encoder.block.4.layer.0.SelfAttention.k.weight', 't5_model.encoder.block.4.layer.0.SelfAttention.v.weight', 't5_model.encoder.block.4.layer.0.SelfAttention.o.weight', 't5_model.encoder.block.4.layer.0.layer_norm.weight', 't5_model.encoder.block.4.layer.1.DenseReluDense.wi_0.weight', 't5_model.encoder.block.4.layer.1.DenseReluDense.wi_1.weight', 't5_model.encoder.block.4.layer.1.DenseReluDense.wo.weight', 't5_model.encoder.block.4.layer.1.layer_norm.weight', 't5_model.encoder.block.5.layer.0.SelfAttention.q.weight', 't5_model.encoder.block.5.layer.0.SelfAttention.k.weight', 't5_model.encoder.block.5.layer.0.SelfAttention.v.weight', 't5_model.encoder.block.5.layer.0.SelfAttention.o.weight', 't5_model.encoder.block.5.layer.0.layer_norm.weight', 't5_model.encoder.block.5.layer.1.DenseReluDense.wi_0.weight', 't5_model.encoder.block.5.layer.1.DenseReluDense.wi_1.weight', 't5_model.encoder.block.5.layer.1.DenseReluDense.wo.weight', 't5_model.encoder.block.5.layer.1.layer_norm.weight', 't5_model.encoder.block.6.layer.0.SelfAttention.q.weight', 't5_model.encoder.block.6.layer.0.SelfAttention.k.weight', 't5_model.encoder.block.6.layer.0.SelfAttention.v.weight', 't5_model.encoder.block.6.layer.0.SelfAttention.o.weight', 't5_model.encoder.block.6.layer.0.layer_norm.weight', 't5_model.encoder.block.6.layer.1.DenseReluDense.wi_0.weight', 't5_model.encoder.block.6.layer.1.DenseReluDense.wi_1.weight', 't5_model.encoder.block.6.layer.1.DenseReluDense.wo.weight', 't5_model.encoder.block.6.layer.1.layer_norm.weight', 't5_model.encoder.block.7.layer.0.SelfAttention.q.weight', 't5_model.encoder.block.7.layer.0.SelfAttention.k.weight', 't5_model.encoder.block.7.layer.0.SelfAttention.v.weight', 't5_model.encoder.block.7.layer.0.SelfAttention.o.weight', 't5_model.encoder.block.7.layer.0.layer_norm.weight', 't5_model.encoder.block.7.layer.1.DenseReluDense.wi_0.weight', 't5_model.encoder.block.7.layer.1.DenseReluDense.wi_1.weight', 't5_model.encoder.block.7.layer.1.DenseReluDense.wo.weight', 't5_model.encoder.block.7.layer.1.layer_norm.weight', 't5_model.encoder.block.8.layer.0.SelfAttention.q.weight', 't5_model.encoder.block.8.layer.0.SelfAttention.k.weight', 't5_model.encoder.block.8.layer.0.SelfAttention.v.weight', 't5_model.encoder.block.8.layer.0.SelfAttention.o.weight', 't5_model.encoder.block.8.layer.0.layer_norm.weight', 't5_model.encoder.block.8.layer.1.DenseReluDense.wi_0.weight', 't5_model.encoder.block.8.layer.1.DenseReluDense.wi_1.weight', 't5_model.encoder.block.8.layer.1.DenseReluDense.wo.weight', 't5_model.encoder.block.8.layer.1.layer_norm.weight', 't5_model.encoder.block.9.layer.0.SelfAttention.q.weight', 't5_model.encoder.block.9.layer.0.SelfAttention.k.weight', 't5_model.encoder.block.9.layer.0.SelfAttention.v.weight', 't5_model.encoder.block.9.layer.0.SelfAttention.o.weight', 't5_model.encoder.block.9.layer.0.layer_norm.weight', 't5_model.encoder.block.9.layer.1.DenseReluDense.wi_0.weight', 't5_model.encoder.block.9.layer.1.DenseReluDense.wi_1.weight', 't5_model.encoder.block.9.layer.1.DenseReluDense.wo.weight', 't5_model.encoder.block.9.layer.1.layer_norm.weight', 't5_model.encoder.block.10.layer.0.SelfAttention.q.weight', 't5_model.encoder.block.10.layer.0.SelfAttention.k.weight', 't5_model.encoder.block.10.layer.0.SelfAttention.v.weight', 't5_model.encoder.block.10.layer.0.SelfAttention.o.weight', 't5_model.encoder.block.10.layer.0.layer_norm.weight', 't5_model.encoder.block.10.layer.1.DenseReluDense.wi_0.weight', 't5_model.encoder.block.10.layer.1.DenseReluDense.wi_1.weight', 't5_model.encoder.block.10.layer.1.DenseReluDense.wo.weight', 't5_model.encoder.block.10.layer.1.layer_norm.weight', 't5_model.encoder.block.11.layer.0.SelfAttention.q.weight', 't5_model.encoder.block.11.layer.0.SelfAttention.k.weight', 't5_model.encoder.block.11.layer.0.SelfAttention.v.weight', 't5_model.encoder.block.11.layer.0.SelfAttention.o.weight', 't5_model.encoder.block.11.layer.0.layer_norm.weight', 't5_model.encoder.block.11.layer.1.DenseReluDense.wi_0.weight', 't5_model.encoder.block.11.layer.1.DenseReluDense.wi_1.weight', 't5_model.encoder.block.11.layer.1.DenseReluDense.wo.weight', 't5_model.encoder.block.11.layer.1.layer_norm.weight', 't5_model.encoder.block.12.layer.0.SelfAttention.q.weight', 't5_model.encoder.block.12.layer.0.SelfAttention.k.weight', 't5_model.encoder.block.12.layer.0.SelfAttention.v.weight', 't5_model.encoder.block.12.layer.0.SelfAttention.o.weight', 't5_model.encoder.block.12.layer.0.layer_norm.weight', 't5_model.encoder.block.12.layer.1.DenseReluDense.wi_0.weight', 't5_model.encoder.block.12.layer.1.DenseReluDense.wi_1.weight', 't5_model.encoder.block.12.layer.1.DenseReluDense.wo.weight', 't5_model.encoder.block.12.layer.1.layer_norm.weight', 't5_model.encoder.block.13.layer.0.SelfAttention.q.weight', 't5_model.encoder.block.13.layer.0.SelfAttention.k.weight', 't5_model.encoder.block.13.layer.0.SelfAttention.v.weight', 't5_model.encoder.block.13.layer.0.SelfAttention.o.weight', 't5_model.encoder.block.13.layer.0.layer_norm.weight', 't5_model.encoder.block.13.layer.1.DenseReluDense.wi_0.weight', 't5_model.encoder.block.13.layer.1.DenseReluDense.wi_1.weight', 't5_model.encoder.block.13.layer.1.DenseReluDense.wo.weight', 't5_model.encoder.block.13.layer.1.layer_norm.weight', 't5_model.encoder.block.14.layer.0.SelfAttention.q.weight', 't5_model.encoder.block.14.layer.0.SelfAttention.k.weight', 't5_model.encoder.block.14.layer.0.SelfAttention.v.weight', 't5_model.encoder.block.14.layer.0.SelfAttention.o.weight', 't5_model.encoder.block.14.layer.0.layer_norm.weight', 't5_model.encoder.block.14.layer.1.DenseReluDense.wi_0.weight', 't5_model.encoder.block.14.layer.1.DenseReluDense.wi_1.weight', 't5_model.encoder.block.14.layer.1.DenseReluDense.wo.weight', 't5_model.encoder.block.14.layer.1.layer_norm.weight', 't5_model.encoder.block.15.layer.0.SelfAttention.q.weight', 't5_model.encoder.block.15.layer.0.SelfAttention.k.weight', 't5_model.encoder.block.15.layer.0.SelfAttention.v.weight', 't5_model.encoder.block.15.layer.0.SelfAttention.o.weight', 't5_model.encoder.block.15.layer.0.layer_norm.weight', 't5_model.encoder.block.15.layer.1.DenseReluDense.wi_0.weight', 't5_model.encoder.block.15.layer.1.DenseReluDense.wi_1.weight', 't5_model.encoder.block.15.layer.1.DenseReluDense.wo.weight', 't5_model.encoder.block.15.layer.1.layer_norm.weight', 't5_model.encoder.block.16.layer.0.SelfAttention.q.weight', 't5_model.encoder.block.16.layer.0.SelfAttention.k.weight', 't5_model.encoder.block.16.layer.0.SelfAttention.v.weight', 't5_model.encoder.block.16.layer.0.SelfAttention.o.weight', 't5_model.encoder.block.16.layer.0.layer_norm.weight', 't5_model.encoder.block.16.layer.1.DenseReluDense.wi_0.weight', 't5_model.encoder.block.16.layer.1.DenseReluDense.wi_1.weight', 't5_model.encoder.block.16.layer.1.DenseReluDense.wo.weight', 't5_model.encoder.block.16.layer.1.layer_norm.weight', 't5_model.encoder.block.17.layer.0.SelfAttention.q.weight', 't5_model.encoder.block.17.layer.0.SelfAttention.k.weight', 't5_model.encoder.block.17.layer.0.SelfAttention.v.weight', 't5_model.encoder.block.17.layer.0.SelfAttention.o.weight', 't5_model.encoder.block.17.layer.0.layer_norm.weight', 't5_model.encoder.block.17.layer.1.DenseReluDense.wi_0.weight', 't5_model.encoder.block.17.layer.1.DenseReluDense.wi_1.weight', 't5_model.encoder.block.17.layer.1.DenseReluDense.wo.weight', 't5_model.encoder.block.17.layer.1.layer_norm.weight', 't5_model.encoder.block.18.layer.0.SelfAttention.q.weight', 't5_model.encoder.block.18.layer.0.SelfAttention.k.weight', 't5_model.encoder.block.18.layer.0.SelfAttention.v.weight', 't5_model.encoder.block.18.layer.0.SelfAttention.o.weight', 't5_model.encoder.block.18.layer.0.layer_norm.weight', 't5_model.encoder.block.18.layer.1.DenseReluDense.wi_0.weight', 't5_model.encoder.block.18.layer.1.DenseReluDense.wi_1.weight', 't5_model.encoder.block.18.layer.1.DenseReluDense.wo.weight', 't5_model.encoder.block.18.layer.1.layer_norm.weight', 't5_model.encoder.block.19.layer.0.SelfAttention.q.weight', 't5_model.encoder.block.19.layer.0.SelfAttention.k.weight', 't5_model.encoder.block.19.layer.0.SelfAttention.v.weight', 't5_model.encoder.block.19.layer.0.SelfAttention.o.weight', 't5_model.encoder.block.19.layer.0.layer_norm.weight', 't5_model.encoder.block.19.layer.1.DenseReluDense.wi_0.weight', 't5_model.encoder.block.19.layer.1.DenseReluDense.wi_1.weight', 't5_model.encoder.block.19.layer.1.DenseReluDense.wo.weight', 't5_model.encoder.block.19.layer.1.layer_norm.weight', 't5_model.encoder.block.20.layer.0.SelfAttention.q.weight', 't5_model.encoder.block.20.layer.0.SelfAttention.k.weight', 't5_model.encoder.block.20.layer.0.SelfAttention.v.weight', 't5_model.encoder.block.20.layer.0.SelfAttention.o.weight', 't5_model.encoder.block.20.layer.0.layer_norm.weight', 't5_model.encoder.block.20.layer.1.DenseReluDense.wi_0.weight', 't5_model.encoder.block.20.layer.1.DenseReluDense.wi_1.weight', 't5_model.encoder.block.20.layer.1.DenseReluDense.wo.weight', 't5_model.encoder.block.20.layer.1.layer_norm.weight', 't5_model.encoder.block.21.layer.0.SelfAttention.q.weight', 't5_model.encoder.block.21.layer.0.SelfAttention.k.weight', 't5_model.encoder.block.21.layer.0.SelfAttention.v.weight', 't5_model.encoder.block.21.layer.0.SelfAttention.o.weight', 't5_model.encoder.block.21.layer.0.layer_norm.weight', 't5_model.encoder.block.21.layer.1.DenseReluDense.wi_0.weight', 't5_model.encoder.block.21.layer.1.DenseReluDense.wi_1.weight', 't5_model.encoder.block.21.layer.1.DenseReluDense.wo.weight', 't5_model.encoder.block.21.layer.1.layer_norm.weight', 't5_model.encoder.block.22.layer.0.SelfAttention.q.weight', 't5_model.encoder.block.22.layer.0.SelfAttention.k.weight', 't5_model.encoder.block.22.layer.0.SelfAttention.v.weight', 't5_model.encoder.block.22.layer.0.SelfAttention.o.weight', 't5_model.encoder.block.22.layer.0.layer_norm.weight', 't5_model.encoder.block.22.layer.1.DenseReluDense.wi_0.weight', 't5_model.encoder.block.22.layer.1.DenseReluDense.wi_1.weight', 't5_model.encoder.block.22.layer.1.DenseReluDense.wo.weight', 't5_model.encoder.block.22.layer.1.layer_norm.weight', 't5_model.encoder.block.23.layer.0.SelfAttention.q.weight', 't5_model.encoder.block.23.layer.0.SelfAttention.k.weight', 't5_model.encoder.block.23.layer.0.SelfAttention.v.weight', 't5_model.encoder.block.23.layer.0.SelfAttention.o.weight', 't5_model.encoder.block.23.layer.0.layer_norm.weight', 't5_model.encoder.block.23.layer.1.DenseReluDense.wi_0.weight', 't5_model.encoder.block.23.layer.1.DenseReluDense.wi_1.weight', 't5_model.encoder.block.23.layer.1.DenseReluDense.wo.weight', 't5_model.encoder.block.23.layer.1.layer_norm.weight', 't5_model.encoder.final_layer_norm.weight', 't5_model.decoder.embed_tokens.weight', 't5_model.decoder.block.0.layer.0.SelfAttention.q.weight', 't5_model.decoder.block.0.layer.0.SelfAttention.k.weight', 't5_model.decoder.block.0.layer.0.SelfAttention.v.weight', 't5_model.decoder.block.0.layer.0.SelfAttention.o.weight', 't5_model.decoder.block.0.layer.0.SelfAttention.relative_attention_bias.weight', 't5_model.decoder.block.0.layer.0.layer_norm.weight', 't5_model.decoder.block.0.layer.1.EncDecAttention.q.weight', 't5_model.decoder.block.0.layer.1.EncDecAttention.k.weight', 't5_model.decoder.block.0.layer.1.EncDecAttention.v.weight', 't5_model.decoder.block.0.layer.1.EncDecAttention.o.weight', 't5_model.decoder.block.0.layer.1.layer_norm.weight', 't5_model.decoder.block.0.layer.2.DenseReluDense.wi_0.weight', 't5_model.decoder.block.0.layer.2.DenseReluDense.wi_1.weight', 't5_model.decoder.block.0.layer.2.DenseReluDense.wo.weight', 't5_model.decoder.block.0.layer.2.layer_norm.weight', 't5_model.decoder.block.1.layer.0.SelfAttention.q.weight', 't5_model.decoder.block.1.layer.0.SelfAttention.k.weight', 't5_model.decoder.block.1.layer.0.SelfAttention.v.weight', 't5_model.decoder.block.1.layer.0.SelfAttention.o.weight', 't5_model.decoder.block.1.layer.0.layer_norm.weight', 't5_model.decoder.block.1.layer.1.EncDecAttention.q.weight', 't5_model.decoder.block.1.layer.1.EncDecAttention.k.weight', 't5_model.decoder.block.1.layer.1.EncDecAttention.v.weight', 't5_model.decoder.block.1.layer.1.EncDecAttention.o.weight', 't5_model.decoder.block.1.layer.1.layer_norm.weight', 't5_model.decoder.block.1.layer.2.DenseReluDense.wi_0.weight', 't5_model.decoder.block.1.layer.2.DenseReluDense.wi_1.weight', 't5_model.decoder.block.1.layer.2.DenseReluDense.wo.weight', 't5_model.decoder.block.1.layer.2.layer_norm.weight', 't5_model.decoder.block.2.layer.0.SelfAttention.q.weight', 't5_model.decoder.block.2.layer.0.SelfAttention.k.weight', 't5_model.decoder.block.2.layer.0.SelfAttention.v.weight', 't5_model.decoder.block.2.layer.0.SelfAttention.o.weight', 't5_model.decoder.block.2.layer.0.layer_norm.weight', 't5_model.decoder.block.2.layer.1.EncDecAttention.q.weight', 't5_model.decoder.block.2.layer.1.EncDecAttention.k.weight', 't5_model.decoder.block.2.layer.1.EncDecAttention.v.weight', 't5_model.decoder.block.2.layer.1.EncDecAttention.o.weight', 't5_model.decoder.block.2.layer.1.layer_norm.weight', 't5_model.decoder.block.2.layer.2.DenseReluDense.wi_0.weight', 't5_model.decoder.block.2.layer.2.DenseReluDense.wi_1.weight', 't5_model.decoder.block.2.layer.2.DenseReluDense.wo.weight', 't5_model.decoder.block.2.layer.2.layer_norm.weight', 't5_model.decoder.block.3.layer.0.SelfAttention.q.weight', 't5_model.decoder.block.3.layer.0.SelfAttention.k.weight', 't5_model.decoder.block.3.layer.0.SelfAttention.v.weight', 't5_model.decoder.block.3.layer.0.SelfAttention.o.weight', 't5_model.decoder.block.3.layer.0.layer_norm.weight', 't5_model.decoder.block.3.layer.1.EncDecAttention.q.weight', 't5_model.decoder.block.3.layer.1.EncDecAttention.k.weight', 't5_model.decoder.block.3.layer.1.EncDecAttention.v.weight', 't5_model.decoder.block.3.layer.1.EncDecAttention.o.weight', 't5_model.decoder.block.3.layer.1.layer_norm.weight', 't5_model.decoder.block.3.layer.2.DenseReluDense.wi_0.weight', 't5_model.decoder.block.3.layer.2.DenseReluDense.wi_1.weight', 't5_model.decoder.block.3.layer.2.DenseReluDense.wo.weight', 't5_model.decoder.block.3.layer.2.layer_norm.weight', 't5_model.decoder.block.4.layer.0.SelfAttention.q.weight', 't5_model.decoder.block.4.layer.0.SelfAttention.k.weight', 't5_model.decoder.block.4.layer.0.SelfAttention.v.weight', 't5_model.decoder.block.4.layer.0.SelfAttention.o.weight', 't5_model.decoder.block.4.layer.0.layer_norm.weight', 't5_model.decoder.block.4.layer.1.EncDecAttention.q.weight', 't5_model.decoder.block.4.layer.1.EncDecAttention.k.weight', 't5_model.decoder.block.4.layer.1.EncDecAttention.v.weight', 't5_model.decoder.block.4.layer.1.EncDecAttention.o.weight', 't5_model.decoder.block.4.layer.1.layer_norm.weight', 't5_model.decoder.block.4.layer.2.DenseReluDense.wi_0.weight', 't5_model.decoder.block.4.layer.2.DenseReluDense.wi_1.weight', 't5_model.decoder.block.4.layer.2.DenseReluDense.wo.weight', 't5_model.decoder.block.4.layer.2.layer_norm.weight', 't5_model.decoder.block.5.layer.0.SelfAttention.q.weight', 't5_model.decoder.block.5.layer.0.SelfAttention.k.weight', 't5_model.decoder.block.5.layer.0.SelfAttention.v.weight', 't5_model.decoder.block.5.layer.0.SelfAttention.o.weight', 't5_model.decoder.block.5.layer.0.layer_norm.weight', 't5_model.decoder.block.5.layer.1.EncDecAttention.q.weight', 't5_model.decoder.block.5.layer.1.EncDecAttention.k.weight', 't5_model.decoder.block.5.layer.1.EncDecAttention.v.weight', 't5_model.decoder.block.5.layer.1.EncDecAttention.o.weight', 't5_model.decoder.block.5.layer.1.layer_norm.weight', 't5_model.decoder.block.5.layer.2.DenseReluDense.wi_0.weight', 't5_model.decoder.block.5.layer.2.DenseReluDense.wi_1.weight', 't5_model.decoder.block.5.layer.2.DenseReluDense.wo.weight', 't5_model.decoder.block.5.layer.2.layer_norm.weight', 't5_model.decoder.block.6.layer.0.SelfAttention.q.weight', 't5_model.decoder.block.6.layer.0.SelfAttention.k.weight', 't5_model.decoder.block.6.layer.0.SelfAttention.v.weight', 't5_model.decoder.block.6.layer.0.SelfAttention.o.weight', 't5_model.decoder.block.6.layer.0.layer_norm.weight', 't5_model.decoder.block.6.layer.1.EncDecAttention.q.weight', 't5_model.decoder.block.6.layer.1.EncDecAttention.k.weight', 't5_model.decoder.block.6.layer.1.EncDecAttention.v.weight', 't5_model.decoder.block.6.layer.1.EncDecAttention.o.weight', 't5_model.decoder.block.6.layer.1.layer_norm.weight', 't5_model.decoder.block.6.layer.2.DenseReluDense.wi_0.weight', 't5_model.decoder.block.6.layer.2.DenseReluDense.wi_1.weight', 't5_model.decoder.block.6.layer.2.DenseReluDense.wo.weight', 't5_model.decoder.block.6.layer.2.layer_norm.weight', 't5_model.decoder.block.7.layer.0.SelfAttention.q.weight', 't5_model.decoder.block.7.layer.0.SelfAttention.k.weight', 't5_model.decoder.block.7.layer.0.SelfAttention.v.weight', 't5_model.decoder.block.7.layer.0.SelfAttention.o.weight', 't5_model.decoder.block.7.layer.0.layer_norm.weight', 't5_model.decoder.block.7.layer.1.EncDecAttention.q.weight', 't5_model.decoder.block.7.layer.1.EncDecAttention.k.weight', 't5_model.decoder.block.7.layer.1.EncDecAttention.v.weight', 't5_model.decoder.block.7.layer.1.EncDecAttention.o.weight', 't5_model.decoder.block.7.layer.1.layer_norm.weight', 't5_model.decoder.block.7.layer.2.DenseReluDense.wi_0.weight', 't5_model.decoder.block.7.layer.2.DenseReluDense.wi_1.weight', 't5_model.decoder.block.7.layer.2.DenseReluDense.wo.weight', 't5_model.decoder.block.7.layer.2.layer_norm.weight', 't5_model.decoder.block.8.layer.0.SelfAttention.q.weight', 't5_model.decoder.block.8.layer.0.SelfAttention.k.weight', 't5_model.decoder.block.8.layer.0.SelfAttention.v.weight', 't5_model.decoder.block.8.layer.0.SelfAttention.o.weight', 't5_model.decoder.block.8.layer.0.layer_norm.weight', 't5_model.decoder.block.8.layer.1.EncDecAttention.q.weight', 't5_model.decoder.block.8.layer.1.EncDecAttention.k.weight', 't5_model.decoder.block.8.layer.1.EncDecAttention.v.weight', 't5_model.decoder.block.8.layer.1.EncDecAttention.o.weight', 't5_model.decoder.block.8.layer.1.layer_norm.weight', 't5_model.decoder.block.8.layer.2.DenseReluDense.wi_0.weight', 't5_model.decoder.block.8.layer.2.DenseReluDense.wi_1.weight', 't5_model.decoder.block.8.layer.2.DenseReluDense.wo.weight', 't5_model.decoder.block.8.layer.2.layer_norm.weight', 't5_model.decoder.block.9.layer.0.SelfAttention.q.weight', 't5_model.decoder.block.9.layer.0.SelfAttention.k.weight', 't5_model.decoder.block.9.layer.0.SelfAttention.v.weight', 't5_model.decoder.block.9.layer.0.SelfAttention.o.weight', 't5_model.decoder.block.9.layer.0.layer_norm.weight', 't5_model.decoder.block.9.layer.1.EncDecAttention.q.weight', 't5_model.decoder.block.9.layer.1.EncDecAttention.k.weight', 't5_model.decoder.block.9.layer.1.EncDecAttention.v.weight', 't5_model.decoder.block.9.layer.1.EncDecAttention.o.weight', 't5_model.decoder.block.9.layer.1.layer_norm.weight', 't5_model.decoder.block.9.layer.2.DenseReluDense.wi_0.weight', 't5_model.decoder.block.9.layer.2.DenseReluDense.wi_1.weight', 't5_model.decoder.block.9.layer.2.DenseReluDense.wo.weight', 't5_model.decoder.block.9.layer.2.layer_norm.weight', 't5_model.decoder.block.10.layer.0.SelfAttention.q.weight', 't5_model.decoder.block.10.layer.0.SelfAttention.k.weight', 't5_model.decoder.block.10.layer.0.SelfAttention.v.weight', 't5_model.decoder.block.10.layer.0.SelfAttention.o.weight', 't5_model.decoder.block.10.layer.0.layer_norm.weight', 't5_model.decoder.block.10.layer.1.EncDecAttention.q.weight', 't5_model.decoder.block.10.layer.1.EncDecAttention.k.weight', 't5_model.decoder.block.10.layer.1.EncDecAttention.v.weight', 't5_model.decoder.block.10.layer.1.EncDecAttention.o.weight', 't5_model.decoder.block.10.layer.1.layer_norm.weight', 't5_model.decoder.block.10.layer.2.DenseReluDense.wi_0.weight', 't5_model.decoder.block.10.layer.2.DenseReluDense.wi_1.weight', 't5_model.decoder.block.10.layer.2.DenseReluDense.wo.weight', 't5_model.decoder.block.10.layer.2.layer_norm.weight', 't5_model.decoder.block.11.layer.0.SelfAttention.q.weight', 't5_model.decoder.block.11.layer.0.SelfAttention.k.weight', 't5_model.decoder.block.11.layer.0.SelfAttention.v.weight', 't5_model.decoder.block.11.layer.0.SelfAttention.o.weight', 't5_model.decoder.block.11.layer.0.layer_norm.weight', 't5_model.decoder.block.11.layer.1.EncDecAttention.q.weight', 't5_model.decoder.block.11.layer.1.EncDecAttention.k.weight', 't5_model.decoder.block.11.layer.1.EncDecAttention.v.weight', 't5_model.decoder.block.11.layer.1.EncDecAttention.o.weight', 't5_model.decoder.block.11.layer.1.layer_norm.weight', 't5_model.decoder.block.11.layer.2.DenseReluDense.wi_0.weight', 't5_model.decoder.block.11.layer.2.DenseReluDense.wi_1.weight', 't5_model.decoder.block.11.layer.2.DenseReluDense.wo.weight', 't5_model.decoder.block.11.layer.2.layer_norm.weight', 't5_model.decoder.block.12.layer.0.SelfAttention.q.weight', 't5_model.decoder.block.12.layer.0.SelfAttention.k.weight', 't5_model.decoder.block.12.layer.0.SelfAttention.v.weight', 't5_model.decoder.block.12.layer.0.SelfAttention.o.weight', 't5_model.decoder.block.12.layer.0.layer_norm.weight', 't5_model.decoder.block.12.layer.1.EncDecAttention.q.weight', 't5_model.decoder.block.12.layer.1.EncDecAttention.k.weight', 't5_model.decoder.block.12.layer.1.EncDecAttention.v.weight', 't5_model.decoder.block.12.layer.1.EncDecAttention.o.weight', 't5_model.decoder.block.12.layer.1.layer_norm.weight', 't5_model.decoder.block.12.layer.2.DenseReluDense.wi_0.weight', 't5_model.decoder.block.12.layer.2.DenseReluDense.wi_1.weight', 't5_model.decoder.block.12.layer.2.DenseReluDense.wo.weight', 't5_model.decoder.block.12.layer.2.layer_norm.weight', 't5_model.decoder.block.13.layer.0.SelfAttention.q.weight', 't5_model.decoder.block.13.layer.0.SelfAttention.k.weight', 't5_model.decoder.block.13.layer.0.SelfAttention.v.weight', 't5_model.decoder.block.13.layer.0.SelfAttention.o.weight', 't5_model.decoder.block.13.layer.0.layer_norm.weight', 't5_model.decoder.block.13.layer.1.EncDecAttention.q.weight', 't5_model.decoder.block.13.layer.1.EncDecAttention.k.weight', 't5_model.decoder.block.13.layer.1.EncDecAttention.v.weight', 't5_model.decoder.block.13.layer.1.EncDecAttention.o.weight', 't5_model.decoder.block.13.layer.1.layer_norm.weight', 't5_model.decoder.block.13.layer.2.DenseReluDense.wi_0.weight', 't5_model.decoder.block.13.layer.2.DenseReluDense.wi_1.weight', 't5_model.decoder.block.13.layer.2.DenseReluDense.wo.weight', 't5_model.decoder.block.13.layer.2.layer_norm.weight', 't5_model.decoder.block.14.layer.0.SelfAttention.q.weight', 't5_model.decoder.block.14.layer.0.SelfAttention.k.weight', 't5_model.decoder.block.14.layer.0.SelfAttention.v.weight', 't5_model.decoder.block.14.layer.0.SelfAttention.o.weight', 't5_model.decoder.block.14.layer.0.layer_norm.weight', 't5_model.decoder.block.14.layer.1.EncDecAttention.q.weight', 't5_model.decoder.block.14.layer.1.EncDecAttention.k.weight', 't5_model.decoder.block.14.layer.1.EncDecAttention.v.weight', 't5_model.decoder.block.14.layer.1.EncDecAttention.o.weight', 't5_model.decoder.block.14.layer.1.layer_norm.weight', 't5_model.decoder.block.14.layer.2.DenseReluDense.wi_0.weight', 't5_model.decoder.block.14.layer.2.DenseReluDense.wi_1.weight', 't5_model.decoder.block.14.layer.2.DenseReluDense.wo.weight', 't5_model.decoder.block.14.layer.2.layer_norm.weight', 't5_model.decoder.block.15.layer.0.SelfAttention.q.weight', 't5_model.decoder.block.15.layer.0.SelfAttention.k.weight', 't5_model.decoder.block.15.layer.0.SelfAttention.v.weight', 't5_model.decoder.block.15.layer.0.SelfAttention.o.weight', 't5_model.decoder.block.15.layer.0.layer_norm.weight', 't5_model.decoder.block.15.layer.1.EncDecAttention.q.weight', 't5_model.decoder.block.15.layer.1.EncDecAttention.k.weight', 't5_model.decoder.block.15.layer.1.EncDecAttention.v.weight', 't5_model.decoder.block.15.layer.1.EncDecAttention.o.weight', 't5_model.decoder.block.15.layer.1.layer_norm.weight', 't5_model.decoder.block.15.layer.2.DenseReluDense.wi_0.weight', 't5_model.decoder.block.15.layer.2.DenseReluDense.wi_1.weight', 't5_model.decoder.block.15.layer.2.DenseReluDense.wo.weight', 't5_model.decoder.block.15.layer.2.layer_norm.weight', 't5_model.decoder.block.16.layer.0.SelfAttention.q.weight', 't5_model.decoder.block.16.layer.0.SelfAttention.k.weight', 't5_model.decoder.block.16.layer.0.SelfAttention.v.weight', 't5_model.decoder.block.16.layer.0.SelfAttention.o.weight', 't5_model.decoder.block.16.layer.0.layer_norm.weight', 't5_model.decoder.block.16.layer.1.EncDecAttention.q.weight', 't5_model.decoder.block.16.layer.1.EncDecAttention.k.weight', 't5_model.decoder.block.16.layer.1.EncDecAttention.v.weight', 't5_model.decoder.block.16.layer.1.EncDecAttention.o.weight', 't5_model.decoder.block.16.layer.1.layer_norm.weight', 't5_model.decoder.block.16.layer.2.DenseReluDense.wi_0.weight', 't5_model.decoder.block.16.layer.2.DenseReluDense.wi_1.weight', 't5_model.decoder.block.16.layer.2.DenseReluDense.wo.weight', 't5_model.decoder.block.16.layer.2.layer_norm.weight', 't5_model.decoder.block.17.layer.0.SelfAttention.q.weight', 't5_model.decoder.block.17.layer.0.SelfAttention.k.weight', 't5_model.decoder.block.17.layer.0.SelfAttention.v.weight', 't5_model.decoder.block.17.layer.0.SelfAttention.o.weight', 't5_model.decoder.block.17.layer.0.layer_norm.weight', 't5_model.decoder.block.17.layer.1.EncDecAttention.q.weight', 't5_model.decoder.block.17.layer.1.EncDecAttention.k.weight', 't5_model.decoder.block.17.layer.1.EncDecAttention.v.weight', 't5_model.decoder.block.17.layer.1.EncDecAttention.o.weight', 't5_model.decoder.block.17.layer.1.layer_norm.weight', 't5_model.decoder.block.17.layer.2.DenseReluDense.wi_0.weight', 't5_model.decoder.block.17.layer.2.DenseReluDense.wi_1.weight', 't5_model.decoder.block.17.layer.2.DenseReluDense.wo.weight', 't5_model.decoder.block.17.layer.2.layer_norm.weight', 't5_model.decoder.block.18.layer.0.SelfAttention.q.weight', 't5_model.decoder.block.18.layer.0.SelfAttention.k.weight', 't5_model.decoder.block.18.layer.0.SelfAttention.v.weight', 't5_model.decoder.block.18.layer.0.SelfAttention.o.weight', 't5_model.decoder.block.18.layer.0.layer_norm.weight', 't5_model.decoder.block.18.layer.1.EncDecAttention.q.weight', 't5_model.decoder.block.18.layer.1.EncDecAttention.k.weight', 't5_model.decoder.block.18.layer.1.EncDecAttention.v.weight', 't5_model.decoder.block.18.layer.1.EncDecAttention.o.weight', 't5_model.decoder.block.18.layer.1.layer_norm.weight', 't5_model.decoder.block.18.layer.2.DenseReluDense.wi_0.weight', 't5_model.decoder.block.18.layer.2.DenseReluDense.wi_1.weight', 't5_model.decoder.block.18.layer.2.DenseReluDense.wo.weight', 't5_model.decoder.block.18.layer.2.layer_norm.weight', 't5_model.decoder.block.19.layer.0.SelfAttention.q.weight', 't5_model.decoder.block.19.layer.0.SelfAttention.k.weight', 't5_model.decoder.block.19.layer.0.SelfAttention.v.weight', 't5_model.decoder.block.19.layer.0.SelfAttention.o.weight', 't5_model.decoder.block.19.layer.0.layer_norm.weight', 't5_model.decoder.block.19.layer.1.EncDecAttention.q.weight', 't5_model.decoder.block.19.layer.1.EncDecAttention.k.weight', 't5_model.decoder.block.19.layer.1.EncDecAttention.v.weight', 't5_model.decoder.block.19.layer.1.EncDecAttention.o.weight', 't5_model.decoder.block.19.layer.1.layer_norm.weight', 't5_model.decoder.block.19.layer.2.DenseReluDense.wi_0.weight', 't5_model.decoder.block.19.layer.2.DenseReluDense.wi_1.weight', 't5_model.decoder.block.19.layer.2.DenseReluDense.wo.weight', 't5_model.decoder.block.19.layer.2.layer_norm.weight', 't5_model.decoder.block.20.layer.0.SelfAttention.q.weight', 't5_model.decoder.block.20.layer.0.SelfAttention.k.weight', 't5_model.decoder.block.20.layer.0.SelfAttention.v.weight', 't5_model.decoder.block.20.layer.0.SelfAttention.o.weight', 't5_model.decoder.block.20.layer.0.layer_norm.weight', 't5_model.decoder.block.20.layer.1.EncDecAttention.q.weight', 't5_model.decoder.block.20.layer.1.EncDecAttention.k.weight', 't5_model.decoder.block.20.layer.1.EncDecAttention.v.weight', 't5_model.decoder.block.20.layer.1.EncDecAttention.o.weight', 't5_model.decoder.block.20.layer.1.layer_norm.weight', 't5_model.decoder.block.20.layer.2.DenseReluDense.wi_0.weight', 't5_model.decoder.block.20.layer.2.DenseReluDense.wi_1.weight', 't5_model.decoder.block.20.layer.2.DenseReluDense.wo.weight', 't5_model.decoder.block.20.layer.2.layer_norm.weight', 't5_model.decoder.block.21.layer.0.SelfAttention.q.weight', 't5_model.decoder.block.21.layer.0.SelfAttention.k.weight', 't5_model.decoder.block.21.layer.0.SelfAttention.v.weight', 't5_model.decoder.block.21.layer.0.SelfAttention.o.weight', 't5_model.decoder.block.21.layer.0.layer_norm.weight', 't5_model.decoder.block.21.layer.1.EncDecAttention.q.weight', 't5_model.decoder.block.21.layer.1.EncDecAttention.k.weight', 't5_model.decoder.block.21.layer.1.EncDecAttention.v.weight', 't5_model.decoder.block.21.layer.1.EncDecAttention.o.weight', 't5_model.decoder.block.21.layer.1.layer_norm.weight', 't5_model.decoder.block.21.layer.2.DenseReluDense.wi_0.weight', 't5_model.decoder.block.21.layer.2.DenseReluDense.wi_1.weight', 't5_model.decoder.block.21.layer.2.DenseReluDense.wo.weight', 't5_model.decoder.block.21.layer.2.layer_norm.weight', 't5_model.decoder.block.22.layer.0.SelfAttention.q.weight', 't5_model.decoder.block.22.layer.0.SelfAttention.k.weight', 't5_model.decoder.block.22.layer.0.SelfAttention.v.weight', 't5_model.decoder.block.22.layer.0.SelfAttention.o.weight', 't5_model.decoder.block.22.layer.0.layer_norm.weight', 't5_model.decoder.block.22.layer.1.EncDecAttention.q.weight', 't5_model.decoder.block.22.layer.1.EncDecAttention.k.weight', 't5_model.decoder.block.22.layer.1.EncDecAttention.v.weight', 't5_model.decoder.block.22.layer.1.EncDecAttention.o.weight', 't5_model.decoder.block.22.layer.1.layer_norm.weight', 't5_model.decoder.block.22.layer.2.DenseReluDense.wi_0.weight', 't5_model.decoder.block.22.layer.2.DenseReluDense.wi_1.weight', 't5_model.decoder.block.22.layer.2.DenseReluDense.wo.weight', 't5_model.decoder.block.22.layer.2.layer_norm.weight', 't5_model.decoder.block.23.layer.0.SelfAttention.q.weight', 't5_model.decoder.block.23.layer.0.SelfAttention.k.weight', 't5_model.decoder.block.23.layer.0.SelfAttention.v.weight', 't5_model.decoder.block.23.layer.0.SelfAttention.o.weight', 't5_model.decoder.block.23.layer.0.layer_norm.weight', 't5_model.decoder.block.23.layer.1.EncDecAttention.q.weight', 't5_model.decoder.block.23.layer.1.EncDecAttention.k.weight', 't5_model.decoder.block.23.layer.1.EncDecAttention.v.weight', 't5_model.decoder.block.23.layer.1.EncDecAttention.o.weight', 't5_model.decoder.block.23.layer.1.layer_norm.weight', 't5_model.decoder.block.23.layer.2.DenseReluDense.wi_0.weight', 't5_model.decoder.block.23.layer.2.DenseReluDense.wi_1.weight', 't5_model.decoder.block.23.layer.2.DenseReluDense.wo.weight', 't5_model.decoder.block.23.layer.2.layer_norm.weight', 't5_model.decoder.final_layer_norm.weight', 't5_model.lm_head.weight']
2023-12-18 04:49:56,591 [INFO] load checkpoint from sevila_checkpoints/sevila_pretrained.pth
2023-12-18 04:49:56,615 [INFO] Start training
2023-12-18 04:50:03,151 [INFO] dataset_ratios not specified, datasets will be concatenated (map-style datasets) or chained (webdataset.DataPipeline).
2023-12-18 04:50:03,151 [INFO] Loaded 100 records for train split from the dataset.
2023-12-18 04:50:03,152 [INFO] Loaded 100 records for val split from the dataset.
2023-12-18 04:50:03,152 [INFO] Loaded 100 records for test split from the dataset.
2023-12-18 04:50:03,223 [INFO] number of trainable parameters: 108317696
2023-12-18 04:50:03,231 [INFO] Start training epoch 0, 50 iters per inner epoch.
/home/jenas/.local/lib/python3.9/site-packages/torch/utils/checkpoint.py:31: UserWarning: None of the inputs have requires_grad=True. Gradients will be None
  warnings.warn("None of the inputs have requires_grad=True. Gradients will be None")
/home/jenas/.local/lib/python3.9/site-packages/torch/utils/checkpoint.py:31: UserWarning: None of the inputs have requires_grad=True. Gradients will be None
  warnings.warn("None of the inputs have requires_grad=True. Gradients will be None")
/home/jenas/.local/lib/python3.9/site-packages/transformers/generation/configuration_utils.py:367: UserWarning: `do_sample` is set to `False`. However, `top_p` is set to `0.9` -- this flag is only used in sample-based generation modes. You should set `do_sample=True` or unset `top_p`.
  warnings.warn(
/home/jenas/.local/lib/python3.9/site-packages/transformers/generation/configuration_utils.py:367: UserWarning: `do_sample` is set to `False`. However, `top_p` is set to `0.9` -- this flag is only used in sample-based generation modes. You should set `do_sample=True` or unset `top_p`.
  warnings.warn(
2023-12-18 04:53:29,554 [INFO] Averaged stats: lr: 0.0000  loss: 2.4792
2023-12-18 04:53:29,573 [INFO] Evaluating on val.
2023-12-18 04:55:28,210 [WARNING] rank 0 starts merging results.
2023-12-18 04:55:29,595 [INFO] {'agg_metrics': 0.32, 'total': 100, 'descriptive': 0.28, 'predictive': 0.2, 'explanatory': 0.52, 'counterfactual': 0.28}
2023-12-18 04:55:29,704 [INFO] Saving checkpoint at epoch 0 to /scratch/jenas/BTP/SeViLA/lavis/expts/causalvidqa_ft/18_12_2023_Dec_41_29/checkpoint_best.pth.
2023-12-18 04:55:34,313 [INFO] Start training
2023-12-18 04:55:34,450 [INFO] Start training epoch 1, 50 iters per inner epoch.
2023-12-18 04:59:01,258 [INFO] Averaged stats: lr: 0.0000  loss: 1.5327
2023-12-18 04:59:01,267 [INFO] Evaluating on val.
2023-12-18 05:00:36,322 [WARNING] rank 0 starts merging results.
2023-12-18 05:00:36,337 [INFO] {'agg_metrics': 0.55, 'total': 100, 'descriptive': 0.48, 'predictive': 0.48, 'explanatory': 0.64, 'counterfactual': 0.6}
2023-12-18 05:00:36,462 [INFO] Saving checkpoint at epoch 1 to /scratch/jenas/BTP/SeViLA/lavis/expts/causalvidqa_ft/18_12_2023_Dec_41_29/checkpoint_best.pth.
2023-12-18 05:00:41,957 [INFO] Start training
2023-12-18 05:00:42,091 [INFO] Start training epoch 2, 50 iters per inner epoch.
2023-12-18 05:04:28,809 [INFO] Averaged stats: lr: 0.0000  loss: 0.8118
2023-12-18 05:04:28,822 [INFO] Evaluating on val.
2023-12-18 05:06:02,524 [WARNING] rank 0 starts merging results.
2023-12-18 05:06:02,531 [INFO] {'agg_metrics': 0.52, 'total': 100, 'descriptive': 0.44, 'predictive': 0.44, 'explanatory': 0.64, 'counterfactual': 0.56}
2023-12-18 05:06:02,539 [INFO] Start training
2023-12-18 05:06:02,678 [INFO] Start training epoch 3, 50 iters per inner epoch.
2023-12-18 05:09:37,418 [INFO] Averaged stats: lr: 0.0000  loss: 0.7796
2023-12-18 05:09:37,438 [INFO] Evaluating on val.
2023-12-18 05:11:10,294 [WARNING] rank 0 starts merging results.
2023-12-18 05:11:10,311 [INFO] {'agg_metrics': 0.52, 'total': 100, 'descriptive': 0.44, 'predictive': 0.44, 'explanatory': 0.64, 'counterfactual': 0.56}
2023-12-18 05:11:10,313 [INFO] Start training
2023-12-18 05:11:10,454 [INFO] Start training epoch 4, 50 iters per inner epoch.
2023-12-18 05:14:35,723 [INFO] Averaged stats: lr: 0.0000  loss: 0.7564
2023-12-18 05:14:35,737 [INFO] Evaluating on val.
2023-12-18 05:16:08,638 [WARNING] rank 0 starts merging results.
2023-12-18 05:16:08,655 [INFO] {'agg_metrics': 0.53, 'total': 100, 'descriptive': 0.44, 'predictive': 0.48, 'explanatory': 0.64, 'counterfactual': 0.56}
2023-12-18 05:16:08,711 [INFO] Loading checkpoint from /scratch/jenas/BTP/SeViLA/lavis/expts/causalvidqa_ft/18_12_2023_Dec_41_29/checkpoint_best.pth.
2023-12-18 05:16:12,114 [WARNING] 
                Key mismatch when loading checkpoint. This is expected if only part of the model is saved.
                Trying to load the model with strict=False.
                
2023-12-18 05:16:12,123 [WARNING] 
                Key mismatch when loading checkpoint. This is expected if only part of the model is saved.
                Trying to load the model with strict=False.
                
2023-12-18 05:17:52,862 [WARNING] rank 0 starts merging results.
2023-12-18 05:17:52,876 [INFO] {'agg_metrics': 0.64, 'total': 100, 'explanatory': 0.68, 'counterfactual': 0.64, 'predictive': 0.68, 'descriptive': 0.56}
2023-12-18 05:17:52,876 [INFO] Training time 0:27:56
[I ProcessGroupNCCL.cpp:844] [Rank 1] NCCL watchdog thread terminated normally
[I ProcessGroupNCCL.cpp:844] [Rank 0] NCCL watchdog thread terminated normally
