type 1
0
2
0
type 1
1
2
1
| distributed init (rank 0, world 2): env://
| distributed init (rank 1, world 2): env://
cdr2621:100215:100215 [0] NCCL INFO Bootstrap : Using ib0:172.19.146.58<0>
cdr2621:100215:100215 [0] NCCL INFO NET/Plugin : No plugin found (libnccl-net.so), using internal implementation
cdr2621:100215:100215 [0] NCCL INFO NET/IB : Using [0]hfi1_0:1/IB ; OOB ib0:172.19.146.58<0>
cdr2621:100215:100215 [0] NCCL INFO Using network IB
NCCL version 2.12.12+cuda11.7
cdr2621:100216:100216 [1] NCCL INFO Bootstrap : Using ib0:172.19.146.58<0>
cdr2621:100216:100216 [1] NCCL INFO NET/Plugin : No plugin found (libnccl-net.so), using internal implementation
cdr2621:100216:100216 [1] NCCL INFO NET/IB : Using [0]hfi1_0:1/IB ; OOB ib0:172.19.146.58<0>
cdr2621:100216:100216 [1] NCCL INFO Using network IB
cdr2621:100216:100291 [1] NCCL INFO Setting affinity for GPU 1 to 01
cdr2621:100215:100289 [0] NCCL INFO Setting affinity for GPU 0 to 01
cdr2621:100215:100289 [0] NCCL INFO Channel 00/04 :    0   1
cdr2621:100215:100289 [0] NCCL INFO Channel 01/04 :    0   1
cdr2621:100215:100289 [0] NCCL INFO Channel 02/04 :    0   1
cdr2621:100215:100289 [0] NCCL INFO Channel 03/04 :    0   1
cdr2621:100215:100289 [0] NCCL INFO Trees [0] 1/-1/-1->0->-1 [1] 1/-1/-1->0->-1 [2] 1/-1/-1->0->-1 [3] 1/-1/-1->0->-1
cdr2621:100216:100291 [1] NCCL INFO Trees [0] -1/-1/-1->1->0 [1] -1/-1/-1->1->0 [2] -1/-1/-1->1->0 [3] -1/-1/-1->1->0
cdr2621:100215:100289 [0] NCCL INFO Channel 00 : 0[18000] -> 1[3b000] via P2P/IPC
cdr2621:100216:100291 [1] NCCL INFO Channel 00 : 1[3b000] -> 0[18000] via P2P/IPC
cdr2621:100215:100289 [0] NCCL INFO Channel 01 : 0[18000] -> 1[3b000] via P2P/IPC
cdr2621:100216:100291 [1] NCCL INFO Channel 01 : 1[3b000] -> 0[18000] via P2P/IPC
cdr2621:100215:100289 [0] NCCL INFO Channel 02 : 0[18000] -> 1[3b000] via P2P/IPC
cdr2621:100216:100291 [1] NCCL INFO Channel 02 : 1[3b000] -> 0[18000] via P2P/IPC
cdr2621:100215:100289 [0] NCCL INFO Channel 03 : 0[18000] -> 1[3b000] via P2P/IPC
cdr2621:100216:100291 [1] NCCL INFO Channel 03 : 1[3b000] -> 0[18000] via P2P/IPC
cdr2621:100216:100291 [1] NCCL INFO Connected all rings
cdr2621:100216:100291 [1] NCCL INFO Connected all trees
cdr2621:100216:100291 [1] NCCL INFO threadThresholds 8/8/64 | 16/8/64 | 8/8/512
cdr2621:100216:100291 [1] NCCL INFO 4 coll channels, 4 p2p channels, 4 p2p channels per peer
cdr2621:100215:100289 [0] NCCL INFO Connected all rings
cdr2621:100215:100289 [0] NCCL INFO Connected all trees
cdr2621:100215:100289 [0] NCCL INFO threadThresholds 8/8/64 | 16/8/64 | 8/8/512
cdr2621:100215:100289 [0] NCCL INFO 4 coll channels, 4 p2p channels, 4 p2p channels per peer
cdr2621:100216:100291 [1] NCCL INFO comm 0x2afdb00090d0 rank 1 nranks 2 cudaDev 1 busId 3b000 - Init COMPLETE
cdr2621:100215:100289 [0] NCCL INFO comm 0x2b0e4c0090d0 rank 0 nranks 2 cudaDev 0 busId 18000 - Init COMPLETE
cdr2621:100215:100215 [0] NCCL INFO Launch mode Parallel
Dataset config :  {'data_type': 'videos', 'build_info': {'annotations': {'train': {'url': '/scratch/jenas/BTP/SeViLA/data/annotations/train.json', 'storage': '/scratch/jenas/BTP/SeViLA/data/annotations/train.json'}, 'val': {'url': '/scratch/jenas/BTP/SeViLA/data/annotations/val.json', 'storage': '/scratch/jenas/BTP/SeViLA/data/annotations/val.json'}, 'test': {'url': '/scratch/jenas/BTP/SeViLA/data/annotations/test.json', 'storage': '/scratch/jenas/BTP/SeViLA/data/annotations/test.json'}}, 'videos': {'storage': '/scratch/jenas/BTP/SeViLA/data/videos'}}, 'vis_processor': {'eval': {'name': 'blip_video_eval', 'n_frms': 32, 'image_size': 224}}, 'text_processor': {'eval': {'name': 'blip_question', 'max_words': 50}}}
Config keys :  dict_keys(['data_type', 'build_info', 'vis_processor', 'text_processor'])
Config : 

 {'data_type': 'videos', 'build_info': {'annotations': {'train': {'url': '/scratch/jenas/BTP/SeViLA/data/annotations/train.json', 'storage': '/scratch/jenas/BTP/SeViLA/data/annotations/train.json'}, 'val': {'url': '/scratch/jenas/BTP/SeViLA/data/annotations/val.json', 'storage': '/scratch/jenas/BTP/SeViLA/data/annotations/val.json'}, 'test': {'url': '/scratch/jenas/BTP/SeViLA/data/annotations/test.json', 'storage': '/scratch/jenas/BTP/SeViLA/data/annotations/test.json'}}, 'videos': {'storage': '/scratch/jenas/BTP/SeViLA/data/videos'}}, 'vis_processor': {'eval': {'name': 'blip_video_eval', 'n_frms': 32, 'image_size': 224}}, 'text_processor': {'eval': {'name': 'blip_question', 'max_words': 50}}}
Building datasets in base task ...
Inside build processors ...
Config name :  blip_video_eval
Config name :  blip_question
in build() fn, Processors built
Run config :  {'task': 'videoqa', 'lr_sched': 'linear_warmup_cosine_lr', 'init_lr': 1e-05, 'min_lr': 0, 'warmup_lr': 1e-08, 'warmup_steps': 200, 'weight_decay': 0.05, 'max_epoch': 5, 'batch_size_train': 32, 'batch_size_eval': 1, 'num_workers': 0, 'accum_grad_iters': 1, 'max_len': 30, 'min_len': 8, 'num_beams': 5, 'seed': 42, 'output_dir': 'expts/causalvidqa_infer/22_12_2023_Dec_47_44', 'amp': True, 'resume_ckpt_path': None, 'evaluate': True, 'train_splits': ['train'], 'valid_splits': ['val'], 'test_splits': ['test'], 'device': 'cuda', 'world_size': 2, 'dist_url': 'env://', 'distributed': True, 'find_unused_parameters': True, 'rank': 0, 'gpu': 0, 'dist_backend': 'nccl'}
Evaluating ...
evaluate(); Test splits :  ['test']
Inference with localizer ...
Evaluation  [   0/1004]  eta: 2:38:48    time: 9.4902  data: 0.9815  max mem: 12003
Inference with localizer ...
Inference with localizer ...
Inference with localizer ...
Inference with localizer ...
Inference with localizer ...
Inference with localizer ...
Inference with localizer ...
Inference with localizer ...
Inference with localizer ...
Inference with localizer ...
Evaluation  [  10/1004]  eta: 1:37:47    time: 5.9024  data: 0.4954  max mem: 13184
Inference with localizer ...
Inference with localizer ...
Inference with localizer ...
Inference with localizer ...
Inference with localizer ...
Inference with localizer ...
Inference with localizer ...
Inference with localizer ...
Inference with localizer ...
Inference with localizer ...
Evaluation  [  20/1004]  eta: 1:31:43    time: 5.3985  data: 0.5355  max mem: 13184
Inference with localizer ...
Inference with localizer ...
Inference with localizer ...
Inference with localizer ...
Inference with localizer ...
Inference with localizer ...
Inference with localizer ...
Inference with localizer ...
Inference with localizer ...
Inference with localizer ...
Evaluation  [  30/1004]  eta: 1:27:53    time: 5.1456  data: 0.5778  max mem: 13184
Inference with localizer ...
Inference with localizer ...
Inference with localizer ...
Inference with localizer ...
Inference with localizer ...
Inference with localizer ...
Inference with localizer ...
Inference with localizer ...
Inference with localizer ...
Inference with localizer ...
Evaluation  [  40/1004]  eta: 1:25:34    time: 5.0456  data: 0.5615  max mem: 13184
Inference with localizer ...
Inference with localizer ...
Inference with localizer ...
Inference with localizer ...
Inference with localizer ...
Inference with localizer ...
Inference with localizer ...
Inference with localizer ...
Inference with localizer ...
Inference with localizer ...
Evaluation  [  50/1004]  eta: 1:25:13    time: 5.2771  data: 0.5633  max mem: 13529
Inference with localizer ...
Inference with localizer ...
Inference with localizer ...
Inference with localizer ...
Inference with localizer ...
Inference with localizer ...
Inference with localizer ...
Inference with localizer ...
Inference with localizer ...
Inference with localizer ...
Evaluation  [  60/1004]  eta: 1:24:32    time: 5.4711  data: 0.7839  max mem: 13529
Inference with localizer ...
Inference with localizer ...
Inference with localizer ...
Inference with localizer ...
Inference with localizer ...
Inference with localizer ...
Inference with localizer ...
Inference with localizer ...
Inference with localizer ...
Inference with localizer ...
Evaluation  [  70/1004]  eta: 1:23:01    time: 5.2660  data: 0.8098  max mem: 13529
Inference with localizer ...
Inference with localizer ...
Inference with localizer ...
Inference with localizer ...
Inference with localizer ...
Inference with localizer ...
Inference with localizer ...
Inference with localizer ...
Inference with localizer ...
Inference with localizer ...
Evaluation  [  80/1004]  eta: 1:20:52    time: 4.8789  data: 0.6634  max mem: 13529
Inference with localizer ...
Inference with localizer ...
Inference with localizer ...
Inference with localizer ...
Inference with localizer ...
Inference with localizer ...

Error while read file idx
video is: OTNdgakSIJE_000213_000223
Inference with localizer ...

Error while read file idx
video is: OTNdgakSIJE_000213_000223
Inference with localizer ...
Inference with localizer ...
Inference with localizer ...
Evaluation  [  90/1004]  eta: 1:19:53    time: 4.9292  data: 0.8222  max mem: 13529
Inference with localizer ...
Inference with localizer ...
Inference with localizer ...
Inference with localizer ...
Inference with localizer ...
Inference with localizer ...
Inference with localizer ...
Inference with localizer ...
Inference with localizer ...
Inference with localizer ...
Evaluation  [ 100/1004]  eta: 1:19:53    time: 5.5109  data: 0.8361  max mem: 13529
Inference with localizer ...
Inference with localizer ...
Inference with localizer ...
Inference with localizer ...
Inference with localizer ...
Inference with localizer ...
Inference with localizer ...
Inference with localizer ...
Inference with localizer ...
Inference with localizer ...
Evaluation  [ 110/1004]  eta: 1:18:59    time: 5.5602  data: 0.8301  max mem: 13529
Inference with localizer ...
Inference with localizer ...
Inference with localizer ...
Inference with localizer ...
Inference with localizer ...
Inference with localizer ...
Inference with localizer ...
Inference with localizer ...
Inference with localizer ...
Inference with localizer ...
Evaluation  [ 120/1004]  eta: 1:17:53    time: 5.2065  data: 0.7626  max mem: 13529
Inference with localizer ...
Inference with localizer ...
Inference with localizer ...
Inference with localizer ...
Inference with localizer ...
Inference with localizer ...
Inference with localizer ...
Inference with localizer ...

Error while read file idx
video is: y6L1E9qChxU_000369_000379
Inference with localizer ...

Error while read file idx
video is: y6L1E9qChxU_000369_000379
Inference with localizer ...
Evaluation  [ 130/1004]  eta: 1:16:02    time: 4.7701  data: 0.5484  max mem: 13529
Inference with localizer ...
Inference with localizer ...
Inference with localizer ...
Inference with localizer ...
Inference with localizer ...
Inference with localizer ...
Inference with localizer ...
Inference with localizer ...
Inference with localizer ...
Inference with localizer ...
Evaluation  [ 140/1004]  eta: 1:15:41    time: 5.0725  data: 0.4912  max mem: 13529
Inference with localizer ...
Inference with localizer ...
Inference with localizer ...
Inference with localizer ...
Inference with localizer ...
Inference with localizer ...
Inference with localizer ...
Inference with localizer ...
Inference with localizer ...
Inference with localizer ...
Evaluation  [ 150/1004]  eta: 1:14:27    time: 5.3018  data: 0.5111  max mem: 13529
Inference with localizer ...
Inference with localizer ...
Inference with localizer ...
Inference with localizer ...
Inference with localizer ...
Inference with localizer ...
Inference with localizer ...
Inference with localizer ...
Inference with localizer ...
Inference with localizer ...
Evaluation  [ 160/1004]  eta: 1:13:55    time: 5.2439  data: 0.4380  max mem: 13529
Inference with localizer ...
Inference with localizer ...
Inference with localizer ...
Inference with localizer ...
Inference with localizer ...
Inference with localizer ...
Inference with localizer ...
Inference with localizer ...
Inference with localizer ...
Inference with localizer ...
Evaluation  [ 170/1004]  eta: 1:14:14    time: 6.1670  data: 0.8431  max mem: 14783
Inference with localizer ...
Inference with localizer ...
Inference with localizer ...
Inference with localizer ...
Inference with localizer ...
Inference with localizer ...
Inference with localizer ...
Inference with localizer ...
Inference with localizer ...
Inference with localizer ...
Evaluation  [ 180/1004]  eta: 1:15:31    time: 7.4720  data: 2.3151  max mem: 14783
Inference with localizer ...
Inference with localizer ...
Inference with localizer ...
Inference with localizer ...
Inference with localizer ...
Inference with localizer ...
Inference with localizer ...
Inference with localizer ...

Error while read file idx
video is: fUNxGGTiVCM_000018_000028
Inference with localizer ...

Error while read file idx
video is: fUNxGGTiVCM_000018_000028
Inference with localizer ...
Evaluation  [ 190/1004]  eta: 1:14:33    time: 6.8217  data: 2.0529  max mem: 14783
Inference with localizer ...
Inference with localizer ...
Inference with localizer ...
Inference with localizer ...
Inference with localizer ...
Inference with localizer ...
Inference with localizer ...
Inference with localizer ...
Inference with localizer ...
Inference with localizer ...
Evaluation  [ 200/1004]  eta: 1:13:58    time: 5.7091  data: 0.6754  max mem: 14783
Inference with localizer ...
Inference with localizer ...
Inference with localizer ...
Inference with localizer ...
Inference with localizer ...
Inference with localizer ...
Inference with localizer ...
Inference with localizer ...
Inference with localizer ...
Inference with localizer ...
Evaluation  [ 210/1004]  eta: 1:13:06    time: 5.7951  data: 0.5553  max mem: 14783
Inference with localizer ...
Inference with localizer ...
Inference with localizer ...
Inference with localizer ...
Inference with localizer ...
Inference with localizer ...
Inference with localizer ...
Inference with localizer ...
Inference with localizer ...
Inference with localizer ...
Evaluation  [ 220/1004]  eta: 1:11:46    time: 5.2091  data: 0.4650  max mem: 14783
Inference with localizer ...
Inference with localizer ...
Inference with localizer ...
Inference with localizer ...
Inference with localizer ...
Inference with localizer ...
Inference with localizer ...
Inference with localizer ...
Inference with localizer ...
Inference with localizer ...
Evaluation  [ 230/1004]  eta: 1:10:20    time: 4.6960  data: 0.3968  max mem: 14783
Inference with localizer ...
Inference with localizer ...
Inference with localizer ...
Inference with localizer ...
Inference with localizer ...
Inference with localizer ...
Inference with localizer ...
Inference with localizer ...
Inference with localizer ...
Inference with localizer ...
Evaluation  [ 240/1004]  eta: 1:09:08    time: 4.7341  data: 0.4729  max mem: 14783
Inference with localizer ...
Inference with localizer ...
Inference with localizer ...
Inference with localizer ...
Inference with localizer ...
Inference with localizer ...
Inference with localizer ...
Inference with localizer ...
Inference with localizer ...
Inference with localizer ...
Evaluation  [ 250/1004]  eta: 1:08:04    time: 5.0050  data: 0.6191  max mem: 14783
Inference with localizer ...
Inference with localizer ...
Inference with localizer ...
Inference with localizer ...
Inference with localizer ...
Inference with localizer ...
Inference with localizer ...
Inference with localizer ...
Inference with localizer ...
Inference with localizer ...
Evaluation  [ 260/1004]  eta: 1:07:19    time: 5.4265  data: 0.7939  max mem: 14783
Inference with localizer ...
Inference with localizer ...
Inference with localizer ...
Inference with localizer ...
Inference with localizer ...
Inference with localizer ...
Inference with localizer ...
Inference with localizer ...
Inference with localizer ...
Inference with localizer ...
Evaluation  [ 270/1004]  eta: 1:06:24    time: 5.5728  data: 0.8455  max mem: 14783
Inference with localizer ...
Inference with localizer ...
Inference with localizer ...
Inference with localizer ...
Inference with localizer ...
Inference with localizer ...
Inference with localizer ...
Inference with localizer ...
Inference with localizer ...
Inference with localizer ...
Evaluation  [ 280/1004]  eta: 1:05:24    time: 5.3052  data: 0.6496  max mem: 14783
Inference with localizer ...
Inference with localizer ...
Inference with localizer ...
Inference with localizer ...
Inference with localizer ...
Inference with localizer ...
Inference with localizer ...
Inference with localizer ...
Inference with localizer ...
Inference with localizer ...
Evaluation  [ 290/1004]  eta: 1:04:16    time: 5.0378  data: 0.4705  max mem: 14783
Inference with localizer ...
Inference with localizer ...
Inference with localizer ...
Inference with localizer ...
Inference with localizer ...
Inference with localizer ...
Inference with localizer ...
Inference with localizer ...
Inference with localizer ...
Inference with localizer ...
Evaluation  [ 300/1004]  eta: 1:03:06    time: 4.7939  data: 0.4523  max mem: 14783
Inference with localizer ...
Inference with localizer ...
Inference with localizer ...
Inference with localizer ...
Inference with localizer ...
Inference with localizer ...
Inference with localizer ...
Inference with localizer ...
Inference with localizer ...
Inference with localizer ...
Evaluation  [ 310/1004]  eta: 1:02:22    time: 5.2744  data: 0.5534  max mem: 14783
Inference with localizer ...
Inference with localizer ...
Inference with localizer ...
Inference with localizer ...
Inference with localizer ...
Inference with localizer ...
Inference with localizer ...
Inference with localizer ...
Inference with localizer ...
Inference with localizer ...
Evaluation  [ 320/1004]  eta: 1:01:31    time: 5.6569  data: 0.5739  max mem: 14783
Inference with localizer ...
Inference with localizer ...
Inference with localizer ...
Inference with localizer ...
Inference with localizer ...
Inference with localizer ...
Inference with localizer ...
Inference with localizer ...
Inference with localizer ...
Inference with localizer ...
Evaluation  [ 330/1004]  eta: 1:00:38    time: 5.4790  data: 0.6225  max mem: 14783
Inference with localizer ...
Inference with localizer ...
Inference with localizer ...
Inference with localizer ...
Inference with localizer ...
Inference with localizer ...
Inference with localizer ...
Inference with localizer ...
Inference with localizer ...
Inference with localizer ...
Evaluation  [ 340/1004]  eta: 0:59:37    time: 5.2498  data: 0.5573  max mem: 14783
Inference with localizer ...
Inference with localizer ...
Inference with localizer ...
Inference with localizer ...
Inference with localizer ...
Inference with localizer ...
Inference with localizer ...
Inference with localizer ...
Inference with localizer ...
Inference with localizer ...
Evaluation  [ 350/1004]  eta: 0:58:32    time: 4.9065  data: 0.3641  max mem: 14783
Inference with localizer ...
Inference with localizer ...
Inference with localizer ...
Inference with localizer ...
Inference with localizer ...
Inference with localizer ...
Inference with localizer ...
Inference with localizer ...
Inference with localizer ...
Inference with localizer ...
Evaluation  [ 360/1004]  eta: 0:57:58    time: 5.6326  data: 0.5619  max mem: 14783
Inference with localizer ...
Inference with localizer ...
Inference with localizer ...
Inference with localizer ...
Inference with localizer ...
Inference with localizer ...
Inference with localizer ...
Inference with localizer ...
Inference with localizer ...
Inference with localizer ...
Evaluation  [ 370/1004]  eta: 0:56:55    time: 5.6926  data: 0.6061  max mem: 14783
Inference with localizer ...
Inference with localizer ...
Inference with localizer ...
Inference with localizer ...
Inference with localizer ...
Inference with localizer ...
Inference with localizer ...
Inference with localizer ...
Inference with localizer ...
Inference with localizer ...
Evaluation  [ 380/1004]  eta: 0:55:58    time: 5.0340  data: 0.5877  max mem: 14783
Inference with localizer ...
Inference with localizer ...
Inference with localizer ...
Inference with localizer ...
Inference with localizer ...
Inference with localizer ...
Inference with localizer ...
Inference with localizer ...
Inference with localizer ...
Inference with localizer ...
Evaluation  [ 390/1004]  eta: 0:54:53    time: 4.9319  data: 0.5664  max mem: 14783

Error while read file idx
video is: 6k8_ET9g9_E_000000_000010
Inference with localizer ...

Error while read file idx
video is: 6k8_ET9g9_E_000000_000010
Inference with localizer ...
Inference with localizer ...
Inference with localizer ...
Inference with localizer ...
Inference with localizer ...
Inference with localizer ...
Inference with localizer ...
Inference with localizer ...
Inference with localizer ...
Evaluation  [ 400/1004]  eta: 0:53:58    time: 4.9789  data: 0.4773  max mem: 14783
Inference with localizer ...
Inference with localizer ...
Inference with localizer ...
Inference with localizer ...
Inference with localizer ...
Inference with localizer ...
Inference with localizer ...
Inference with localizer ...
Inference with localizer ...
Inference with localizer ...
Evaluation  [ 410/1004]  eta: 0:52:54    time: 4.9576  data: 0.4871  max mem: 14783
Inference with localizer ...
Inference with localizer ...
Inference with localizer ...
Inference with localizer ...
Inference with localizer ...
Inference with localizer ...
Inference with localizer ...
Inference with localizer ...
Inference with localizer ...
Inference with localizer ...
Evaluation  [ 420/1004]  eta: 0:52:00    time: 4.9597  data: 0.4769  max mem: 14783
Inference with localizer ...
Inference with localizer ...
Inference with localizer ...
Inference with localizer ...

Error while read file idx
video is: VaUu68J894A_000019_000029
Inference with localizer ...

Error while read file idx
video is: VaUu68J894A_000019_000029
Inference with localizer ...
Inference with localizer ...
Inference with localizer ...
Inference with localizer ...
Inference with localizer ...
Evaluation  [ 430/1004]  eta: 0:51:05    time: 5.2620  data: 0.6046  max mem: 14783
Inference with localizer ...
Inference with localizer ...
Inference with localizer ...
Inference with localizer ...
Inference with localizer ...
Inference with localizer ...
Inference with localizer ...
Inference with localizer ...
Inference with localizer ...
Inference with localizer ...
Evaluation  [ 440/1004]  eta: 0:50:05    time: 5.0190  data: 0.7718  max mem: 14783
Inference with localizer ...
Inference with localizer ...
Inference with localizer ...
Inference with localizer ...
Inference with localizer ...
Inference with localizer ...
Inference with localizer ...
Inference with localizer ...
Inference with localizer ...
Inference with localizer ...
Evaluation  [ 450/1004]  eta: 0:49:16    time: 5.2264  data: 0.7595  max mem: 14783
Inference with localizer ...
Inference with localizer ...
Inference with localizer ...
Inference with localizer ...
Inference with localizer ...
Inference with localizer ...
Inference with localizer ...
Inference with localizer ...
Inference with localizer ...
Inference with localizer ...
Evaluation  [ 460/1004]  eta: 0:48:27    time: 5.7064  data: 0.6335  max mem: 14783
Inference with localizer ...
Inference with localizer ...
Inference with localizer ...
Inference with localizer ...
Inference with localizer ...
Inference with localizer ...
Inference with localizer ...
Inference with localizer ...
Inference with localizer ...
Inference with localizer ...
Evaluation  [ 470/1004]  eta: 0:47:26    time: 5.2157  data: 0.6648  max mem: 14783
Inference with localizer ...
Inference with localizer ...
Inference with localizer ...
Inference with localizer ...
Inference with localizer ...
Inference with localizer ...
Inference with localizer ...
Inference with localizer ...
Inference with localizer ...
Inference with localizer ...
Evaluation  [ 480/1004]  eta: 0:46:33    time: 5.0243  data: 0.6487  max mem: 14783
Inference with localizer ...
Inference with localizer ...
Inference with localizer ...
Inference with localizer ...
Inference with localizer ...
Inference with localizer ...
Inference with localizer ...
Inference with localizer ...
Inference with localizer ...
Inference with localizer ...
Evaluation  [ 490/1004]  eta: 0:45:43    time: 5.5158  data: 0.6958  max mem: 14783
Inference with localizer ...
Inference with localizer ...
Inference with localizer ...
Inference with localizer ...
Inference with localizer ...
Inference with localizer ...
Inference with localizer ...
Inference with localizer ...
Inference with localizer ...
Inference with localizer ...
Evaluation  [ 500/1004]  eta: 0:44:49    time: 5.4658  data: 0.6850  max mem: 14783
Inference with localizer ...
Inference with localizer ...
Inference with localizer ...
Inference with localizer ...
Inference with localizer ...
Inference with localizer ...
Inference with localizer ...
Inference with localizer ...
Inference with localizer ...
Inference with localizer ...
Evaluation  [ 510/1004]  eta: 0:43:52    time: 5.1195  data: 0.7120  max mem: 14783
Inference with localizer ...
Inference with localizer ...
Inference with localizer ...
Inference with localizer ...
Inference with localizer ...
Inference with localizer ...
Inference with localizer ...
Inference with localizer ...
Inference with localizer ...
Inference with localizer ...
Evaluation  [ 520/1004]  eta: 0:43:00    time: 5.1908  data: 0.7341  max mem: 14783
Inference with localizer ...
Inference with localizer ...
Inference with localizer ...
Inference with localizer ...
Inference with localizer ...
Inference with localizer ...
Inference with localizer ...
Inference with localizer ...
Inference with localizer ...
Inference with localizer ...
Evaluation  [ 530/1004]  eta: 0:42:07    time: 5.3952  data: 0.5049  max mem: 14783
Inference with localizer ...
Inference with localizer ...
Inference with localizer ...
Inference with localizer ...
Inference with localizer ...
Inference with localizer ...
Inference with localizer ...
Inference with localizer ...
Inference with localizer ...
Inference with localizer ...
Evaluation  [ 540/1004]  eta: 0:41:14    time: 5.3903  data: 0.5821  max mem: 14783
Inference with localizer ...
Inference with localizer ...
Inference with localizer ...
Inference with localizer ...
Inference with localizer ...
Inference with localizer ...
Inference with localizer ...
Inference with localizer ...
Inference with localizer ...
Inference with localizer ...
Evaluation  [ 550/1004]  eta: 0:40:19    time: 5.2662  data: 0.6382  max mem: 14783
Inference with localizer ...
Inference with localizer ...
Inference with localizer ...
Inference with localizer ...
Inference with localizer ...
Inference with localizer ...
Inference with localizer ...
Inference with localizer ...
Inference with localizer ...
Inference with localizer ...
Evaluation  [ 560/1004]  eta: 0:39:31    time: 5.5429  data: 0.6311  max mem: 14783
Inference with localizer ...
Inference with localizer ...
Inference with localizer ...
Inference with localizer ...
Inference with localizer ...
Inference with localizer ...

Error while read file idx
video is: 2MgriBbJtLc_000027_000037
Inference with localizer ...

Error while read file idx
video is: 2MgriBbJtLc_000027_000037
Inference with localizer ...
Inference with localizer ...
Inference with localizer ...
Evaluation  [ 570/1004]  eta: 0:38:32    time: 5.3205  data: 0.6719  max mem: 14783
Inference with localizer ...
Inference with localizer ...
Inference with localizer ...
Inference with localizer ...
Inference with localizer ...
Inference with localizer ...
Inference with localizer ...
Inference with localizer ...
Inference with localizer ...
Inference with localizer ...
Evaluation  [ 580/1004]  eta: 0:37:39    time: 5.0185  data: 0.5688  max mem: 14783
Inference with localizer ...
Inference with localizer ...
Inference with localizer ...
Inference with localizer ...
Inference with localizer ...
Inference with localizer ...
Inference with localizer ...
Inference with localizer ...
Inference with localizer ...
Inference with localizer ...
Evaluation  [ 590/1004]  eta: 0:36:47    time: 5.3932  data: 0.4858  max mem: 14783
Inference with localizer ...
Inference with localizer ...
Inference with localizer ...
Inference with localizer ...
Inference with localizer ...
Inference with localizer ...

Error while read file idx
video is: jjh3oTzQVlI_000000_000010
Inference with localizer ...

Error while read file idx
video is: jjh3oTzQVlI_000000_000010
Inference with localizer ...
Inference with localizer ...
Inference with localizer ...
Evaluation  [ 600/1004]  eta: 0:35:51    time: 5.2357  data: 0.4850  max mem: 14783
Inference with localizer ...
Inference with localizer ...
Inference with localizer ...
Inference with localizer ...
Inference with localizer ...
Inference with localizer ...
Inference with localizer ...
Inference with localizer ...
Inference with localizer ...
Inference with localizer ...
Evaluation  [ 610/1004]  eta: 0:34:55    time: 4.9043  data: 0.5384  max mem: 14783
Inference with localizer ...
Inference with localizer ...
Inference with localizer ...
Inference with localizer ...
Inference with localizer ...
Inference with localizer ...
Inference with localizer ...
Inference with localizer ...
Inference with localizer ...
Inference with localizer ...
Evaluation  [ 620/1004]  eta: 0:34:00    time: 4.9251  data: 0.5293  max mem: 14783
Inference with localizer ...
Inference with localizer ...
Inference with localizer ...
Inference with localizer ...
Inference with localizer ...
Inference with localizer ...
Inference with localizer ...
Inference with localizer ...
Inference with localizer ...
Inference with localizer ...
Evaluation  [ 630/1004]  eta: 0:33:01    time: 4.6890  data: 0.5192  max mem: 14783
Inference with localizer ...
Inference with localizer ...
Inference with localizer ...
Inference with localizer ...
Inference with localizer ...
Inference with localizer ...
Inference with localizer ...
Inference with localizer ...
Inference with localizer ...
Inference with localizer ...
Evaluation  [ 640/1004]  eta: 0:32:08    time: 4.8057  data: 0.5497  max mem: 14783
Inference with localizer ...
Inference with localizer ...
Inference with localizer ...
Inference with localizer ...
Inference with localizer ...
Inference with localizer ...
Inference with localizer ...
Inference with localizer ...
Inference with localizer ...
Inference with localizer ...
Evaluation  [ 650/1004]  eta: 0:31:14    time: 5.2534  data: 0.5615  max mem: 14783
Inference with localizer ...
Inference with localizer ...
Inference with localizer ...
Inference with localizer ...
Inference with localizer ...
Inference with localizer ...
Inference with localizer ...
Inference with localizer ...
Inference with localizer ...
Inference with localizer ...
Evaluation  [ 660/1004]  eta: 0:30:19    time: 4.9765  data: 0.4678  max mem: 14783
Inference with localizer ...
Inference with localizer ...
Inference with localizer ...
Inference with localizer ...
Inference with localizer ...
Inference with localizer ...
Inference with localizer ...
Inference with localizer ...
Inference with localizer ...
Inference with localizer ...
Evaluation  [ 670/1004]  eta: 0:29:24    time: 4.8324  data: 0.4447  max mem: 14783
Inference with localizer ...
Inference with localizer ...
Inference with localizer ...
Inference with localizer ...
Inference with localizer ...
Inference with localizer ...
Inference with localizer ...
Inference with localizer ...
Inference with localizer ...
Inference with localizer ...
Evaluation  [ 680/1004]  eta: 0:28:35    time: 5.5103  data: 0.4812  max mem: 14783
Inference with localizer ...
Inference with localizer ...
Inference with localizer ...
Inference with localizer ...
Inference with localizer ...
Inference with localizer ...
Inference with localizer ...
Inference with localizer ...
Inference with localizer ...
Inference with localizer ...
Evaluation  [ 690/1004]  eta: 0:27:41    time: 5.5520  data: 0.4202  max mem: 14783
Inference with localizer ...
Inference with localizer ...
Inference with localizer ...
Inference with localizer ...
Inference with localizer ...
Inference with localizer ...
Inference with localizer ...
Inference with localizer ...
Inference with localizer ...
Inference with localizer ...
Evaluation  [ 700/1004]  eta: 0:26:53    time: 5.7699  data: 0.4386  max mem: 15283
Inference with localizer ...
Inference with localizer ...
Inference with localizer ...
Inference with localizer ...
Inference with localizer ...
Inference with localizer ...
Inference with localizer ...
Inference with localizer ...
Inference with localizer ...
Inference with localizer ...
Evaluation  [ 710/1004]  eta: 0:25:57    time: 5.5908  data: 0.4338  max mem: 15283
Inference with localizer ...
Inference with localizer ...
Inference with localizer ...
Inference with localizer ...
Inference with localizer ...
Inference with localizer ...
Inference with localizer ...
Inference with localizer ...
Inference with localizer ...
Inference with localizer ...
Evaluation  [ 720/1004]  eta: 0:25:05    time: 5.0850  data: 0.4310  max mem: 15283
Inference with localizer ...
Inference with localizer ...
Inference with localizer ...
Inference with localizer ...
Inference with localizer ...
Inference with localizer ...
Inference with localizer ...
Inference with localizer ...

Error while read file idx
video is: AB4MUsO_Mt0_000000_000010

Error while read file idx
video is: OTNdgakSIJE_000213_000223
Inference with localizer ...

Error while read file idx
video is: AB4MUsO_Mt0_000000_000010
Inference with localizer ...
Evaluation  [ 730/1004]  eta: 0:24:16    time: 5.9500  data: 0.6317  max mem: 15283
Inference with localizer ...
Inference with localizer ...
Inference with localizer ...
Inference with localizer ...
Inference with localizer ...
Inference with localizer ...
Inference with localizer ...
Inference with localizer ...
Inference with localizer ...
Inference with localizer ...
Evaluation  [ 740/1004]  eta: 0:23:22    time: 5.7017  data: 0.5807  max mem: 15283
Inference with localizer ...
Inference with localizer ...
Inference with localizer ...
Inference with localizer ...
Inference with localizer ...
Inference with localizer ...
Inference with localizer ...
Inference with localizer ...
Inference with localizer ...
Inference with localizer ...
Evaluation  [ 750/1004]  eta: 0:22:28    time: 4.9900  data: 0.4483  max mem: 15283
Inference with localizer ...
Inference with localizer ...
Inference with localizer ...
Inference with localizer ...
Inference with localizer ...
Inference with localizer ...
Inference with localizer ...
Inference with localizer ...
Inference with localizer ...
Inference with localizer ...
Evaluation  [ 760/1004]  eta: 0:21:34    time: 5.0245  data: 0.5446  max mem: 15283
Inference with localizer ...
Inference with localizer ...
Inference with localizer ...
Inference with localizer ...
Inference with localizer ...
Inference with localizer ...
Inference with localizer ...
Inference with localizer ...
Inference with localizer ...
Inference with localizer ...
Evaluation  [ 770/1004]  eta: 0:20:40    time: 5.0645  data: 0.5221  max mem: 15283
Inference with localizer ...
Inference with localizer ...
Inference with localizer ...
Inference with localizer ...
Inference with localizer ...
Inference with localizer ...
Inference with localizer ...
Inference with localizer ...
Inference with localizer ...
Inference with localizer ...
Evaluation  [ 780/1004]  eta: 0:19:49    time: 5.5125  data: 0.5008  max mem: 15283
Inference with localizer ...
Inference with localizer ...
Inference with localizer ...
Inference with localizer ...
Inference with localizer ...
Inference with localizer ...
Inference with localizer ...
Inference with localizer ...
Inference with localizer ...
Inference with localizer ...
Evaluation  [ 790/1004]  eta: 0:18:55    time: 5.4888  data: 0.4842  max mem: 15283
Inference with localizer ...
Inference with localizer ...
Inference with localizer ...
Inference with localizer ...
Inference with localizer ...
Inference with localizer ...
Inference with localizer ...
Inference with localizer ...
Inference with localizer ...
Inference with localizer ...
Evaluation  [ 800/1004]  eta: 0:18:02    time: 5.1917  data: 0.4469  max mem: 15283
Inference with localizer ...
Inference with localizer ...
Inference with localizer ...
Inference with localizer ...
Inference with localizer ...
Inference with localizer ...
Inference with localizer ...
Inference with localizer ...
Inference with localizer ...
Inference with localizer ...
Evaluation  [ 810/1004]  eta: 0:17:09    time: 5.2645  data: 0.4877  max mem: 15283
Inference with localizer ...
Inference with localizer ...
Inference with localizer ...
Inference with localizer ...
Inference with localizer ...
Inference with localizer ...
Inference with localizer ...
Inference with localizer ...
Inference with localizer ...
Inference with localizer ...
Evaluation  [ 820/1004]  eta: 0:16:15    time: 4.9936  data: 0.5708  max mem: 15283
Inference with localizer ...
Inference with localizer ...
Inference with localizer ...
Inference with localizer ...
Inference with localizer ...
Inference with localizer ...
Inference with localizer ...
Inference with localizer ...
Inference with localizer ...
Inference with localizer ...
Evaluation  [ 830/1004]  eta: 0:15:21    time: 4.9470  data: 0.5347  max mem: 15283
Inference with localizer ...
Inference with localizer ...
Inference with localizer ...
Inference with localizer ...
Inference with localizer ...
Inference with localizer ...
Inference with localizer ...
Inference with localizer ...
Inference with localizer ...
Inference with localizer ...
Evaluation  [ 840/1004]  eta: 0:14:27    time: 4.9090  data: 0.4160  max mem: 15283
Inference with localizer ...
Inference with localizer ...
Inference with localizer ...
Inference with localizer ...
Inference with localizer ...
Inference with localizer ...
Inference with localizer ...
Inference with localizer ...
Inference with localizer ...
Inference with localizer ...
Evaluation  [ 850/1004]  eta: 0:13:33    time: 4.8129  data: 0.3921  max mem: 15283
Inference with localizer ...
Inference with localizer ...
Inference with localizer ...
Inference with localizer ...
Inference with localizer ...
Inference with localizer ...
Inference with localizer ...
Inference with localizer ...
Inference with localizer ...
Inference with localizer ...
Evaluation  [ 860/1004]  eta: 0:12:40    time: 4.8876  data: 0.4113  max mem: 15283
Inference with localizer ...
Inference with localizer ...
Inference with localizer ...
Inference with localizer ...
Inference with localizer ...
Inference with localizer ...
Inference with localizer ...
Inference with localizer ...
Inference with localizer ...
Inference with localizer ...
Evaluation  [ 870/1004]  eta: 0:11:48    time: 5.2963  data: 0.5094  max mem: 15283
Inference with localizer ...
Inference with localizer ...
Inference with localizer ...
Inference with localizer ...
Inference with localizer ...
Inference with localizer ...
Inference with localizer ...
Inference with localizer ...
Inference with localizer ...
Inference with localizer ...
Evaluation  [ 880/1004]  eta: 0:10:54    time: 5.1591  data: 0.4845  max mem: 15283
Inference with localizer ...
Inference with localizer ...
Inference with localizer ...
Inference with localizer ...
Inference with localizer ...
Inference with localizer ...
Inference with localizer ...
Inference with localizer ...
Inference with localizer ...
Inference with localizer ...
Evaluation  [ 890/1004]  eta: 0:10:01    time: 4.9353  data: 0.4322  max mem: 15283
Inference with localizer ...
Inference with localizer ...
Inference with localizer ...
Inference with localizer ...
Inference with localizer ...
Inference with localizer ...
Inference with localizer ...
Inference with localizer ...
Inference with localizer ...
Inference with localizer ...
Evaluation  [ 900/1004]  eta: 0:09:09    time: 5.3403  data: 0.5174  max mem: 15283
Inference with localizer ...
Inference with localizer ...
Inference with localizer ...
Inference with localizer ...
Inference with localizer ...
Inference with localizer ...
Inference with localizer ...
Inference with localizer ...
Inference with localizer ...
Inference with localizer ...
Evaluation  [ 910/1004]  eta: 0:08:15    time: 5.1272  data: 0.6163  max mem: 15283
Inference with localizer ...
Inference with localizer ...
Inference with localizer ...
Inference with localizer ...
Inference with localizer ...
Inference with localizer ...
Inference with localizer ...
Inference with localizer ...
Inference with localizer ...
Inference with localizer ...
Evaluation  [ 920/1004]  eta: 0:07:23    time: 5.1273  data: 0.7292  max mem: 15283
Inference with localizer ...
Inference with localizer ...
Inference with localizer ...
Inference with localizer ...
Inference with localizer ...
Inference with localizer ...
Inference with localizer ...
Inference with localizer ...
Inference with localizer ...
Inference with localizer ...
Evaluation  [ 930/1004]  eta: 0:06:30    time: 5.3139  data: 0.5997  max mem: 15283
Inference with localizer ...
Inference with localizer ...
Inference with localizer ...
Inference with localizer ...
Inference with localizer ...
Inference with localizer ...
Inference with localizer ...
Inference with localizer ...
Inference with localizer ...
Inference with localizer ...
Evaluation  [ 940/1004]  eta: 0:05:37    time: 5.0163  data: 0.4780  max mem: 15283
Inference with localizer ...
Inference with localizer ...
Inference with localizer ...
Inference with localizer ...
Inference with localizer ...
Inference with localizer ...
Inference with localizer ...
Inference with localizer ...
Inference with localizer ...
Inference with localizer ...
Evaluation  [ 950/1004]  eta: 0:04:45    time: 5.7194  data: 0.4603  max mem: 17329
Inference with localizer ...
Inference with localizer ...
Inference with localizer ...
Inference with localizer ...
Inference with localizer ...
Inference with localizer ...
Inference with localizer ...
Inference with localizer ...
Inference with localizer ...
Inference with localizer ...
Evaluation  [ 960/1004]  eta: 0:03:52    time: 6.4083  data: 0.4227  max mem: 17329
Inference with localizer ...
Inference with localizer ...
Inference with localizer ...
Inference with localizer ...
Inference with localizer ...
Inference with localizer ...
Inference with localizer ...
Inference with localizer ...
Inference with localizer ...
Inference with localizer ...
Evaluation  [ 970/1004]  eta: 0:02:59    time: 5.5166  data: 0.4871  max mem: 17329
Inference with localizer ...
Inference with localizer ...
Inference with localizer ...
Inference with localizer ...
Inference with localizer ...
Inference with localizer ...
Inference with localizer ...
Inference with localizer ...
Inference with localizer ...
Inference with localizer ...
Evaluation  [ 980/1004]  eta: 0:02:07    time: 5.1862  data: 0.5878  max mem: 17329
Inference with localizer ...
Inference with localizer ...
Inference with localizer ...
Inference with localizer ...
Inference with localizer ...
Inference with localizer ...

Error while read file idx
video is: aXG95hUegFk_000020_000030
Inference with localizer ...

Error while read file idx
video is: aXG95hUegFk_000020_000030
Inference with localizer ...
Inference with localizer ...
Inference with localizer ...
Evaluation  [ 990/1004]  eta: 0:01:14    time: 6.0150  data: 0.6563  max mem: 17329
Inference with localizer ...
Inference with localizer ...
Inference with localizer ...
Inference with localizer ...
Inference with localizer ...
Inference with localizer ...
Inference with localizer ...
Inference with localizer ...
Inference with localizer ...
Inference with localizer ...
Evaluation  [1000/1004]  eta: 0:00:21    time: 5.4880  data: 0.5760  max mem: 17329
Inference with localizer ...
Inference with localizer ...
Inference with localizer ...
Evaluation  [1003/1004]  eta: 0:00:05    time: 4.8408  data: 0.4859  max mem: 17329
Evaluation Total time: 1:28:35 (5.2942 s / it)
result file saved to /scratch/jenas/BTP/SeViLA/lavis/expts/causalvidqa_infer/22_12_2023_Dec_47_44/result/test_epochbest.json
cdr2621:100216:100292 [1] NCCL INFO [Service thread] Connection closed by localRank 1
cdr2621:100216:100216 [1] NCCL INFO comm 0x2afdb00090d0 rank 1 nranks 2 cudaDev 1 busId 3b000 - Abort COMPLETE
cdr2621:100215:100215 [0] NCCL INFO comm 0x2b0e4c0090d0 rank 0 nranks 2 cudaDev 0 busId 18000 - Abort COMPLETE
