nohup: ignoring input
[I socket.cpp:576] [c10d] The server socket has started to listen on [::]:25778.
[I socket.cpp:849] [c10d] The client socket has connected to [localhost]:25778 on [localhost]:33630.
type 1
0
1
0
| distributed init (rank 0, world 1): env://
[I socket.cpp:849] [c10d] The client socket has connected to [localhost]:25778 on [localhost]:50740.
[I ProcessGroupNCCL.cpp:687] [Rank 0] ProcessGroupNCCL initialization options:NCCL_ASYNC_ERROR_HANDLING: 1, NCCL_DESYNC_DEBUG: 0, NCCL_ENABLE_TIMING: 0, NCCL_BLOCKING_WAIT: 0, TIMEOUT(ms): 31536000000, USE_HIGH_PRIORITY_STREAM: 0, TORCH_DISTRIBUTED_DEBUG: OFF, NCCL_DEBUG: INFO, ID=142927440
[I ProcessGroupNCCL.cpp:2787] Rank 0 using GPU 0 to perform barrier as devices used by this process are currently unknown. This can potentially cause a hang if this rank to GPU mapping is incorrect.Specify device_ids in barrier() to force use of a particular device.
gpu:205413:205413 [0] NCCL INFO Bootstrap : Using eno8303:10.5.30.82<0>
gpu:205413:205413 [0] NCCL INFO NET/Plugin : Plugin load (libnccl-net.so) returned 2 : libnccl-net.so: cannot open shared object file: No such file or directory
gpu:205413:205413 [0] NCCL INFO NET/Plugin : No plugin found, using internal implementation
gpu:205413:205413 [0] NCCL INFO cudaDriverVersion 12020
NCCL version 2.18.1+cuda12.1
gpu:205413:205459 [0] NCCL INFO Failed to open libibverbs.so[.1]
gpu:205413:205459 [0] NCCL INFO NET/Socket : Using [0]eno8303:10.5.30.82<0> [1]eno8403:fe80::b645:6ff:feed:8e2a%eno8403<0>
gpu:205413:205459 [0] NCCL INFO Using network Socket
gpu:205413:205459 [0] NCCL INFO Setting affinity for GPU 0 to aaaaaaaa
gpu:205413:205459 [0] NCCL INFO Channel 00/32 :    0
gpu:205413:205459 [0] NCCL INFO Channel 01/32 :    0
gpu:205413:205459 [0] NCCL INFO Channel 02/32 :    0
gpu:205413:205459 [0] NCCL INFO Channel 03/32 :    0
gpu:205413:205459 [0] NCCL INFO Channel 04/32 :    0
gpu:205413:205459 [0] NCCL INFO Channel 05/32 :    0
gpu:205413:205459 [0] NCCL INFO Channel 06/32 :    0
gpu:205413:205459 [0] NCCL INFO Channel 07/32 :    0
gpu:205413:205459 [0] NCCL INFO Channel 08/32 :    0
gpu:205413:205459 [0] NCCL INFO Channel 09/32 :    0
gpu:205413:205459 [0] NCCL INFO Channel 10/32 :    0
gpu:205413:205459 [0] NCCL INFO Channel 11/32 :    0
gpu:205413:205459 [0] NCCL INFO Channel 12/32 :    0
gpu:205413:205459 [0] NCCL INFO Channel 13/32 :    0
gpu:205413:205459 [0] NCCL INFO Channel 14/32 :    0
gpu:205413:205459 [0] NCCL INFO Channel 15/32 :    0
gpu:205413:205459 [0] NCCL INFO Channel 16/32 :    0
gpu:205413:205459 [0] NCCL INFO Channel 17/32 :    0
gpu:205413:205459 [0] NCCL INFO Channel 18/32 :    0
gpu:205413:205459 [0] NCCL INFO Channel 19/32 :    0
gpu:205413:205459 [0] NCCL INFO Channel 20/32 :    0
gpu:205413:205459 [0] NCCL INFO Channel 21/32 :    0
gpu:205413:205459 [0] NCCL INFO Channel 22/32 :    0
gpu:205413:205459 [0] NCCL INFO Channel 23/32 :    0
gpu:205413:205459 [0] NCCL INFO Channel 24/32 :    0
gpu:205413:205459 [0] NCCL INFO Channel 25/32 :    0
gpu:205413:205459 [0] NCCL INFO Channel 26/32 :    0
gpu:205413:205459 [0] NCCL INFO Channel 27/32 :    0
gpu:205413:205459 [0] NCCL INFO Channel 28/32 :    0
gpu:205413:205459 [0] NCCL INFO Channel 29/32 :    0
gpu:205413:205459 [0] NCCL INFO Channel 30/32 :    0
gpu:205413:205459 [0] NCCL INFO Channel 31/32 :    0
gpu:205413:205459 [0] NCCL INFO Trees [0] -1/-1/-1->0->-1 [1] -1/-1/-1->0->-1 [2] -1/-1/-1->0->-1 [3] -1/-1/-1->0->-1 [4] -1/-1/-1->0->-1 [5] -1/-1/-1->0->-1 [6] -1/-1/-1->0->-1 [7] -1/-1/-1->0->-1 [8] -1/-1/-1->0->-1 [9] -1/-1/-1->0->-1 [10] -1/-1/-1->0->-1 [11] -1/-1/-1->0->-1 [12] -1/-1/-1->0->-1 [13] -1/-1/-1->0->-1 [14] -1/-1/-1->0->-1 [15] -1/-1/-1->0->-1 [16] -1/-1/-1->0->-1 [17] -1/-1/-1->0->-1 [18] -1/-1/-1->0->-1 [19] -1/-1/-1->0->-1 [20] -1/-1/-1->0->-1 [21] -1/-1/-1->0->-1 [22] -1/-1/-1->0->-1 [23] -1/-1/-1->0->-1 [24] -1/-1/-1->0->-1 [25] -1/-1/-1->0->-1 [26] -1/-1/-1->0->-1 [27] -1/-1/-1->0->-1 [28] -1/-1/-1->0->-1 [29] -1/-1/-1->0->-1 [30] -1/-1/-1->0->-1 [31] -1/-1/-1->0->-1
gpu:205413:205459 [0] NCCL INFO P2P Chunksize set to 131072
gpu:205413:205459 [0] NCCL INFO Connected all rings
gpu:205413:205459 [0] NCCL INFO Connected all trees
gpu:205413:205459 [0] NCCL INFO 32 coll channels, 0 nvls channels, 32 p2p channels, 32 p2p channels per peer
gpu:205413:205459 [0] NCCL INFO comm 0x97a9b70 rank 0 nranks 1 cudaDev 0 busId ca000 commId 0x6195b0e91e210add - Init COMPLETE
[I ProcessGroupNCCL.cpp:1342] NCCL_DEBUG: INFO
2024-03-10 05:43:32,966 [INFO] 
=====  Running Parameters    =====
2024-03-10 05:43:32,967 [INFO] {
    "accum_grad_iters": 1,
    "amp": true,
    "batch_size_eval": 1,
    "batch_size_train": 32,
    "device": "cuda",
    "dist_backend": "nccl",
    "dist_url": "env://",
    "distributed": true,
    "evaluate": true,
    "find_unused_parameters": true,
    "gpu": 0,
    "init_lr": 1e-05,
    "lr_sched": "linear_warmup_cosine_lr",
    "max_epoch": 5,
    "max_len": 30,
    "min_len": 8,
    "min_lr": 0,
    "num_beams": 5,
    "num_workers": 0,
    "output_dir": "expts/causalvidqa_infer/10_03_2024_05_43_27",
    "rank": 0,
    "resume_ckpt_path": null,
    "seed": 42,
    "task": "videoqa",
    "test_splits": [
        "test"
    ],
    "train_splits": [
        "train"
    ],
    "valid_splits": [
        "val"
    ],
    "warmup_lr": 1e-08,
    "warmup_steps": 200,
    "weight_decay": 0.05,
    "world_size": 1
}
2024-03-10 05:43:32,967 [INFO] 
======  Dataset Attributes  ======
2024-03-10 05:43:32,967 [INFO] 
======== causalvidqa =======
2024-03-10 05:43:32,967 [INFO] {
    "build_info": {
        "annotations": {
            "test": {
                "storage": "/home/shreyasjena/BTP/SeViLA/data/annotations/mixtral/orig_sample.json",
                "url": "/home/shreyasjena/BTP/SeViLA/data/annotations/mixtral/orig_sample.json"
            },
            "train": {
                "storage": "/home/shreyasjena/BTP/SeViLA/data/annotations/mixtral/train.json",
                "url": "/home/shreyasjena/BTP/SeViLA/data/annotations/mixtral/train.json"
            },
            "val": {
                "storage": "/home/shreyasjena/BTP/SeViLA/data/annotations/mixtral/val.json",
                "url": "/home/shreyasjena/BTP/SeViLA/data/annotations/mixtral/val.json"
            }
        },
        "videos": {
            "storage": "/home/shreyasjena/BTP/SeViLA/data/videos"
        }
    },
    "data_type": "videos",
    "text_processor": {
        "eval": {
            "max_words": 50,
            "name": "blip_question"
        }
    },
    "vis_processor": {
        "eval": {
            "image_size": 224,
            "n_frms": 32,
            "name": "blip_video_eval"
        }
    }
}
2024-03-10 05:43:32,967 [INFO] 
======  Model Attributes  ======
2024-03-10 05:43:32,968 [INFO] {
    "answer_num": 5,
    "arch": "sevila",
    "drop_path_rate": 0,
    "finetuned": "lavis/expts/causalvidqa_ft/24_01_2024_10_58_49/checkpoint_best.pth",
    "frame_num": 4,
    "freeze_vit": true,
    "image_size": 224,
    "load_finetuned": true,
    "model_type": "pretrain_flant5xl",
    "num_query_token": 32,
    "pretrained": "https://storage.googleapis.com/sfr-vision-language-research/LAVIS/models/BLIP2/blip2_pretrained_flant5xl.pth",
    "prompt": "",
    "qformer_input_text": false,
    "t5_model": "google/flan-t5-xl",
    "task": "qvh_freeze_loc_freeze_qa_vid",
    "use_grad_checkpoint": false,
    "vit_precision": "fp16"
}
Dataset config :  {'data_type': 'videos', 'build_info': {'annotations': {'train': {'url': '/home/shreyasjena/BTP/SeViLA/data/annotations/mixtral/train.json', 'storage': '/home/shreyasjena/BTP/SeViLA/data/annotations/mixtral/train.json'}, 'val': {'url': '/home/shreyasjena/BTP/SeViLA/data/annotations/mixtral/val.json', 'storage': '/home/shreyasjena/BTP/SeViLA/data/annotations/mixtral/val.json'}, 'test': {'url': '/home/shreyasjena/BTP/SeViLA/data/annotations/mixtral/orig_sample.json', 'storage': '/home/shreyasjena/BTP/SeViLA/data/annotations/mixtral/orig_sample.json'}}, 'videos': {'storage': '/home/shreyasjena/BTP/SeViLA/data/videos'}}, 'vis_processor': {'eval': {'name': 'blip_video_eval', 'n_frms': 32, 'image_size': 224}}, 'text_processor': {'eval': {'name': 'blip_question', 'max_words': 50}}}
Config keys :  dict_keys(['data_type', 'build_info', 'vis_processor', 'text_processor'])
Config : 

 {'data_type': 'videos', 'build_info': {'annotations': {'train': {'url': '/home/shreyasjena/BTP/SeViLA/data/annotations/mixtral/train.json', 'storage': '/home/shreyasjena/BTP/SeViLA/data/annotations/mixtral/train.json'}, 'val': {'url': '/home/shreyasjena/BTP/SeViLA/data/annotations/mixtral/val.json', 'storage': '/home/shreyasjena/BTP/SeViLA/data/annotations/mixtral/val.json'}, 'test': {'url': '/home/shreyasjena/BTP/SeViLA/data/annotations/mixtral/orig_sample.json', 'storage': '/home/shreyasjena/BTP/SeViLA/data/annotations/mixtral/orig_sample.json'}}, 'videos': {'storage': '/home/shreyasjena/BTP/SeViLA/data/videos'}}, 'vis_processor': {'eval': {'name': 'blip_video_eval', 'n_frms': 32, 'image_size': 224}}, 'text_processor': {'eval': {'name': 'blip_question', 'max_words': 50}}}
Building datasets in base task ...
2024-03-10 05:43:32,968 [INFO] Using existing file /home/shreyasjena/BTP/SeViLA/data/annotations/mixtral/train.json.
2024-03-10 05:43:32,968 [INFO] Using existing file /home/shreyasjena/BTP/SeViLA/data/annotations/mixtral/val.json.
2024-03-10 05:43:32,968 [INFO] Using existing file /home/shreyasjena/BTP/SeViLA/data/annotations/mixtral/orig_sample.json.
2024-03-10 05:43:32,969 [INFO] Building datasets...
Inside build processors ...
Config name :  blip_video_eval
Config name :  blip_question
in build() fn, Processors built
2024-03-10 05:43:56,446 [INFO] freeze vision encoder
Loading checkpoint shards:   0%|          | 0/2 [00:00<?, ?it/s]Loading checkpoint shards:  50%|█████     | 1/2 [00:02<00:02,  2.82s/it]Loading checkpoint shards: 100%|██████████| 2/2 [00:03<00:00,  1.51s/it]Loading checkpoint shards: 100%|██████████| 2/2 [00:03<00:00,  1.71s/it]
2024-03-10 05:44:11,330 [INFO] Missing keys ['query_tokens_loc', 'visual_encoder.cls_token', 'visual_encoder.pos_embed', 'visual_encoder.patch_embed.proj.weight', 'visual_encoder.patch_embed.proj.bias', 'visual_encoder.blocks.0.norm1.weight', 'visual_encoder.blocks.0.norm1.bias', 'visual_encoder.blocks.0.attn.q_bias', 'visual_encoder.blocks.0.attn.v_bias', 'visual_encoder.blocks.0.attn.qkv.weight', 'visual_encoder.blocks.0.attn.proj.weight', 'visual_encoder.blocks.0.attn.proj.bias', 'visual_encoder.blocks.0.norm2.weight', 'visual_encoder.blocks.0.norm2.bias', 'visual_encoder.blocks.0.mlp.fc1.weight', 'visual_encoder.blocks.0.mlp.fc1.bias', 'visual_encoder.blocks.0.mlp.fc2.weight', 'visual_encoder.blocks.0.mlp.fc2.bias', 'visual_encoder.blocks.1.norm1.weight', 'visual_encoder.blocks.1.norm1.bias', 'visual_encoder.blocks.1.attn.q_bias', 'visual_encoder.blocks.1.attn.v_bias', 'visual_encoder.blocks.1.attn.qkv.weight', 'visual_encoder.blocks.1.attn.proj.weight', 'visual_encoder.blocks.1.attn.proj.bias', 'visual_encoder.blocks.1.norm2.weight', 'visual_encoder.blocks.1.norm2.bias', 'visual_encoder.blocks.1.mlp.fc1.weight', 'visual_encoder.blocks.1.mlp.fc1.bias', 'visual_encoder.blocks.1.mlp.fc2.weight', 'visual_encoder.blocks.1.mlp.fc2.bias', 'visual_encoder.blocks.2.norm1.weight', 'visual_encoder.blocks.2.norm1.bias', 'visual_encoder.blocks.2.attn.q_bias', 'visual_encoder.blocks.2.attn.v_bias', 'visual_encoder.blocks.2.attn.qkv.weight', 'visual_encoder.blocks.2.attn.proj.weight', 'visual_encoder.blocks.2.attn.proj.bias', 'visual_encoder.blocks.2.norm2.weight', 'visual_encoder.blocks.2.norm2.bias', 'visual_encoder.blocks.2.mlp.fc1.weight', 'visual_encoder.blocks.2.mlp.fc1.bias', 'visual_encoder.blocks.2.mlp.fc2.weight', 'visual_encoder.blocks.2.mlp.fc2.bias', 'visual_encoder.blocks.3.norm1.weight', 'visual_encoder.blocks.3.norm1.bias', 'visual_encoder.blocks.3.attn.q_bias', 'visual_encoder.blocks.3.attn.v_bias', 'visual_encoder.blocks.3.attn.qkv.weight', 'visual_encoder.blocks.3.attn.proj.weight', 'visual_encoder.blocks.3.attn.proj.bias', 'visual_encoder.blocks.3.norm2.weight', 'visual_encoder.blocks.3.norm2.bias', 'visual_encoder.blocks.3.mlp.fc1.weight', 'visual_encoder.blocks.3.mlp.fc1.bias', 'visual_encoder.blocks.3.mlp.fc2.weight', 'visual_encoder.blocks.3.mlp.fc2.bias', 'visual_encoder.blocks.4.norm1.weight', 'visual_encoder.blocks.4.norm1.bias', 'visual_encoder.blocks.4.attn.q_bias', 'visual_encoder.blocks.4.attn.v_bias', 'visual_encoder.blocks.4.attn.qkv.weight', 'visual_encoder.blocks.4.attn.proj.weight', 'visual_encoder.blocks.4.attn.proj.bias', 'visual_encoder.blocks.4.norm2.weight', 'visual_encoder.blocks.4.norm2.bias', 'visual_encoder.blocks.4.mlp.fc1.weight', 'visual_encoder.blocks.4.mlp.fc1.bias', 'visual_encoder.blocks.4.mlp.fc2.weight', 'visual_encoder.blocks.4.mlp.fc2.bias', 'visual_encoder.blocks.5.norm1.weight', 'visual_encoder.blocks.5.norm1.bias', 'visual_encoder.blocks.5.attn.q_bias', 'visual_encoder.blocks.5.attn.v_bias', 'visual_encoder.blocks.5.attn.qkv.weight', 'visual_encoder.blocks.5.attn.proj.weight', 'visual_encoder.blocks.5.attn.proj.bias', 'visual_encoder.blocks.5.norm2.weight', 'visual_encoder.blocks.5.norm2.bias', 'visual_encoder.blocks.5.mlp.fc1.weight', 'visual_encoder.blocks.5.mlp.fc1.bias', 'visual_encoder.blocks.5.mlp.fc2.weight', 'visual_encoder.blocks.5.mlp.fc2.bias', 'visual_encoder.blocks.6.norm1.weight', 'visual_encoder.blocks.6.norm1.bias', 'visual_encoder.blocks.6.attn.q_bias', 'visual_encoder.blocks.6.attn.v_bias', 'visual_encoder.blocks.6.attn.qkv.weight', 'visual_encoder.blocks.6.attn.proj.weight', 'visual_encoder.blocks.6.attn.proj.bias', 'visual_encoder.blocks.6.norm2.weight', 'visual_encoder.blocks.6.norm2.bias', 'visual_encoder.blocks.6.mlp.fc1.weight', 'visual_encoder.blocks.6.mlp.fc1.bias', 'visual_encoder.blocks.6.mlp.fc2.weight', 'visual_encoder.blocks.6.mlp.fc2.bias', 'visual_encoder.blocks.7.norm1.weight', 'visual_encoder.blocks.7.norm1.bias', 'visual_encoder.blocks.7.attn.q_bias', 'visual_encoder.blocks.7.attn.v_bias', 'visual_encoder.blocks.7.attn.qkv.weight', 'visual_encoder.blocks.7.attn.proj.weight', 'visual_encoder.blocks.7.attn.proj.bias', 'visual_encoder.blocks.7.norm2.weight', 'visual_encoder.blocks.7.norm2.bias', 'visual_encoder.blocks.7.mlp.fc1.weight', 'visual_encoder.blocks.7.mlp.fc1.bias', 'visual_encoder.blocks.7.mlp.fc2.weight', 'visual_encoder.blocks.7.mlp.fc2.bias', 'visual_encoder.blocks.8.norm1.weight', 'visual_encoder.blocks.8.norm1.bias', 'visual_encoder.blocks.8.attn.q_bias', 'visual_encoder.blocks.8.attn.v_bias', 'visual_encoder.blocks.8.attn.qkv.weight', 'visual_encoder.blocks.8.attn.proj.weight', 'visual_encoder.blocks.8.attn.proj.bias', 'visual_encoder.blocks.8.norm2.weight', 'visual_encoder.blocks.8.norm2.bias', 'visual_encoder.blocks.8.mlp.fc1.weight', 'visual_encoder.blocks.8.mlp.fc1.bias', 'visual_encoder.blocks.8.mlp.fc2.weight', 'visual_encoder.blocks.8.mlp.fc2.bias', 'visual_encoder.blocks.9.norm1.weight', 'visual_encoder.blocks.9.norm1.bias', 'visual_encoder.blocks.9.attn.q_bias', 'visual_encoder.blocks.9.attn.v_bias', 'visual_encoder.blocks.9.attn.qkv.weight', 'visual_encoder.blocks.9.attn.proj.weight', 'visual_encoder.blocks.9.attn.proj.bias', 'visual_encoder.blocks.9.norm2.weight', 'visual_encoder.blocks.9.norm2.bias', 'visual_encoder.blocks.9.mlp.fc1.weight', 'visual_encoder.blocks.9.mlp.fc1.bias', 'visual_encoder.blocks.9.mlp.fc2.weight', 'visual_encoder.blocks.9.mlp.fc2.bias', 'visual_encoder.blocks.10.norm1.weight', 'visual_encoder.blocks.10.norm1.bias', 'visual_encoder.blocks.10.attn.q_bias', 'visual_encoder.blocks.10.attn.v_bias', 'visual_encoder.blocks.10.attn.qkv.weight', 'visual_encoder.blocks.10.attn.proj.weight', 'visual_encoder.blocks.10.attn.proj.bias', 'visual_encoder.blocks.10.norm2.weight', 'visual_encoder.blocks.10.norm2.bias', 'visual_encoder.blocks.10.mlp.fc1.weight', 'visual_encoder.blocks.10.mlp.fc1.bias', 'visual_encoder.blocks.10.mlp.fc2.weight', 'visual_encoder.blocks.10.mlp.fc2.bias', 'visual_encoder.blocks.11.norm1.weight', 'visual_encoder.blocks.11.norm1.bias', 'visual_encoder.blocks.11.attn.q_bias', 'visual_encoder.blocks.11.attn.v_bias', 'visual_encoder.blocks.11.attn.qkv.weight', 'visual_encoder.blocks.11.attn.proj.weight', 'visual_encoder.blocks.11.attn.proj.bias', 'visual_encoder.blocks.11.norm2.weight', 'visual_encoder.blocks.11.norm2.bias', 'visual_encoder.blocks.11.mlp.fc1.weight', 'visual_encoder.blocks.11.mlp.fc1.bias', 'visual_encoder.blocks.11.mlp.fc2.weight', 'visual_encoder.blocks.11.mlp.fc2.bias', 'visual_encoder.blocks.12.norm1.weight', 'visual_encoder.blocks.12.norm1.bias', 'visual_encoder.blocks.12.attn.q_bias', 'visual_encoder.blocks.12.attn.v_bias', 'visual_encoder.blocks.12.attn.qkv.weight', 'visual_encoder.blocks.12.attn.proj.weight', 'visual_encoder.blocks.12.attn.proj.bias', 'visual_encoder.blocks.12.norm2.weight', 'visual_encoder.blocks.12.norm2.bias', 'visual_encoder.blocks.12.mlp.fc1.weight', 'visual_encoder.blocks.12.mlp.fc1.bias', 'visual_encoder.blocks.12.mlp.fc2.weight', 'visual_encoder.blocks.12.mlp.fc2.bias', 'visual_encoder.blocks.13.norm1.weight', 'visual_encoder.blocks.13.norm1.bias', 'visual_encoder.blocks.13.attn.q_bias', 'visual_encoder.blocks.13.attn.v_bias', 'visual_encoder.blocks.13.attn.qkv.weight', 'visual_encoder.blocks.13.attn.proj.weight', 'visual_encoder.blocks.13.attn.proj.bias', 'visual_encoder.blocks.13.norm2.weight', 'visual_encoder.blocks.13.norm2.bias', 'visual_encoder.blocks.13.mlp.fc1.weight', 'visual_encoder.blocks.13.mlp.fc1.bias', 'visual_encoder.blocks.13.mlp.fc2.weight', 'visual_encoder.blocks.13.mlp.fc2.bias', 'visual_encoder.blocks.14.norm1.weight', 'visual_encoder.blocks.14.norm1.bias', 'visual_encoder.blocks.14.attn.q_bias', 'visual_encoder.blocks.14.attn.v_bias', 'visual_encoder.blocks.14.attn.qkv.weight', 'visual_encoder.blocks.14.attn.proj.weight', 'visual_encoder.blocks.14.attn.proj.bias', 'visual_encoder.blocks.14.norm2.weight', 'visual_encoder.blocks.14.norm2.bias', 'visual_encoder.blocks.14.mlp.fc1.weight', 'visual_encoder.blocks.14.mlp.fc1.bias', 'visual_encoder.blocks.14.mlp.fc2.weight', 'visual_encoder.blocks.14.mlp.fc2.bias', 'visual_encoder.blocks.15.norm1.weight', 'visual_encoder.blocks.15.norm1.bias', 'visual_encoder.blocks.15.attn.q_bias', 'visual_encoder.blocks.15.attn.v_bias', 'visual_encoder.blocks.15.attn.qkv.weight', 'visual_encoder.blocks.15.attn.proj.weight', 'visual_encoder.blocks.15.attn.proj.bias', 'visual_encoder.blocks.15.norm2.weight', 'visual_encoder.blocks.15.norm2.bias', 'visual_encoder.blocks.15.mlp.fc1.weight', 'visual_encoder.blocks.15.mlp.fc1.bias', 'visual_encoder.blocks.15.mlp.fc2.weight', 'visual_encoder.blocks.15.mlp.fc2.bias', 'visual_encoder.blocks.16.norm1.weight', 'visual_encoder.blocks.16.norm1.bias', 'visual_encoder.blocks.16.attn.q_bias', 'visual_encoder.blocks.16.attn.v_bias', 'visual_encoder.blocks.16.attn.qkv.weight', 'visual_encoder.blocks.16.attn.proj.weight', 'visual_encoder.blocks.16.attn.proj.bias', 'visual_encoder.blocks.16.norm2.weight', 'visual_encoder.blocks.16.norm2.bias', 'visual_encoder.blocks.16.mlp.fc1.weight', 'visual_encoder.blocks.16.mlp.fc1.bias', 'visual_encoder.blocks.16.mlp.fc2.weight', 'visual_encoder.blocks.16.mlp.fc2.bias', 'visual_encoder.blocks.17.norm1.weight', 'visual_encoder.blocks.17.norm1.bias', 'visual_encoder.blocks.17.attn.q_bias', 'visual_encoder.blocks.17.attn.v_bias', 'visual_encoder.blocks.17.attn.qkv.weight', 'visual_encoder.blocks.17.attn.proj.weight', 'visual_encoder.blocks.17.attn.proj.bias', 'visual_encoder.blocks.17.norm2.weight', 'visual_encoder.blocks.17.norm2.bias', 'visual_encoder.blocks.17.mlp.fc1.weight', 'visual_encoder.blocks.17.mlp.fc1.bias', 'visual_encoder.blocks.17.mlp.fc2.weight', 'visual_encoder.blocks.17.mlp.fc2.bias', 'visual_encoder.blocks.18.norm1.weight', 'visual_encoder.blocks.18.norm1.bias', 'visual_encoder.blocks.18.attn.q_bias', 'visual_encoder.blocks.18.attn.v_bias', 'visual_encoder.blocks.18.attn.qkv.weight', 'visual_encoder.blocks.18.attn.proj.weight', 'visual_encoder.blocks.18.attn.proj.bias', 'visual_encoder.blocks.18.norm2.weight', 'visual_encoder.blocks.18.norm2.bias', 'visual_encoder.blocks.18.mlp.fc1.weight', 'visual_encoder.blocks.18.mlp.fc1.bias', 'visual_encoder.blocks.18.mlp.fc2.weight', 'visual_encoder.blocks.18.mlp.fc2.bias', 'visual_encoder.blocks.19.norm1.weight', 'visual_encoder.blocks.19.norm1.bias', 'visual_encoder.blocks.19.attn.q_bias', 'visual_encoder.blocks.19.attn.v_bias', 'visual_encoder.blocks.19.attn.qkv.weight', 'visual_encoder.blocks.19.attn.proj.weight', 'visual_encoder.blocks.19.attn.proj.bias', 'visual_encoder.blocks.19.norm2.weight', 'visual_encoder.blocks.19.norm2.bias', 'visual_encoder.blocks.19.mlp.fc1.weight', 'visual_encoder.blocks.19.mlp.fc1.bias', 'visual_encoder.blocks.19.mlp.fc2.weight', 'visual_encoder.blocks.19.mlp.fc2.bias', 'visual_encoder.blocks.20.norm1.weight', 'visual_encoder.blocks.20.norm1.bias', 'visual_encoder.blocks.20.attn.q_bias', 'visual_encoder.blocks.20.attn.v_bias', 'visual_encoder.blocks.20.attn.qkv.weight', 'visual_encoder.blocks.20.attn.proj.weight', 'visual_encoder.blocks.20.attn.proj.bias', 'visual_encoder.blocks.20.norm2.weight', 'visual_encoder.blocks.20.norm2.bias', 'visual_encoder.blocks.20.mlp.fc1.weight', 'visual_encoder.blocks.20.mlp.fc1.bias', 'visual_encoder.blocks.20.mlp.fc2.weight', 'visual_encoder.blocks.20.mlp.fc2.bias', 'visual_encoder.blocks.21.norm1.weight', 'visual_encoder.blocks.21.norm1.bias', 'visual_encoder.blocks.21.attn.q_bias', 'visual_encoder.blocks.21.attn.v_bias', 'visual_encoder.blocks.21.attn.qkv.weight', 'visual_encoder.blocks.21.attn.proj.weight', 'visual_encoder.blocks.21.attn.proj.bias', 'visual_encoder.blocks.21.norm2.weight', 'visual_encoder.blocks.21.norm2.bias', 'visual_encoder.blocks.21.mlp.fc1.weight', 'visual_encoder.blocks.21.mlp.fc1.bias', 'visual_encoder.blocks.21.mlp.fc2.weight', 'visual_encoder.blocks.21.mlp.fc2.bias', 'visual_encoder.blocks.22.norm1.weight', 'visual_encoder.blocks.22.norm1.bias', 'visual_encoder.blocks.22.attn.q_bias', 'visual_encoder.blocks.22.attn.v_bias', 'visual_encoder.blocks.22.attn.qkv.weight', 'visual_encoder.blocks.22.attn.proj.weight', 'visual_encoder.blocks.22.attn.proj.bias', 'visual_encoder.blocks.22.norm2.weight', 'visual_encoder.blocks.22.norm2.bias', 'visual_encoder.blocks.22.mlp.fc1.weight', 'visual_encoder.blocks.22.mlp.fc1.bias', 'visual_encoder.blocks.22.mlp.fc2.weight', 'visual_encoder.blocks.22.mlp.fc2.bias', 'visual_encoder.blocks.23.norm1.weight', 'visual_encoder.blocks.23.norm1.bias', 'visual_encoder.blocks.23.attn.q_bias', 'visual_encoder.blocks.23.attn.v_bias', 'visual_encoder.blocks.23.attn.qkv.weight', 'visual_encoder.blocks.23.attn.proj.weight', 'visual_encoder.blocks.23.attn.proj.bias', 'visual_encoder.blocks.23.norm2.weight', 'visual_encoder.blocks.23.norm2.bias', 'visual_encoder.blocks.23.mlp.fc1.weight', 'visual_encoder.blocks.23.mlp.fc1.bias', 'visual_encoder.blocks.23.mlp.fc2.weight', 'visual_encoder.blocks.23.mlp.fc2.bias', 'visual_encoder.blocks.24.norm1.weight', 'visual_encoder.blocks.24.norm1.bias', 'visual_encoder.blocks.24.attn.q_bias', 'visual_encoder.blocks.24.attn.v_bias', 'visual_encoder.blocks.24.attn.qkv.weight', 'visual_encoder.blocks.24.attn.proj.weight', 'visual_encoder.blocks.24.attn.proj.bias', 'visual_encoder.blocks.24.norm2.weight', 'visual_encoder.blocks.24.norm2.bias', 'visual_encoder.blocks.24.mlp.fc1.weight', 'visual_encoder.blocks.24.mlp.fc1.bias', 'visual_encoder.blocks.24.mlp.fc2.weight', 'visual_encoder.blocks.24.mlp.fc2.bias', 'visual_encoder.blocks.25.norm1.weight', 'visual_encoder.blocks.25.norm1.bias', 'visual_encoder.blocks.25.attn.q_bias', 'visual_encoder.blocks.25.attn.v_bias', 'visual_encoder.blocks.25.attn.qkv.weight', 'visual_encoder.blocks.25.attn.proj.weight', 'visual_encoder.blocks.25.attn.proj.bias', 'visual_encoder.blocks.25.norm2.weight', 'visual_encoder.blocks.25.norm2.bias', 'visual_encoder.blocks.25.mlp.fc1.weight', 'visual_encoder.blocks.25.mlp.fc1.bias', 'visual_encoder.blocks.25.mlp.fc2.weight', 'visual_encoder.blocks.25.mlp.fc2.bias', 'visual_encoder.blocks.26.norm1.weight', 'visual_encoder.blocks.26.norm1.bias', 'visual_encoder.blocks.26.attn.q_bias', 'visual_encoder.blocks.26.attn.v_bias', 'visual_encoder.blocks.26.attn.qkv.weight', 'visual_encoder.blocks.26.attn.proj.weight', 'visual_encoder.blocks.26.attn.proj.bias', 'visual_encoder.blocks.26.norm2.weight', 'visual_encoder.blocks.26.norm2.bias', 'visual_encoder.blocks.26.mlp.fc1.weight', 'visual_encoder.blocks.26.mlp.fc1.bias', 'visual_encoder.blocks.26.mlp.fc2.weight', 'visual_encoder.blocks.26.mlp.fc2.bias', 'visual_encoder.blocks.27.norm1.weight', 'visual_encoder.blocks.27.norm1.bias', 'visual_encoder.blocks.27.attn.q_bias', 'visual_encoder.blocks.27.attn.v_bias', 'visual_encoder.blocks.27.attn.qkv.weight', 'visual_encoder.blocks.27.attn.proj.weight', 'visual_encoder.blocks.27.attn.proj.bias', 'visual_encoder.blocks.27.norm2.weight', 'visual_encoder.blocks.27.norm2.bias', 'visual_encoder.blocks.27.mlp.fc1.weight', 'visual_encoder.blocks.27.mlp.fc1.bias', 'visual_encoder.blocks.27.mlp.fc2.weight', 'visual_encoder.blocks.27.mlp.fc2.bias', 'visual_encoder.blocks.28.norm1.weight', 'visual_encoder.blocks.28.norm1.bias', 'visual_encoder.blocks.28.attn.q_bias', 'visual_encoder.blocks.28.attn.v_bias', 'visual_encoder.blocks.28.attn.qkv.weight', 'visual_encoder.blocks.28.attn.proj.weight', 'visual_encoder.blocks.28.attn.proj.bias', 'visual_encoder.blocks.28.norm2.weight', 'visual_encoder.blocks.28.norm2.bias', 'visual_encoder.blocks.28.mlp.fc1.weight', 'visual_encoder.blocks.28.mlp.fc1.bias', 'visual_encoder.blocks.28.mlp.fc2.weight', 'visual_encoder.blocks.28.mlp.fc2.bias', 'visual_encoder.blocks.29.norm1.weight', 'visual_encoder.blocks.29.norm1.bias', 'visual_encoder.blocks.29.attn.q_bias', 'visual_encoder.blocks.29.attn.v_bias', 'visual_encoder.blocks.29.attn.qkv.weight', 'visual_encoder.blocks.29.attn.proj.weight', 'visual_encoder.blocks.29.attn.proj.bias', 'visual_encoder.blocks.29.norm2.weight', 'visual_encoder.blocks.29.norm2.bias', 'visual_encoder.blocks.29.mlp.fc1.weight', 'visual_encoder.blocks.29.mlp.fc1.bias', 'visual_encoder.blocks.29.mlp.fc2.weight', 'visual_encoder.blocks.29.mlp.fc2.bias', 'visual_encoder.blocks.30.norm1.weight', 'visual_encoder.blocks.30.norm1.bias', 'visual_encoder.blocks.30.attn.q_bias', 'visual_encoder.blocks.30.attn.v_bias', 'visual_encoder.blocks.30.attn.qkv.weight', 'visual_encoder.blocks.30.attn.proj.weight', 'visual_encoder.blocks.30.attn.proj.bias', 'visual_encoder.blocks.30.norm2.weight', 'visual_encoder.blocks.30.norm2.bias', 'visual_encoder.blocks.30.mlp.fc1.weight', 'visual_encoder.blocks.30.mlp.fc1.bias', 'visual_encoder.blocks.30.mlp.fc2.weight', 'visual_encoder.blocks.30.mlp.fc2.bias', 'visual_encoder.blocks.31.norm1.weight', 'visual_encoder.blocks.31.norm1.bias', 'visual_encoder.blocks.31.attn.q_bias', 'visual_encoder.blocks.31.attn.v_bias', 'visual_encoder.blocks.31.attn.qkv.weight', 'visual_encoder.blocks.31.attn.proj.weight', 'visual_encoder.blocks.31.attn.proj.bias', 'visual_encoder.blocks.31.norm2.weight', 'visual_encoder.blocks.31.norm2.bias', 'visual_encoder.blocks.31.mlp.fc1.weight', 'visual_encoder.blocks.31.mlp.fc1.bias', 'visual_encoder.blocks.31.mlp.fc2.weight', 'visual_encoder.blocks.31.mlp.fc2.bias', 'visual_encoder.blocks.32.norm1.weight', 'visual_encoder.blocks.32.norm1.bias', 'visual_encoder.blocks.32.attn.q_bias', 'visual_encoder.blocks.32.attn.v_bias', 'visual_encoder.blocks.32.attn.qkv.weight', 'visual_encoder.blocks.32.attn.proj.weight', 'visual_encoder.blocks.32.attn.proj.bias', 'visual_encoder.blocks.32.norm2.weight', 'visual_encoder.blocks.32.norm2.bias', 'visual_encoder.blocks.32.mlp.fc1.weight', 'visual_encoder.blocks.32.mlp.fc1.bias', 'visual_encoder.blocks.32.mlp.fc2.weight', 'visual_encoder.blocks.32.mlp.fc2.bias', 'visual_encoder.blocks.33.norm1.weight', 'visual_encoder.blocks.33.norm1.bias', 'visual_encoder.blocks.33.attn.q_bias', 'visual_encoder.blocks.33.attn.v_bias', 'visual_encoder.blocks.33.attn.qkv.weight', 'visual_encoder.blocks.33.attn.proj.weight', 'visual_encoder.blocks.33.attn.proj.bias', 'visual_encoder.blocks.33.norm2.weight', 'visual_encoder.blocks.33.norm2.bias', 'visual_encoder.blocks.33.mlp.fc1.weight', 'visual_encoder.blocks.33.mlp.fc1.bias', 'visual_encoder.blocks.33.mlp.fc2.weight', 'visual_encoder.blocks.33.mlp.fc2.bias', 'visual_encoder.blocks.34.norm1.weight', 'visual_encoder.blocks.34.norm1.bias', 'visual_encoder.blocks.34.attn.q_bias', 'visual_encoder.blocks.34.attn.v_bias', 'visual_encoder.blocks.34.attn.qkv.weight', 'visual_encoder.blocks.34.attn.proj.weight', 'visual_encoder.blocks.34.attn.proj.bias', 'visual_encoder.blocks.34.norm2.weight', 'visual_encoder.blocks.34.norm2.bias', 'visual_encoder.blocks.34.mlp.fc1.weight', 'visual_encoder.blocks.34.mlp.fc1.bias', 'visual_encoder.blocks.34.mlp.fc2.weight', 'visual_encoder.blocks.34.mlp.fc2.bias', 'visual_encoder.blocks.35.norm1.weight', 'visual_encoder.blocks.35.norm1.bias', 'visual_encoder.blocks.35.attn.q_bias', 'visual_encoder.blocks.35.attn.v_bias', 'visual_encoder.blocks.35.attn.qkv.weight', 'visual_encoder.blocks.35.attn.proj.weight', 'visual_encoder.blocks.35.attn.proj.bias', 'visual_encoder.blocks.35.norm2.weight', 'visual_encoder.blocks.35.norm2.bias', 'visual_encoder.blocks.35.mlp.fc1.weight', 'visual_encoder.blocks.35.mlp.fc1.bias', 'visual_encoder.blocks.35.mlp.fc2.weight', 'visual_encoder.blocks.35.mlp.fc2.bias', 'visual_encoder.blocks.36.norm1.weight', 'visual_encoder.blocks.36.norm1.bias', 'visual_encoder.blocks.36.attn.q_bias', 'visual_encoder.blocks.36.attn.v_bias', 'visual_encoder.blocks.36.attn.qkv.weight', 'visual_encoder.blocks.36.attn.proj.weight', 'visual_encoder.blocks.36.attn.proj.bias', 'visual_encoder.blocks.36.norm2.weight', 'visual_encoder.blocks.36.norm2.bias', 'visual_encoder.blocks.36.mlp.fc1.weight', 'visual_encoder.blocks.36.mlp.fc1.bias', 'visual_encoder.blocks.36.mlp.fc2.weight', 'visual_encoder.blocks.36.mlp.fc2.bias', 'visual_encoder.blocks.37.norm1.weight', 'visual_encoder.blocks.37.norm1.bias', 'visual_encoder.blocks.37.attn.q_bias', 'visual_encoder.blocks.37.attn.v_bias', 'visual_encoder.blocks.37.attn.qkv.weight', 'visual_encoder.blocks.37.attn.proj.weight', 'visual_encoder.blocks.37.attn.proj.bias', 'visual_encoder.blocks.37.norm2.weight', 'visual_encoder.blocks.37.norm2.bias', 'visual_encoder.blocks.37.mlp.fc1.weight', 'visual_encoder.blocks.37.mlp.fc1.bias', 'visual_encoder.blocks.37.mlp.fc2.weight', 'visual_encoder.blocks.37.mlp.fc2.bias', 'visual_encoder.blocks.38.norm1.weight', 'visual_encoder.blocks.38.norm1.bias', 'visual_encoder.blocks.38.attn.q_bias', 'visual_encoder.blocks.38.attn.v_bias', 'visual_encoder.blocks.38.attn.qkv.weight', 'visual_encoder.blocks.38.attn.proj.weight', 'visual_encoder.blocks.38.attn.proj.bias', 'visual_encoder.blocks.38.norm2.weight', 'visual_encoder.blocks.38.norm2.bias', 'visual_encoder.blocks.38.mlp.fc1.weight', 'visual_encoder.blocks.38.mlp.fc1.bias', 'visual_encoder.blocks.38.mlp.fc2.weight', 'visual_encoder.blocks.38.mlp.fc2.bias', 't5_model.shared.weight', 't5_model.encoder.block.0.layer.0.SelfAttention.q.weight', 't5_model.encoder.block.0.layer.0.SelfAttention.k.weight', 't5_model.encoder.block.0.layer.0.SelfAttention.v.weight', 't5_model.encoder.block.0.layer.0.SelfAttention.o.weight', 't5_model.encoder.block.0.layer.0.SelfAttention.relative_attention_bias.weight', 't5_model.encoder.block.0.layer.0.layer_norm.weight', 't5_model.encoder.block.0.layer.1.DenseReluDense.wi_0.weight', 't5_model.encoder.block.0.layer.1.DenseReluDense.wi_1.weight', 't5_model.encoder.block.0.layer.1.DenseReluDense.wo.weight', 't5_model.encoder.block.0.layer.1.layer_norm.weight', 't5_model.encoder.block.1.layer.0.SelfAttention.q.weight', 't5_model.encoder.block.1.layer.0.SelfAttention.k.weight', 't5_model.encoder.block.1.layer.0.SelfAttention.v.weight', 't5_model.encoder.block.1.layer.0.SelfAttention.o.weight', 't5_model.encoder.block.1.layer.0.layer_norm.weight', 't5_model.encoder.block.1.layer.1.DenseReluDense.wi_0.weight', 't5_model.encoder.block.1.layer.1.DenseReluDense.wi_1.weight', 't5_model.encoder.block.1.layer.1.DenseReluDense.wo.weight', 't5_model.encoder.block.1.layer.1.layer_norm.weight', 't5_model.encoder.block.2.layer.0.SelfAttention.q.weight', 't5_model.encoder.block.2.layer.0.SelfAttention.k.weight', 't5_model.encoder.block.2.layer.0.SelfAttention.v.weight', 't5_model.encoder.block.2.layer.0.SelfAttention.o.weight', 't5_model.encoder.block.2.layer.0.layer_norm.weight', 't5_model.encoder.block.2.layer.1.DenseReluDense.wi_0.weight', 't5_model.encoder.block.2.layer.1.DenseReluDense.wi_1.weight', 't5_model.encoder.block.2.layer.1.DenseReluDense.wo.weight', 't5_model.encoder.block.2.layer.1.layer_norm.weight', 't5_model.encoder.block.3.layer.0.SelfAttention.q.weight', 't5_model.encoder.block.3.layer.0.SelfAttention.k.weight', 't5_model.encoder.block.3.layer.0.SelfAttention.v.weight', 't5_model.encoder.block.3.layer.0.SelfAttention.o.weight', 't5_model.encoder.block.3.layer.0.layer_norm.weight', 't5_model.encoder.block.3.layer.1.DenseReluDense.wi_0.weight', 't5_model.encoder.block.3.layer.1.DenseReluDense.wi_1.weight', 't5_model.encoder.block.3.layer.1.DenseReluDense.wo.weight', 't5_model.encoder.block.3.layer.1.layer_norm.weight', 't5_model.encoder.block.4.layer.0.SelfAttention.q.weight', 't5_model.encoder.block.4.layer.0.SelfAttention.k.weight', 't5_model.encoder.block.4.layer.0.SelfAttention.v.weight', 't5_model.encoder.block.4.layer.0.SelfAttention.o.weight', 't5_model.encoder.block.4.layer.0.layer_norm.weight', 't5_model.encoder.block.4.layer.1.DenseReluDense.wi_0.weight', 't5_model.encoder.block.4.layer.1.DenseReluDense.wi_1.weight', 't5_model.encoder.block.4.layer.1.DenseReluDense.wo.weight', 't5_model.encoder.block.4.layer.1.layer_norm.weight', 't5_model.encoder.block.5.layer.0.SelfAttention.q.weight', 't5_model.encoder.block.5.layer.0.SelfAttention.k.weight', 't5_model.encoder.block.5.layer.0.SelfAttention.v.weight', 't5_model.encoder.block.5.layer.0.SelfAttention.o.weight', 't5_model.encoder.block.5.layer.0.layer_norm.weight', 't5_model.encoder.block.5.layer.1.DenseReluDense.wi_0.weight', 't5_model.encoder.block.5.layer.1.DenseReluDense.wi_1.weight', 't5_model.encoder.block.5.layer.1.DenseReluDense.wo.weight', 't5_model.encoder.block.5.layer.1.layer_norm.weight', 't5_model.encoder.block.6.layer.0.SelfAttention.q.weight', 't5_model.encoder.block.6.layer.0.SelfAttention.k.weight', 't5_model.encoder.block.6.layer.0.SelfAttention.v.weight', 't5_model.encoder.block.6.layer.0.SelfAttention.o.weight', 't5_model.encoder.block.6.layer.0.layer_norm.weight', 't5_model.encoder.block.6.layer.1.DenseReluDense.wi_0.weight', 't5_model.encoder.block.6.layer.1.DenseReluDense.wi_1.weight', 't5_model.encoder.block.6.layer.1.DenseReluDense.wo.weight', 't5_model.encoder.block.6.layer.1.layer_norm.weight', 't5_model.encoder.block.7.layer.0.SelfAttention.q.weight', 't5_model.encoder.block.7.layer.0.SelfAttention.k.weight', 't5_model.encoder.block.7.layer.0.SelfAttention.v.weight', 't5_model.encoder.block.7.layer.0.SelfAttention.o.weight', 't5_model.encoder.block.7.layer.0.layer_norm.weight', 't5_model.encoder.block.7.layer.1.DenseReluDense.wi_0.weight', 't5_model.encoder.block.7.layer.1.DenseReluDense.wi_1.weight', 't5_model.encoder.block.7.layer.1.DenseReluDense.wo.weight', 't5_model.encoder.block.7.layer.1.layer_norm.weight', 't5_model.encoder.block.8.layer.0.SelfAttention.q.weight', 't5_model.encoder.block.8.layer.0.SelfAttention.k.weight', 't5_model.encoder.block.8.layer.0.SelfAttention.v.weight', 't5_model.encoder.block.8.layer.0.SelfAttention.o.weight', 't5_model.encoder.block.8.layer.0.layer_norm.weight', 't5_model.encoder.block.8.layer.1.DenseReluDense.wi_0.weight', 't5_model.encoder.block.8.layer.1.DenseReluDense.wi_1.weight', 't5_model.encoder.block.8.layer.1.DenseReluDense.wo.weight', 't5_model.encoder.block.8.layer.1.layer_norm.weight', 't5_model.encoder.block.9.layer.0.SelfAttention.q.weight', 't5_model.encoder.block.9.layer.0.SelfAttention.k.weight', 't5_model.encoder.block.9.layer.0.SelfAttention.v.weight', 't5_model.encoder.block.9.layer.0.SelfAttention.o.weight', 't5_model.encoder.block.9.layer.0.layer_norm.weight', 't5_model.encoder.block.9.layer.1.DenseReluDense.wi_0.weight', 't5_model.encoder.block.9.layer.1.DenseReluDense.wi_1.weight', 't5_model.encoder.block.9.layer.1.DenseReluDense.wo.weight', 't5_model.encoder.block.9.layer.1.layer_norm.weight', 't5_model.encoder.block.10.layer.0.SelfAttention.q.weight', 't5_model.encoder.block.10.layer.0.SelfAttention.k.weight', 't5_model.encoder.block.10.layer.0.SelfAttention.v.weight', 't5_model.encoder.block.10.layer.0.SelfAttention.o.weight', 't5_model.encoder.block.10.layer.0.layer_norm.weight', 't5_model.encoder.block.10.layer.1.DenseReluDense.wi_0.weight', 't5_model.encoder.block.10.layer.1.DenseReluDense.wi_1.weight', 't5_model.encoder.block.10.layer.1.DenseReluDense.wo.weight', 't5_model.encoder.block.10.layer.1.layer_norm.weight', 't5_model.encoder.block.11.layer.0.SelfAttention.q.weight', 't5_model.encoder.block.11.layer.0.SelfAttention.k.weight', 't5_model.encoder.block.11.layer.0.SelfAttention.v.weight', 't5_model.encoder.block.11.layer.0.SelfAttention.o.weight', 't5_model.encoder.block.11.layer.0.layer_norm.weight', 't5_model.encoder.block.11.layer.1.DenseReluDense.wi_0.weight', 't5_model.encoder.block.11.layer.1.DenseReluDense.wi_1.weight', 't5_model.encoder.block.11.layer.1.DenseReluDense.wo.weight', 't5_model.encoder.block.11.layer.1.layer_norm.weight', 't5_model.encoder.block.12.layer.0.SelfAttention.q.weight', 't5_model.encoder.block.12.layer.0.SelfAttention.k.weight', 't5_model.encoder.block.12.layer.0.SelfAttention.v.weight', 't5_model.encoder.block.12.layer.0.SelfAttention.o.weight', 't5_model.encoder.block.12.layer.0.layer_norm.weight', 't5_model.encoder.block.12.layer.1.DenseReluDense.wi_0.weight', 't5_model.encoder.block.12.layer.1.DenseReluDense.wi_1.weight', 't5_model.encoder.block.12.layer.1.DenseReluDense.wo.weight', 't5_model.encoder.block.12.layer.1.layer_norm.weight', 't5_model.encoder.block.13.layer.0.SelfAttention.q.weight', 't5_model.encoder.block.13.layer.0.SelfAttention.k.weight', 't5_model.encoder.block.13.layer.0.SelfAttention.v.weight', 't5_model.encoder.block.13.layer.0.SelfAttention.o.weight', 't5_model.encoder.block.13.layer.0.layer_norm.weight', 't5_model.encoder.block.13.layer.1.DenseReluDense.wi_0.weight', 't5_model.encoder.block.13.layer.1.DenseReluDense.wi_1.weight', 't5_model.encoder.block.13.layer.1.DenseReluDense.wo.weight', 't5_model.encoder.block.13.layer.1.layer_norm.weight', 't5_model.encoder.block.14.layer.0.SelfAttention.q.weight', 't5_model.encoder.block.14.layer.0.SelfAttention.k.weight', 't5_model.encoder.block.14.layer.0.SelfAttention.v.weight', 't5_model.encoder.block.14.layer.0.SelfAttention.o.weight', 't5_model.encoder.block.14.layer.0.layer_norm.weight', 't5_model.encoder.block.14.layer.1.DenseReluDense.wi_0.weight', 't5_model.encoder.block.14.layer.1.DenseReluDense.wi_1.weight', 't5_model.encoder.block.14.layer.1.DenseReluDense.wo.weight', 't5_model.encoder.block.14.layer.1.layer_norm.weight', 't5_model.encoder.block.15.layer.0.SelfAttention.q.weight', 't5_model.encoder.block.15.layer.0.SelfAttention.k.weight', 't5_model.encoder.block.15.layer.0.SelfAttention.v.weight', 't5_model.encoder.block.15.layer.0.SelfAttention.o.weight', 't5_model.encoder.block.15.layer.0.layer_norm.weight', 't5_model.encoder.block.15.layer.1.DenseReluDense.wi_0.weight', 't5_model.encoder.block.15.layer.1.DenseReluDense.wi_1.weight', 't5_model.encoder.block.15.layer.1.DenseReluDense.wo.weight', 't5_model.encoder.block.15.layer.1.layer_norm.weight', 't5_model.encoder.block.16.layer.0.SelfAttention.q.weight', 't5_model.encoder.block.16.layer.0.SelfAttention.k.weight', 't5_model.encoder.block.16.layer.0.SelfAttention.v.weight', 't5_model.encoder.block.16.layer.0.SelfAttention.o.weight', 't5_model.encoder.block.16.layer.0.layer_norm.weight', 't5_model.encoder.block.16.layer.1.DenseReluDense.wi_0.weight', 't5_model.encoder.block.16.layer.1.DenseReluDense.wi_1.weight', 't5_model.encoder.block.16.layer.1.DenseReluDense.wo.weight', 't5_model.encoder.block.16.layer.1.layer_norm.weight', 't5_model.encoder.block.17.layer.0.SelfAttention.q.weight', 't5_model.encoder.block.17.layer.0.SelfAttention.k.weight', 't5_model.encoder.block.17.layer.0.SelfAttention.v.weight', 't5_model.encoder.block.17.layer.0.SelfAttention.o.weight', 't5_model.encoder.block.17.layer.0.layer_norm.weight', 't5_model.encoder.block.17.layer.1.DenseReluDense.wi_0.weight', 't5_model.encoder.block.17.layer.1.DenseReluDense.wi_1.weight', 't5_model.encoder.block.17.layer.1.DenseReluDense.wo.weight', 't5_model.encoder.block.17.layer.1.layer_norm.weight', 't5_model.encoder.block.18.layer.0.SelfAttention.q.weight', 't5_model.encoder.block.18.layer.0.SelfAttention.k.weight', 't5_model.encoder.block.18.layer.0.SelfAttention.v.weight', 't5_model.encoder.block.18.layer.0.SelfAttention.o.weight', 't5_model.encoder.block.18.layer.0.layer_norm.weight', 't5_model.encoder.block.18.layer.1.DenseReluDense.wi_0.weight', 't5_model.encoder.block.18.layer.1.DenseReluDense.wi_1.weight', 't5_model.encoder.block.18.layer.1.DenseReluDense.wo.weight', 't5_model.encoder.block.18.layer.1.layer_norm.weight', 't5_model.encoder.block.19.layer.0.SelfAttention.q.weight', 't5_model.encoder.block.19.layer.0.SelfAttention.k.weight', 't5_model.encoder.block.19.layer.0.SelfAttention.v.weight', 't5_model.encoder.block.19.layer.0.SelfAttention.o.weight', 't5_model.encoder.block.19.layer.0.layer_norm.weight', 't5_model.encoder.block.19.layer.1.DenseReluDense.wi_0.weight', 't5_model.encoder.block.19.layer.1.DenseReluDense.wi_1.weight', 't5_model.encoder.block.19.layer.1.DenseReluDense.wo.weight', 't5_model.encoder.block.19.layer.1.layer_norm.weight', 't5_model.encoder.block.20.layer.0.SelfAttention.q.weight', 't5_model.encoder.block.20.layer.0.SelfAttention.k.weight', 't5_model.encoder.block.20.layer.0.SelfAttention.v.weight', 't5_model.encoder.block.20.layer.0.SelfAttention.o.weight', 't5_model.encoder.block.20.layer.0.layer_norm.weight', 't5_model.encoder.block.20.layer.1.DenseReluDense.wi_0.weight', 't5_model.encoder.block.20.layer.1.DenseReluDense.wi_1.weight', 't5_model.encoder.block.20.layer.1.DenseReluDense.wo.weight', 't5_model.encoder.block.20.layer.1.layer_norm.weight', 't5_model.encoder.block.21.layer.0.SelfAttention.q.weight', 't5_model.encoder.block.21.layer.0.SelfAttention.k.weight', 't5_model.encoder.block.21.layer.0.SelfAttention.v.weight', 't5_model.encoder.block.21.layer.0.SelfAttention.o.weight', 't5_model.encoder.block.21.layer.0.layer_norm.weight', 't5_model.encoder.block.21.layer.1.DenseReluDense.wi_0.weight', 't5_model.encoder.block.21.layer.1.DenseReluDense.wi_1.weight', 't5_model.encoder.block.21.layer.1.DenseReluDense.wo.weight', 't5_model.encoder.block.21.layer.1.layer_norm.weight', 't5_model.encoder.block.22.layer.0.SelfAttention.q.weight', 't5_model.encoder.block.22.layer.0.SelfAttention.k.weight', 't5_model.encoder.block.22.layer.0.SelfAttention.v.weight', 't5_model.encoder.block.22.layer.0.SelfAttention.o.weight', 't5_model.encoder.block.22.layer.0.layer_norm.weight', 't5_model.encoder.block.22.layer.1.DenseReluDense.wi_0.weight', 't5_model.encoder.block.22.layer.1.DenseReluDense.wi_1.weight', 't5_model.encoder.block.22.layer.1.DenseReluDense.wo.weight', 't5_model.encoder.block.22.layer.1.layer_norm.weight', 't5_model.encoder.block.23.layer.0.SelfAttention.q.weight', 't5_model.encoder.block.23.layer.0.SelfAttention.k.weight', 't5_model.encoder.block.23.layer.0.SelfAttention.v.weight', 't5_model.encoder.block.23.layer.0.SelfAttention.o.weight', 't5_model.encoder.block.23.layer.0.layer_norm.weight', 't5_model.encoder.block.23.layer.1.DenseReluDense.wi_0.weight', 't5_model.encoder.block.23.layer.1.DenseReluDense.wi_1.weight', 't5_model.encoder.block.23.layer.1.DenseReluDense.wo.weight', 't5_model.encoder.block.23.layer.1.layer_norm.weight', 't5_model.encoder.final_layer_norm.weight', 't5_model.decoder.block.0.layer.0.SelfAttention.q.weight', 't5_model.decoder.block.0.layer.0.SelfAttention.k.weight', 't5_model.decoder.block.0.layer.0.SelfAttention.v.weight', 't5_model.decoder.block.0.layer.0.SelfAttention.o.weight', 't5_model.decoder.block.0.layer.0.SelfAttention.relative_attention_bias.weight', 't5_model.decoder.block.0.layer.0.layer_norm.weight', 't5_model.decoder.block.0.layer.1.EncDecAttention.q.weight', 't5_model.decoder.block.0.layer.1.EncDecAttention.k.weight', 't5_model.decoder.block.0.layer.1.EncDecAttention.v.weight', 't5_model.decoder.block.0.layer.1.EncDecAttention.o.weight', 't5_model.decoder.block.0.layer.1.layer_norm.weight', 't5_model.decoder.block.0.layer.2.DenseReluDense.wi_0.weight', 't5_model.decoder.block.0.layer.2.DenseReluDense.wi_1.weight', 't5_model.decoder.block.0.layer.2.DenseReluDense.wo.weight', 't5_model.decoder.block.0.layer.2.layer_norm.weight', 't5_model.decoder.block.1.layer.0.SelfAttention.q.weight', 't5_model.decoder.block.1.layer.0.SelfAttention.k.weight', 't5_model.decoder.block.1.layer.0.SelfAttention.v.weight', 't5_model.decoder.block.1.layer.0.SelfAttention.o.weight', 't5_model.decoder.block.1.layer.0.layer_norm.weight', 't5_model.decoder.block.1.layer.1.EncDecAttention.q.weight', 't5_model.decoder.block.1.layer.1.EncDecAttention.k.weight', 't5_model.decoder.block.1.layer.1.EncDecAttention.v.weight', 't5_model.decoder.block.1.layer.1.EncDecAttention.o.weight', 't5_model.decoder.block.1.layer.1.layer_norm.weight', 't5_model.decoder.block.1.layer.2.DenseReluDense.wi_0.weight', 't5_model.decoder.block.1.layer.2.DenseReluDense.wi_1.weight', 't5_model.decoder.block.1.layer.2.DenseReluDense.wo.weight', 't5_model.decoder.block.1.layer.2.layer_norm.weight', 't5_model.decoder.block.2.layer.0.SelfAttention.q.weight', 't5_model.decoder.block.2.layer.0.SelfAttention.k.weight', 't5_model.decoder.block.2.layer.0.SelfAttention.v.weight', 't5_model.decoder.block.2.layer.0.SelfAttention.o.weight', 't5_model.decoder.block.2.layer.0.layer_norm.weight', 't5_model.decoder.block.2.layer.1.EncDecAttention.q.weight', 't5_model.decoder.block.2.layer.1.EncDecAttention.k.weight', 't5_model.decoder.block.2.layer.1.EncDecAttention.v.weight', 't5_model.decoder.block.2.layer.1.EncDecAttention.o.weight', 't5_model.decoder.block.2.layer.1.layer_norm.weight', 't5_model.decoder.block.2.layer.2.DenseReluDense.wi_0.weight', 't5_model.decoder.block.2.layer.2.DenseReluDense.wi_1.weight', 't5_model.decoder.block.2.layer.2.DenseReluDense.wo.weight', 't5_model.decoder.block.2.layer.2.layer_norm.weight', 't5_model.decoder.block.3.layer.0.SelfAttention.q.weight', 't5_model.decoder.block.3.layer.0.SelfAttention.k.weight', 't5_model.decoder.block.3.layer.0.SelfAttention.v.weight', 't5_model.decoder.block.3.layer.0.SelfAttention.o.weight', 't5_model.decoder.block.3.layer.0.layer_norm.weight', 't5_model.decoder.block.3.layer.1.EncDecAttention.q.weight', 't5_model.decoder.block.3.layer.1.EncDecAttention.k.weight', 't5_model.decoder.block.3.layer.1.EncDecAttention.v.weight', 't5_model.decoder.block.3.layer.1.EncDecAttention.o.weight', 't5_model.decoder.block.3.layer.1.layer_norm.weight', 't5_model.decoder.block.3.layer.2.DenseReluDense.wi_0.weight', 't5_model.decoder.block.3.layer.2.DenseReluDense.wi_1.weight', 't5_model.decoder.block.3.layer.2.DenseReluDense.wo.weight', 't5_model.decoder.block.3.layer.2.layer_norm.weight', 't5_model.decoder.block.4.layer.0.SelfAttention.q.weight', 't5_model.decoder.block.4.layer.0.SelfAttention.k.weight', 't5_model.decoder.block.4.layer.0.SelfAttention.v.weight', 't5_model.decoder.block.4.layer.0.SelfAttention.o.weight', 't5_model.decoder.block.4.layer.0.layer_norm.weight', 't5_model.decoder.block.4.layer.1.EncDecAttention.q.weight', 't5_model.decoder.block.4.layer.1.EncDecAttention.k.weight', 't5_model.decoder.block.4.layer.1.EncDecAttention.v.weight', 't5_model.decoder.block.4.layer.1.EncDecAttention.o.weight', 't5_model.decoder.block.4.layer.1.layer_norm.weight', 't5_model.decoder.block.4.layer.2.DenseReluDense.wi_0.weight', 't5_model.decoder.block.4.layer.2.DenseReluDense.wi_1.weight', 't5_model.decoder.block.4.layer.2.DenseReluDense.wo.weight', 't5_model.decoder.block.4.layer.2.layer_norm.weight', 't5_model.decoder.block.5.layer.0.SelfAttention.q.weight', 't5_model.decoder.block.5.layer.0.SelfAttention.k.weight', 't5_model.decoder.block.5.layer.0.SelfAttention.v.weight', 't5_model.decoder.block.5.layer.0.SelfAttention.o.weight', 't5_model.decoder.block.5.layer.0.layer_norm.weight', 't5_model.decoder.block.5.layer.1.EncDecAttention.q.weight', 't5_model.decoder.block.5.layer.1.EncDecAttention.k.weight', 't5_model.decoder.block.5.layer.1.EncDecAttention.v.weight', 't5_model.decoder.block.5.layer.1.EncDecAttention.o.weight', 't5_model.decoder.block.5.layer.1.layer_norm.weight', 't5_model.decoder.block.5.layer.2.DenseReluDense.wi_0.weight', 't5_model.decoder.block.5.layer.2.DenseReluDense.wi_1.weight', 't5_model.decoder.block.5.layer.2.DenseReluDense.wo.weight', 't5_model.decoder.block.5.layer.2.layer_norm.weight', 't5_model.decoder.block.6.layer.0.SelfAttention.q.weight', 't5_model.decoder.block.6.layer.0.SelfAttention.k.weight', 't5_model.decoder.block.6.layer.0.SelfAttention.v.weight', 't5_model.decoder.block.6.layer.0.SelfAttention.o.weight', 't5_model.decoder.block.6.layer.0.layer_norm.weight', 't5_model.decoder.block.6.layer.1.EncDecAttention.q.weight', 't5_model.decoder.block.6.layer.1.EncDecAttention.k.weight', 't5_model.decoder.block.6.layer.1.EncDecAttention.v.weight', 't5_model.decoder.block.6.layer.1.EncDecAttention.o.weight', 't5_model.decoder.block.6.layer.1.layer_norm.weight', 't5_model.decoder.block.6.layer.2.DenseReluDense.wi_0.weight', 't5_model.decoder.block.6.layer.2.DenseReluDense.wi_1.weight', 't5_model.decoder.block.6.layer.2.DenseReluDense.wo.weight', 't5_model.decoder.block.6.layer.2.layer_norm.weight', 't5_model.decoder.block.7.layer.0.SelfAttention.q.weight', 't5_model.decoder.block.7.layer.0.SelfAttention.k.weight', 't5_model.decoder.block.7.layer.0.SelfAttention.v.weight', 't5_model.decoder.block.7.layer.0.SelfAttention.o.weight', 't5_model.decoder.block.7.layer.0.layer_norm.weight', 't5_model.decoder.block.7.layer.1.EncDecAttention.q.weight', 't5_model.decoder.block.7.layer.1.EncDecAttention.k.weight', 't5_model.decoder.block.7.layer.1.EncDecAttention.v.weight', 't5_model.decoder.block.7.layer.1.EncDecAttention.o.weight', 't5_model.decoder.block.7.layer.1.layer_norm.weight', 't5_model.decoder.block.7.layer.2.DenseReluDense.wi_0.weight', 't5_model.decoder.block.7.layer.2.DenseReluDense.wi_1.weight', 't5_model.decoder.block.7.layer.2.DenseReluDense.wo.weight', 't5_model.decoder.block.7.layer.2.layer_norm.weight', 't5_model.decoder.block.8.layer.0.SelfAttention.q.weight', 't5_model.decoder.block.8.layer.0.SelfAttention.k.weight', 't5_model.decoder.block.8.layer.0.SelfAttention.v.weight', 't5_model.decoder.block.8.layer.0.SelfAttention.o.weight', 't5_model.decoder.block.8.layer.0.layer_norm.weight', 't5_model.decoder.block.8.layer.1.EncDecAttention.q.weight', 't5_model.decoder.block.8.layer.1.EncDecAttention.k.weight', 't5_model.decoder.block.8.layer.1.EncDecAttention.v.weight', 't5_model.decoder.block.8.layer.1.EncDecAttention.o.weight', 't5_model.decoder.block.8.layer.1.layer_norm.weight', 't5_model.decoder.block.8.layer.2.DenseReluDense.wi_0.weight', 't5_model.decoder.block.8.layer.2.DenseReluDense.wi_1.weight', 't5_model.decoder.block.8.layer.2.DenseReluDense.wo.weight', 't5_model.decoder.block.8.layer.2.layer_norm.weight', 't5_model.decoder.block.9.layer.0.SelfAttention.q.weight', 't5_model.decoder.block.9.layer.0.SelfAttention.k.weight', 't5_model.decoder.block.9.layer.0.SelfAttention.v.weight', 't5_model.decoder.block.9.layer.0.SelfAttention.o.weight', 't5_model.decoder.block.9.layer.0.layer_norm.weight', 't5_model.decoder.block.9.layer.1.EncDecAttention.q.weight', 't5_model.decoder.block.9.layer.1.EncDecAttention.k.weight', 't5_model.decoder.block.9.layer.1.EncDecAttention.v.weight', 't5_model.decoder.block.9.layer.1.EncDecAttention.o.weight', 't5_model.decoder.block.9.layer.1.layer_norm.weight', 't5_model.decoder.block.9.layer.2.DenseReluDense.wi_0.weight', 't5_model.decoder.block.9.layer.2.DenseReluDense.wi_1.weight', 't5_model.decoder.block.9.layer.2.DenseReluDense.wo.weight', 't5_model.decoder.block.9.layer.2.layer_norm.weight', 't5_model.decoder.block.10.layer.0.SelfAttention.q.weight', 't5_model.decoder.block.10.layer.0.SelfAttention.k.weight', 't5_model.decoder.block.10.layer.0.SelfAttention.v.weight', 't5_model.decoder.block.10.layer.0.SelfAttention.o.weight', 't5_model.decoder.block.10.layer.0.layer_norm.weight', 't5_model.decoder.block.10.layer.1.EncDecAttention.q.weight', 't5_model.decoder.block.10.layer.1.EncDecAttention.k.weight', 't5_model.decoder.block.10.layer.1.EncDecAttention.v.weight', 't5_model.decoder.block.10.layer.1.EncDecAttention.o.weight', 't5_model.decoder.block.10.layer.1.layer_norm.weight', 't5_model.decoder.block.10.layer.2.DenseReluDense.wi_0.weight', 't5_model.decoder.block.10.layer.2.DenseReluDense.wi_1.weight', 't5_model.decoder.block.10.layer.2.DenseReluDense.wo.weight', 't5_model.decoder.block.10.layer.2.layer_norm.weight', 't5_model.decoder.block.11.layer.0.SelfAttention.q.weight', 't5_model.decoder.block.11.layer.0.SelfAttention.k.weight', 't5_model.decoder.block.11.layer.0.SelfAttention.v.weight', 't5_model.decoder.block.11.layer.0.SelfAttention.o.weight', 't5_model.decoder.block.11.layer.0.layer_norm.weight', 't5_model.decoder.block.11.layer.1.EncDecAttention.q.weight', 't5_model.decoder.block.11.layer.1.EncDecAttention.k.weight', 't5_model.decoder.block.11.layer.1.EncDecAttention.v.weight', 't5_model.decoder.block.11.layer.1.EncDecAttention.o.weight', 't5_model.decoder.block.11.layer.1.layer_norm.weight', 't5_model.decoder.block.11.layer.2.DenseReluDense.wi_0.weight', 't5_model.decoder.block.11.layer.2.DenseReluDense.wi_1.weight', 't5_model.decoder.block.11.layer.2.DenseReluDense.wo.weight', 't5_model.decoder.block.11.layer.2.layer_norm.weight', 't5_model.decoder.block.12.layer.0.SelfAttention.q.weight', 't5_model.decoder.block.12.layer.0.SelfAttention.k.weight', 't5_model.decoder.block.12.layer.0.SelfAttention.v.weight', 't5_model.decoder.block.12.layer.0.SelfAttention.o.weight', 't5_model.decoder.block.12.layer.0.layer_norm.weight', 't5_model.decoder.block.12.layer.1.EncDecAttention.q.weight', 't5_model.decoder.block.12.layer.1.EncDecAttention.k.weight', 't5_model.decoder.block.12.layer.1.EncDecAttention.v.weight', 't5_model.decoder.block.12.layer.1.EncDecAttention.o.weight', 't5_model.decoder.block.12.layer.1.layer_norm.weight', 't5_model.decoder.block.12.layer.2.DenseReluDense.wi_0.weight', 't5_model.decoder.block.12.layer.2.DenseReluDense.wi_1.weight', 't5_model.decoder.block.12.layer.2.DenseReluDense.wo.weight', 't5_model.decoder.block.12.layer.2.layer_norm.weight', 't5_model.decoder.block.13.layer.0.SelfAttention.q.weight', 't5_model.decoder.block.13.layer.0.SelfAttention.k.weight', 't5_model.decoder.block.13.layer.0.SelfAttention.v.weight', 't5_model.decoder.block.13.layer.0.SelfAttention.o.weight', 't5_model.decoder.block.13.layer.0.layer_norm.weight', 't5_model.decoder.block.13.layer.1.EncDecAttention.q.weight', 't5_model.decoder.block.13.layer.1.EncDecAttention.k.weight', 't5_model.decoder.block.13.layer.1.EncDecAttention.v.weight', 't5_model.decoder.block.13.layer.1.EncDecAttention.o.weight', 't5_model.decoder.block.13.layer.1.layer_norm.weight', 't5_model.decoder.block.13.layer.2.DenseReluDense.wi_0.weight', 't5_model.decoder.block.13.layer.2.DenseReluDense.wi_1.weight', 't5_model.decoder.block.13.layer.2.DenseReluDense.wo.weight', 't5_model.decoder.block.13.layer.2.layer_norm.weight', 't5_model.decoder.block.14.layer.0.SelfAttention.q.weight', 't5_model.decoder.block.14.layer.0.SelfAttention.k.weight', 't5_model.decoder.block.14.layer.0.SelfAttention.v.weight', 't5_model.decoder.block.14.layer.0.SelfAttention.o.weight', 't5_model.decoder.block.14.layer.0.layer_norm.weight', 't5_model.decoder.block.14.layer.1.EncDecAttention.q.weight', 't5_model.decoder.block.14.layer.1.EncDecAttention.k.weight', 't5_model.decoder.block.14.layer.1.EncDecAttention.v.weight', 't5_model.decoder.block.14.layer.1.EncDecAttention.o.weight', 't5_model.decoder.block.14.layer.1.layer_norm.weight', 't5_model.decoder.block.14.layer.2.DenseReluDense.wi_0.weight', 't5_model.decoder.block.14.layer.2.DenseReluDense.wi_1.weight', 't5_model.decoder.block.14.layer.2.DenseReluDense.wo.weight', 't5_model.decoder.block.14.layer.2.layer_norm.weight', 't5_model.decoder.block.15.layer.0.SelfAttention.q.weight', 't5_model.decoder.block.15.layer.0.SelfAttention.k.weight', 't5_model.decoder.block.15.layer.0.SelfAttention.v.weight', 't5_model.decoder.block.15.layer.0.SelfAttention.o.weight', 't5_model.decoder.block.15.layer.0.layer_norm.weight', 't5_model.decoder.block.15.layer.1.EncDecAttention.q.weight', 't5_model.decoder.block.15.layer.1.EncDecAttention.k.weight', 't5_model.decoder.block.15.layer.1.EncDecAttention.v.weight', 't5_model.decoder.block.15.layer.1.EncDecAttention.o.weight', 't5_model.decoder.block.15.layer.1.layer_norm.weight', 't5_model.decoder.block.15.layer.2.DenseReluDense.wi_0.weight', 't5_model.decoder.block.15.layer.2.DenseReluDense.wi_1.weight', 't5_model.decoder.block.15.layer.2.DenseReluDense.wo.weight', 't5_model.decoder.block.15.layer.2.layer_norm.weight', 't5_model.decoder.block.16.layer.0.SelfAttention.q.weight', 't5_model.decoder.block.16.layer.0.SelfAttention.k.weight', 't5_model.decoder.block.16.layer.0.SelfAttention.v.weight', 't5_model.decoder.block.16.layer.0.SelfAttention.o.weight', 't5_model.decoder.block.16.layer.0.layer_norm.weight', 't5_model.decoder.block.16.layer.1.EncDecAttention.q.weight', 't5_model.decoder.block.16.layer.1.EncDecAttention.k.weight', 't5_model.decoder.block.16.layer.1.EncDecAttention.v.weight', 't5_model.decoder.block.16.layer.1.EncDecAttention.o.weight', 't5_model.decoder.block.16.layer.1.layer_norm.weight', 't5_model.decoder.block.16.layer.2.DenseReluDense.wi_0.weight', 't5_model.decoder.block.16.layer.2.DenseReluDense.wi_1.weight', 't5_model.decoder.block.16.layer.2.DenseReluDense.wo.weight', 't5_model.decoder.block.16.layer.2.layer_norm.weight', 't5_model.decoder.block.17.layer.0.SelfAttention.q.weight', 't5_model.decoder.block.17.layer.0.SelfAttention.k.weight', 't5_model.decoder.block.17.layer.0.SelfAttention.v.weight', 't5_model.decoder.block.17.layer.0.SelfAttention.o.weight', 't5_model.decoder.block.17.layer.0.layer_norm.weight', 't5_model.decoder.block.17.layer.1.EncDecAttention.q.weight', 't5_model.decoder.block.17.layer.1.EncDecAttention.k.weight', 't5_model.decoder.block.17.layer.1.EncDecAttention.v.weight', 't5_model.decoder.block.17.layer.1.EncDecAttention.o.weight', 't5_model.decoder.block.17.layer.1.layer_norm.weight', 't5_model.decoder.block.17.layer.2.DenseReluDense.wi_0.weight', 't5_model.decoder.block.17.layer.2.DenseReluDense.wi_1.weight', 't5_model.decoder.block.17.layer.2.DenseReluDense.wo.weight', 't5_model.decoder.block.17.layer.2.layer_norm.weight', 't5_model.decoder.block.18.layer.0.SelfAttention.q.weight', 't5_model.decoder.block.18.layer.0.SelfAttention.k.weight', 't5_model.decoder.block.18.layer.0.SelfAttention.v.weight', 't5_model.decoder.block.18.layer.0.SelfAttention.o.weight', 't5_model.decoder.block.18.layer.0.layer_norm.weight', 't5_model.decoder.block.18.layer.1.EncDecAttention.q.weight', 't5_model.decoder.block.18.layer.1.EncDecAttention.k.weight', 't5_model.decoder.block.18.layer.1.EncDecAttention.v.weight', 't5_model.decoder.block.18.layer.1.EncDecAttention.o.weight', 't5_model.decoder.block.18.layer.1.layer_norm.weight', 't5_model.decoder.block.18.layer.2.DenseReluDense.wi_0.weight', 't5_model.decoder.block.18.layer.2.DenseReluDense.wi_1.weight', 't5_model.decoder.block.18.layer.2.DenseReluDense.wo.weight', 't5_model.decoder.block.18.layer.2.layer_norm.weight', 't5_model.decoder.block.19.layer.0.SelfAttention.q.weight', 't5_model.decoder.block.19.layer.0.SelfAttention.k.weight', 't5_model.decoder.block.19.layer.0.SelfAttention.v.weight', 't5_model.decoder.block.19.layer.0.SelfAttention.o.weight', 't5_model.decoder.block.19.layer.0.layer_norm.weight', 't5_model.decoder.block.19.layer.1.EncDecAttention.q.weight', 't5_model.decoder.block.19.layer.1.EncDecAttention.k.weight', 't5_model.decoder.block.19.layer.1.EncDecAttention.v.weight', 't5_model.decoder.block.19.layer.1.EncDecAttention.o.weight', 't5_model.decoder.block.19.layer.1.layer_norm.weight', 't5_model.decoder.block.19.layer.2.DenseReluDense.wi_0.weight', 't5_model.decoder.block.19.layer.2.DenseReluDense.wi_1.weight', 't5_model.decoder.block.19.layer.2.DenseReluDense.wo.weight', 't5_model.decoder.block.19.layer.2.layer_norm.weight', 't5_model.decoder.block.20.layer.0.SelfAttention.q.weight', 't5_model.decoder.block.20.layer.0.SelfAttention.k.weight', 't5_model.decoder.block.20.layer.0.SelfAttention.v.weight', 't5_model.decoder.block.20.layer.0.SelfAttention.o.weight', 't5_model.decoder.block.20.layer.0.layer_norm.weight', 't5_model.decoder.block.20.layer.1.EncDecAttention.q.weight', 't5_model.decoder.block.20.layer.1.EncDecAttention.k.weight', 't5_model.decoder.block.20.layer.1.EncDecAttention.v.weight', 't5_model.decoder.block.20.layer.1.EncDecAttention.o.weight', 't5_model.decoder.block.20.layer.1.layer_norm.weight', 't5_model.decoder.block.20.layer.2.DenseReluDense.wi_0.weight', 't5_model.decoder.block.20.layer.2.DenseReluDense.wi_1.weight', 't5_model.decoder.block.20.layer.2.DenseReluDense.wo.weight', 't5_model.decoder.block.20.layer.2.layer_norm.weight', 't5_model.decoder.block.21.layer.0.SelfAttention.q.weight', 't5_model.decoder.block.21.layer.0.SelfAttention.k.weight', 't5_model.decoder.block.21.layer.0.SelfAttention.v.weight', 't5_model.decoder.block.21.layer.0.SelfAttention.o.weight', 't5_model.decoder.block.21.layer.0.layer_norm.weight', 't5_model.decoder.block.21.layer.1.EncDecAttention.q.weight', 't5_model.decoder.block.21.layer.1.EncDecAttention.k.weight', 't5_model.decoder.block.21.layer.1.EncDecAttention.v.weight', 't5_model.decoder.block.21.layer.1.EncDecAttention.o.weight', 't5_model.decoder.block.21.layer.1.layer_norm.weight', 't5_model.decoder.block.21.layer.2.DenseReluDense.wi_0.weight', 't5_model.decoder.block.21.layer.2.DenseReluDense.wi_1.weight', 't5_model.decoder.block.21.layer.2.DenseReluDense.wo.weight', 't5_model.decoder.block.21.layer.2.layer_norm.weight', 't5_model.decoder.block.22.layer.0.SelfAttention.q.weight', 't5_model.decoder.block.22.layer.0.SelfAttention.k.weight', 't5_model.decoder.block.22.layer.0.SelfAttention.v.weight', 't5_model.decoder.block.22.layer.0.SelfAttention.o.weight', 't5_model.decoder.block.22.layer.0.layer_norm.weight', 't5_model.decoder.block.22.layer.1.EncDecAttention.q.weight', 't5_model.decoder.block.22.layer.1.EncDecAttention.k.weight', 't5_model.decoder.block.22.layer.1.EncDecAttention.v.weight', 't5_model.decoder.block.22.layer.1.EncDecAttention.o.weight', 't5_model.decoder.block.22.layer.1.layer_norm.weight', 't5_model.decoder.block.22.layer.2.DenseReluDense.wi_0.weight', 't5_model.decoder.block.22.layer.2.DenseReluDense.wi_1.weight', 't5_model.decoder.block.22.layer.2.DenseReluDense.wo.weight', 't5_model.decoder.block.22.layer.2.layer_norm.weight', 't5_model.decoder.block.23.layer.0.SelfAttention.q.weight', 't5_model.decoder.block.23.layer.0.SelfAttention.k.weight', 't5_model.decoder.block.23.layer.0.SelfAttention.v.weight', 't5_model.decoder.block.23.layer.0.SelfAttention.o.weight', 't5_model.decoder.block.23.layer.0.layer_norm.weight', 't5_model.decoder.block.23.layer.1.EncDecAttention.q.weight', 't5_model.decoder.block.23.layer.1.EncDecAttention.k.weight', 't5_model.decoder.block.23.layer.1.EncDecAttention.v.weight', 't5_model.decoder.block.23.layer.1.EncDecAttention.o.weight', 't5_model.decoder.block.23.layer.1.layer_norm.weight', 't5_model.decoder.block.23.layer.2.DenseReluDense.wi_0.weight', 't5_model.decoder.block.23.layer.2.DenseReluDense.wi_1.weight', 't5_model.decoder.block.23.layer.2.DenseReluDense.wo.weight', 't5_model.decoder.block.23.layer.2.layer_norm.weight', 't5_model.decoder.final_layer_norm.weight', 't5_model.lm_head.weight', 'Qformer_loc.bert.embeddings.LayerNorm.weight', 'Qformer_loc.bert.embeddings.LayerNorm.bias', 'Qformer_loc.bert.encoder.layer.0.attention.self.query.weight', 'Qformer_loc.bert.encoder.layer.0.attention.self.query.bias', 'Qformer_loc.bert.encoder.layer.0.attention.self.key.weight', 'Qformer_loc.bert.encoder.layer.0.attention.self.key.bias', 'Qformer_loc.bert.encoder.layer.0.attention.self.value.weight', 'Qformer_loc.bert.encoder.layer.0.attention.self.value.bias', 'Qformer_loc.bert.encoder.layer.0.attention.output.dense.weight', 'Qformer_loc.bert.encoder.layer.0.attention.output.dense.bias', 'Qformer_loc.bert.encoder.layer.0.attention.output.LayerNorm.weight', 'Qformer_loc.bert.encoder.layer.0.attention.output.LayerNorm.bias', 'Qformer_loc.bert.encoder.layer.0.crossattention.self.query.weight', 'Qformer_loc.bert.encoder.layer.0.crossattention.self.query.bias', 'Qformer_loc.bert.encoder.layer.0.crossattention.self.key.weight', 'Qformer_loc.bert.encoder.layer.0.crossattention.self.key.bias', 'Qformer_loc.bert.encoder.layer.0.crossattention.self.value.weight', 'Qformer_loc.bert.encoder.layer.0.crossattention.self.value.bias', 'Qformer_loc.bert.encoder.layer.0.crossattention.output.dense.weight', 'Qformer_loc.bert.encoder.layer.0.crossattention.output.dense.bias', 'Qformer_loc.bert.encoder.layer.0.crossattention.output.LayerNorm.weight', 'Qformer_loc.bert.encoder.layer.0.crossattention.output.LayerNorm.bias', 'Qformer_loc.bert.encoder.layer.0.intermediate_query.dense.weight', 'Qformer_loc.bert.encoder.layer.0.intermediate_query.dense.bias', 'Qformer_loc.bert.encoder.layer.0.output_query.dense.weight', 'Qformer_loc.bert.encoder.layer.0.output_query.dense.bias', 'Qformer_loc.bert.encoder.layer.0.output_query.LayerNorm.weight', 'Qformer_loc.bert.encoder.layer.0.output_query.LayerNorm.bias', 'Qformer_loc.bert.encoder.layer.1.attention.self.query.weight', 'Qformer_loc.bert.encoder.layer.1.attention.self.query.bias', 'Qformer_loc.bert.encoder.layer.1.attention.self.key.weight', 'Qformer_loc.bert.encoder.layer.1.attention.self.key.bias', 'Qformer_loc.bert.encoder.layer.1.attention.self.value.weight', 'Qformer_loc.bert.encoder.layer.1.attention.self.value.bias', 'Qformer_loc.bert.encoder.layer.1.attention.output.dense.weight', 'Qformer_loc.bert.encoder.layer.1.attention.output.dense.bias', 'Qformer_loc.bert.encoder.layer.1.attention.output.LayerNorm.weight', 'Qformer_loc.bert.encoder.layer.1.attention.output.LayerNorm.bias', 'Qformer_loc.bert.encoder.layer.1.intermediate_query.dense.weight', 'Qformer_loc.bert.encoder.layer.1.intermediate_query.dense.bias', 'Qformer_loc.bert.encoder.layer.1.output_query.dense.weight', 'Qformer_loc.bert.encoder.layer.1.output_query.dense.bias', 'Qformer_loc.bert.encoder.layer.1.output_query.LayerNorm.weight', 'Qformer_loc.bert.encoder.layer.1.output_query.LayerNorm.bias', 'Qformer_loc.bert.encoder.layer.2.attention.self.query.weight', 'Qformer_loc.bert.encoder.layer.2.attention.self.query.bias', 'Qformer_loc.bert.encoder.layer.2.attention.self.key.weight', 'Qformer_loc.bert.encoder.layer.2.attention.self.key.bias', 'Qformer_loc.bert.encoder.layer.2.attention.self.value.weight', 'Qformer_loc.bert.encoder.layer.2.attention.self.value.bias', 'Qformer_loc.bert.encoder.layer.2.attention.output.dense.weight', 'Qformer_loc.bert.encoder.layer.2.attention.output.dense.bias', 'Qformer_loc.bert.encoder.layer.2.attention.output.LayerNorm.weight', 'Qformer_loc.bert.encoder.layer.2.attention.output.LayerNorm.bias', 'Qformer_loc.bert.encoder.layer.2.crossattention.self.query.weight', 'Qformer_loc.bert.encoder.layer.2.crossattention.self.query.bias', 'Qformer_loc.bert.encoder.layer.2.crossattention.self.key.weight', 'Qformer_loc.bert.encoder.layer.2.crossattention.self.key.bias', 'Qformer_loc.bert.encoder.layer.2.crossattention.self.value.weight', 'Qformer_loc.bert.encoder.layer.2.crossattention.self.value.bias', 'Qformer_loc.bert.encoder.layer.2.crossattention.output.dense.weight', 'Qformer_loc.bert.encoder.layer.2.crossattention.output.dense.bias', 'Qformer_loc.bert.encoder.layer.2.crossattention.output.LayerNorm.weight', 'Qformer_loc.bert.encoder.layer.2.crossattention.output.LayerNorm.bias', 'Qformer_loc.bert.encoder.layer.2.intermediate_query.dense.weight', 'Qformer_loc.bert.encoder.layer.2.intermediate_query.dense.bias', 'Qformer_loc.bert.encoder.layer.2.output_query.dense.weight', 'Qformer_loc.bert.encoder.layer.2.output_query.dense.bias', 'Qformer_loc.bert.encoder.layer.2.output_query.LayerNorm.weight', 'Qformer_loc.bert.encoder.layer.2.output_query.LayerNorm.bias', 'Qformer_loc.bert.encoder.layer.3.attention.self.query.weight', 'Qformer_loc.bert.encoder.layer.3.attention.self.query.bias', 'Qformer_loc.bert.encoder.layer.3.attention.self.key.weight', 'Qformer_loc.bert.encoder.layer.3.attention.self.key.bias', 'Qformer_loc.bert.encoder.layer.3.attention.self.value.weight', 'Qformer_loc.bert.encoder.layer.3.attention.self.value.bias', 'Qformer_loc.bert.encoder.layer.3.attention.output.dense.weight', 'Qformer_loc.bert.encoder.layer.3.attention.output.dense.bias', 'Qformer_loc.bert.encoder.layer.3.attention.output.LayerNorm.weight', 'Qformer_loc.bert.encoder.layer.3.attention.output.LayerNorm.bias', 'Qformer_loc.bert.encoder.layer.3.intermediate_query.dense.weight', 'Qformer_loc.bert.encoder.layer.3.intermediate_query.dense.bias', 'Qformer_loc.bert.encoder.layer.3.output_query.dense.weight', 'Qformer_loc.bert.encoder.layer.3.output_query.dense.bias', 'Qformer_loc.bert.encoder.layer.3.output_query.LayerNorm.weight', 'Qformer_loc.bert.encoder.layer.3.output_query.LayerNorm.bias', 'Qformer_loc.bert.encoder.layer.4.attention.self.query.weight', 'Qformer_loc.bert.encoder.layer.4.attention.self.query.bias', 'Qformer_loc.bert.encoder.layer.4.attention.self.key.weight', 'Qformer_loc.bert.encoder.layer.4.attention.self.key.bias', 'Qformer_loc.bert.encoder.layer.4.attention.self.value.weight', 'Qformer_loc.bert.encoder.layer.4.attention.self.value.bias', 'Qformer_loc.bert.encoder.layer.4.attention.output.dense.weight', 'Qformer_loc.bert.encoder.layer.4.attention.output.dense.bias', 'Qformer_loc.bert.encoder.layer.4.attention.output.LayerNorm.weight', 'Qformer_loc.bert.encoder.layer.4.attention.output.LayerNorm.bias', 'Qformer_loc.bert.encoder.layer.4.crossattention.self.query.weight', 'Qformer_loc.bert.encoder.layer.4.crossattention.self.query.bias', 'Qformer_loc.bert.encoder.layer.4.crossattention.self.key.weight', 'Qformer_loc.bert.encoder.layer.4.crossattention.self.key.bias', 'Qformer_loc.bert.encoder.layer.4.crossattention.self.value.weight', 'Qformer_loc.bert.encoder.layer.4.crossattention.self.value.bias', 'Qformer_loc.bert.encoder.layer.4.crossattention.output.dense.weight', 'Qformer_loc.bert.encoder.layer.4.crossattention.output.dense.bias', 'Qformer_loc.bert.encoder.layer.4.crossattention.output.LayerNorm.weight', 'Qformer_loc.bert.encoder.layer.4.crossattention.output.LayerNorm.bias', 'Qformer_loc.bert.encoder.layer.4.intermediate_query.dense.weight', 'Qformer_loc.bert.encoder.layer.4.intermediate_query.dense.bias', 'Qformer_loc.bert.encoder.layer.4.output_query.dense.weight', 'Qformer_loc.bert.encoder.layer.4.output_query.dense.bias', 'Qformer_loc.bert.encoder.layer.4.output_query.LayerNorm.weight', 'Qformer_loc.bert.encoder.layer.4.output_query.LayerNorm.bias', 'Qformer_loc.bert.encoder.layer.5.attention.self.query.weight', 'Qformer_loc.bert.encoder.layer.5.attention.self.query.bias', 'Qformer_loc.bert.encoder.layer.5.attention.self.key.weight', 'Qformer_loc.bert.encoder.layer.5.attention.self.key.bias', 'Qformer_loc.bert.encoder.layer.5.attention.self.value.weight', 'Qformer_loc.bert.encoder.layer.5.attention.self.value.bias', 'Qformer_loc.bert.encoder.layer.5.attention.output.dense.weight', 'Qformer_loc.bert.encoder.layer.5.attention.output.dense.bias', 'Qformer_loc.bert.encoder.layer.5.attention.output.LayerNorm.weight', 'Qformer_loc.bert.encoder.layer.5.attention.output.LayerNorm.bias', 'Qformer_loc.bert.encoder.layer.5.intermediate_query.dense.weight', 'Qformer_loc.bert.encoder.layer.5.intermediate_query.dense.bias', 'Qformer_loc.bert.encoder.layer.5.output_query.dense.weight', 'Qformer_loc.bert.encoder.layer.5.output_query.dense.bias', 'Qformer_loc.bert.encoder.layer.5.output_query.LayerNorm.weight', 'Qformer_loc.bert.encoder.layer.5.output_query.LayerNorm.bias', 'Qformer_loc.bert.encoder.layer.6.attention.self.query.weight', 'Qformer_loc.bert.encoder.layer.6.attention.self.query.bias', 'Qformer_loc.bert.encoder.layer.6.attention.self.key.weight', 'Qformer_loc.bert.encoder.layer.6.attention.self.key.bias', 'Qformer_loc.bert.encoder.layer.6.attention.self.value.weight', 'Qformer_loc.bert.encoder.layer.6.attention.self.value.bias', 'Qformer_loc.bert.encoder.layer.6.attention.output.dense.weight', 'Qformer_loc.bert.encoder.layer.6.attention.output.dense.bias', 'Qformer_loc.bert.encoder.layer.6.attention.output.LayerNorm.weight', 'Qformer_loc.bert.encoder.layer.6.attention.output.LayerNorm.bias', 'Qformer_loc.bert.encoder.layer.6.crossattention.self.query.weight', 'Qformer_loc.bert.encoder.layer.6.crossattention.self.query.bias', 'Qformer_loc.bert.encoder.layer.6.crossattention.self.key.weight', 'Qformer_loc.bert.encoder.layer.6.crossattention.self.key.bias', 'Qformer_loc.bert.encoder.layer.6.crossattention.self.value.weight', 'Qformer_loc.bert.encoder.layer.6.crossattention.self.value.bias', 'Qformer_loc.bert.encoder.layer.6.crossattention.output.dense.weight', 'Qformer_loc.bert.encoder.layer.6.crossattention.output.dense.bias', 'Qformer_loc.bert.encoder.layer.6.crossattention.output.LayerNorm.weight', 'Qformer_loc.bert.encoder.layer.6.crossattention.output.LayerNorm.bias', 'Qformer_loc.bert.encoder.layer.6.intermediate_query.dense.weight', 'Qformer_loc.bert.encoder.layer.6.intermediate_query.dense.bias', 'Qformer_loc.bert.encoder.layer.6.output_query.dense.weight', 'Qformer_loc.bert.encoder.layer.6.output_query.dense.bias', 'Qformer_loc.bert.encoder.layer.6.output_query.LayerNorm.weight', 'Qformer_loc.bert.encoder.layer.6.output_query.LayerNorm.bias', 'Qformer_loc.bert.encoder.layer.7.attention.self.query.weight', 'Qformer_loc.bert.encoder.layer.7.attention.self.query.bias', 'Qformer_loc.bert.encoder.layer.7.attention.self.key.weight', 'Qformer_loc.bert.encoder.layer.7.attention.self.key.bias', 'Qformer_loc.bert.encoder.layer.7.attention.self.value.weight', 'Qformer_loc.bert.encoder.layer.7.attention.self.value.bias', 'Qformer_loc.bert.encoder.layer.7.attention.output.dense.weight', 'Qformer_loc.bert.encoder.layer.7.attention.output.dense.bias', 'Qformer_loc.bert.encoder.layer.7.attention.output.LayerNorm.weight', 'Qformer_loc.bert.encoder.layer.7.attention.output.LayerNorm.bias', 'Qformer_loc.bert.encoder.layer.7.intermediate_query.dense.weight', 'Qformer_loc.bert.encoder.layer.7.intermediate_query.dense.bias', 'Qformer_loc.bert.encoder.layer.7.output_query.dense.weight', 'Qformer_loc.bert.encoder.layer.7.output_query.dense.bias', 'Qformer_loc.bert.encoder.layer.7.output_query.LayerNorm.weight', 'Qformer_loc.bert.encoder.layer.7.output_query.LayerNorm.bias', 'Qformer_loc.bert.encoder.layer.8.attention.self.query.weight', 'Qformer_loc.bert.encoder.layer.8.attention.self.query.bias', 'Qformer_loc.bert.encoder.layer.8.attention.self.key.weight', 'Qformer_loc.bert.encoder.layer.8.attention.self.key.bias', 'Qformer_loc.bert.encoder.layer.8.attention.self.value.weight', 'Qformer_loc.bert.encoder.layer.8.attention.self.value.bias', 'Qformer_loc.bert.encoder.layer.8.attention.output.dense.weight', 'Qformer_loc.bert.encoder.layer.8.attention.output.dense.bias', 'Qformer_loc.bert.encoder.layer.8.attention.output.LayerNorm.weight', 'Qformer_loc.bert.encoder.layer.8.attention.output.LayerNorm.bias', 'Qformer_loc.bert.encoder.layer.8.crossattention.self.query.weight', 'Qformer_loc.bert.encoder.layer.8.crossattention.self.query.bias', 'Qformer_loc.bert.encoder.layer.8.crossattention.self.key.weight', 'Qformer_loc.bert.encoder.layer.8.crossattention.self.key.bias', 'Qformer_loc.bert.encoder.layer.8.crossattention.self.value.weight', 'Qformer_loc.bert.encoder.layer.8.crossattention.self.value.bias', 'Qformer_loc.bert.encoder.layer.8.crossattention.output.dense.weight', 'Qformer_loc.bert.encoder.layer.8.crossattention.output.dense.bias', 'Qformer_loc.bert.encoder.layer.8.crossattention.output.LayerNorm.weight', 'Qformer_loc.bert.encoder.layer.8.crossattention.output.LayerNorm.bias', 'Qformer_loc.bert.encoder.layer.8.intermediate_query.dense.weight', 'Qformer_loc.bert.encoder.layer.8.intermediate_query.dense.bias', 'Qformer_loc.bert.encoder.layer.8.output_query.dense.weight', 'Qformer_loc.bert.encoder.layer.8.output_query.dense.bias', 'Qformer_loc.bert.encoder.layer.8.output_query.LayerNorm.weight', 'Qformer_loc.bert.encoder.layer.8.output_query.LayerNorm.bias', 'Qformer_loc.bert.encoder.layer.9.attention.self.query.weight', 'Qformer_loc.bert.encoder.layer.9.attention.self.query.bias', 'Qformer_loc.bert.encoder.layer.9.attention.self.key.weight', 'Qformer_loc.bert.encoder.layer.9.attention.self.key.bias', 'Qformer_loc.bert.encoder.layer.9.attention.self.value.weight', 'Qformer_loc.bert.encoder.layer.9.attention.self.value.bias', 'Qformer_loc.bert.encoder.layer.9.attention.output.dense.weight', 'Qformer_loc.bert.encoder.layer.9.attention.output.dense.bias', 'Qformer_loc.bert.encoder.layer.9.attention.output.LayerNorm.weight', 'Qformer_loc.bert.encoder.layer.9.attention.output.LayerNorm.bias', 'Qformer_loc.bert.encoder.layer.9.intermediate_query.dense.weight', 'Qformer_loc.bert.encoder.layer.9.intermediate_query.dense.bias', 'Qformer_loc.bert.encoder.layer.9.output_query.dense.weight', 'Qformer_loc.bert.encoder.layer.9.output_query.dense.bias', 'Qformer_loc.bert.encoder.layer.9.output_query.LayerNorm.weight', 'Qformer_loc.bert.encoder.layer.9.output_query.LayerNorm.bias', 'Qformer_loc.bert.encoder.layer.10.attention.self.query.weight', 'Qformer_loc.bert.encoder.layer.10.attention.self.query.bias', 'Qformer_loc.bert.encoder.layer.10.attention.self.key.weight', 'Qformer_loc.bert.encoder.layer.10.attention.self.key.bias', 'Qformer_loc.bert.encoder.layer.10.attention.self.value.weight', 'Qformer_loc.bert.encoder.layer.10.attention.self.value.bias', 'Qformer_loc.bert.encoder.layer.10.attention.output.dense.weight', 'Qformer_loc.bert.encoder.layer.10.attention.output.dense.bias', 'Qformer_loc.bert.encoder.layer.10.attention.output.LayerNorm.weight', 'Qformer_loc.bert.encoder.layer.10.attention.output.LayerNorm.bias', 'Qformer_loc.bert.encoder.layer.10.crossattention.self.query.weight', 'Qformer_loc.bert.encoder.layer.10.crossattention.self.query.bias', 'Qformer_loc.bert.encoder.layer.10.crossattention.self.key.weight', 'Qformer_loc.bert.encoder.layer.10.crossattention.self.key.bias', 'Qformer_loc.bert.encoder.layer.10.crossattention.self.value.weight', 'Qformer_loc.bert.encoder.layer.10.crossattention.self.value.bias', 'Qformer_loc.bert.encoder.layer.10.crossattention.output.dense.weight', 'Qformer_loc.bert.encoder.layer.10.crossattention.output.dense.bias', 'Qformer_loc.bert.encoder.layer.10.crossattention.output.LayerNorm.weight', 'Qformer_loc.bert.encoder.layer.10.crossattention.output.LayerNorm.bias', 'Qformer_loc.bert.encoder.layer.10.intermediate_query.dense.weight', 'Qformer_loc.bert.encoder.layer.10.intermediate_query.dense.bias', 'Qformer_loc.bert.encoder.layer.10.output_query.dense.weight', 'Qformer_loc.bert.encoder.layer.10.output_query.dense.bias', 'Qformer_loc.bert.encoder.layer.10.output_query.LayerNorm.weight', 'Qformer_loc.bert.encoder.layer.10.output_query.LayerNorm.bias', 'Qformer_loc.bert.encoder.layer.11.attention.self.query.weight', 'Qformer_loc.bert.encoder.layer.11.attention.self.query.bias', 'Qformer_loc.bert.encoder.layer.11.attention.self.key.weight', 'Qformer_loc.bert.encoder.layer.11.attention.self.key.bias', 'Qformer_loc.bert.encoder.layer.11.attention.self.value.weight', 'Qformer_loc.bert.encoder.layer.11.attention.self.value.bias', 'Qformer_loc.bert.encoder.layer.11.attention.output.dense.weight', 'Qformer_loc.bert.encoder.layer.11.attention.output.dense.bias', 'Qformer_loc.bert.encoder.layer.11.attention.output.LayerNorm.weight', 'Qformer_loc.bert.encoder.layer.11.attention.output.LayerNorm.bias', 'Qformer_loc.bert.encoder.layer.11.intermediate_query.dense.weight', 'Qformer_loc.bert.encoder.layer.11.intermediate_query.dense.bias', 'Qformer_loc.bert.encoder.layer.11.output_query.dense.weight', 'Qformer_loc.bert.encoder.layer.11.output_query.dense.bias', 'Qformer_loc.bert.encoder.layer.11.output_query.LayerNorm.weight', 'Qformer_loc.bert.encoder.layer.11.output_query.LayerNorm.bias']
2024-03-10 05:44:11,330 [INFO] load checkpoint from lavis/expts/causalvidqa_ft/24_01_2024_10_58_49/checkpoint_best.pth
Run config :  {'task': 'videoqa', 'lr_sched': 'linear_warmup_cosine_lr', 'init_lr': 1e-05, 'min_lr': 0, 'warmup_lr': 1e-08, 'warmup_steps': 200, 'weight_decay': 0.05, 'max_epoch': 5, 'batch_size_train': 32, 'batch_size_eval': 1, 'num_workers': 0, 'accum_grad_iters': 1, 'max_len': 30, 'min_len': 8, 'num_beams': 5, 'seed': 42, 'output_dir': 'expts/causalvidqa_infer/10_03_2024_05_43_27', 'amp': True, 'resume_ckpt_path': None, 'evaluate': True, 'train_splits': ['train'], 'valid_splits': ['val'], 'test_splits': ['test'], 'device': 'cuda', 'world_size': 1, 'dist_url': 'env://', 'distributed': True, 'find_unused_parameters': True, 'rank': 0, 'gpu': 0, 'dist_backend': 'nccl'}
Evaluating ...
evaluate(); Test splits :  ['test']
2024-03-10 05:44:11,338 [INFO] dataset_ratios not specified, datasets will be concatenated (map-style datasets) or chained (webdataset.DataPipeline).
2024-03-10 05:44:11,338 [INFO] Loaded 6551 records for train split from the dataset.
2024-03-10 05:44:11,338 [INFO] Loaded 935 records for val split from the dataset.
2024-03-10 05:44:11,338 [INFO] Loaded 300 records for test split from the dataset.
Inference with localizer ...
/home/shreyasjena/anaconda3/envs/sevila/lib/python3.8/site-packages/transformers/generation/configuration_utils.py:394: UserWarning: `do_sample` is set to `False`. However, `top_p` is set to `0.9` -- this flag is only used in sample-based generation modes. You should set `do_sample=True` or unset `top_p`.
  warnings.warn(
QID :  ['g85OdlEOBb0_000003_000013_predictive']
Qn type :  ['predictive'] predictive
Evaluation  [  0/300]  eta: 2:04:12    time: 24.8433  data: 0.3030  max mem: 14547
Inference with localizer ...
QID :  ['U3Ed4pBIbbk_000040_000050_predictive']
Qn type :  ['predictive'] predictive
Inference with localizer ...
QID :  ['U3Ed4pBIbbk_000040_000050_counterfactual']
Qn type :  ['counterfactual'] counterfactual
Inference with localizer ...
QID :  ['2HcmuER9nmQ_000001_000011_predictive']
Qn type :  ['predictive'] predictive
Inference with localizer ...
QID :  ['2HcmuER9nmQ_000001_000011_counterfactual']
Qn type :  ['counterfactual'] counterfactual
Inference with localizer ...
QID :  ['PMx6U_9nmb4_000067_000077_explanatory']
Qn type :  ['explanatory'] explanatory
Inference with localizer ...
QID :  ['PMx6U_9nmb4_000067_000077_predictive']
Qn type :  ['predictive'] predictive
Inference with localizer ...
QID :  ['PMx6U_9nmb4_000067_000077_counterfactual']
Qn type :  ['counterfactual'] counterfactual
Inference with localizer ...
QID :  ['0NIzLI3uk-A_000142_000152_explanatory']
Qn type :  ['explanatory'] explanatory
Inference with localizer ...
QID :  ['0NIzLI3uk-A_000142_000152_predictive']
Qn type :  ['predictive'] predictive
Inference with localizer ...
QID :  ['0NIzLI3uk-A_000142_000152_counterfactual']
Qn type :  ['counterfactual'] counterfactual
Evaluation  [ 10/300]  eta: 1:05:24    time: 13.5313  data: 0.1769  max mem: 14547
Inference with localizer ...
QID :  ['HgCKPN3Y9Cg_000705_000715_explanatory']
Qn type :  ['explanatory'] explanatory
Inference with localizer ...
QID :  ['HgCKPN3Y9Cg_000705_000715_predictive']
Qn type :  ['predictive'] predictive
Inference with localizer ...
