[I socket.cpp:576] [c10d] The server socket has started to listen on [::]:29500.
[I socket.cpp:849] [c10d] The client socket has connected to [localhost]:29500 on [localhost]:42372.
type 1
0
1
0
| distributed init (rank 0, world 1): env://
[I socket.cpp:849] [c10d] The client socket has connected to [localhost]:29500 on [localhost]:42382.
[I ProcessGroupNCCL.cpp:687] [Rank 0] ProcessGroupNCCL initialization options:NCCL_ASYNC_ERROR_HANDLING: 1, NCCL_DESYNC_DEBUG: 0, NCCL_ENABLE_TIMING: 0, NCCL_BLOCKING_WAIT: 0, TIMEOUT(ms): 31536000000, USE_HIGH_PRIORITY_STREAM: 0, TORCH_DISTRIBUTED_DEBUG: OFF, NCCL_DEBUG: INFO, ID=149243088
[I ProcessGroupNCCL.cpp:2787] Rank 0 using GPU 0 to perform barrier as devices used by this process are currently unknown. This can potentially cause a hang if this rank to GPU mapping is incorrect.Specify device_ids in barrier() to force use of a particular device.
gpu:500416:500416 [0] NCCL INFO Bootstrap : Using eno8303:10.5.30.82<0>
gpu:500416:500416 [0] NCCL INFO NET/Plugin : Plugin load (libnccl-net.so) returned 2 : libnccl-net.so: cannot open shared object file: No such file or directory
gpu:500416:500416 [0] NCCL INFO NET/Plugin : No plugin found, using internal implementation
gpu:500416:500416 [0] NCCL INFO cudaDriverVersion 12020
NCCL version 2.18.1+cuda12.1
gpu:500416:500469 [0] NCCL INFO Failed to open libibverbs.so[.1]
gpu:500416:500469 [0] NCCL INFO NET/Socket : Using [0]eno8303:10.5.30.82<0>
gpu:500416:500469 [0] NCCL INFO Using network Socket
gpu:500416:500469 [0] NCCL INFO Setting affinity for GPU 0 to aaaaaaaa
gpu:500416:500469 [0] NCCL INFO Channel 00/32 :    0
gpu:500416:500469 [0] NCCL INFO Channel 01/32 :    0
gpu:500416:500469 [0] NCCL INFO Channel 02/32 :    0
gpu:500416:500469 [0] NCCL INFO Channel 03/32 :    0
gpu:500416:500469 [0] NCCL INFO Channel 04/32 :    0
gpu:500416:500469 [0] NCCL INFO Channel 05/32 :    0
gpu:500416:500469 [0] NCCL INFO Channel 06/32 :    0
gpu:500416:500469 [0] NCCL INFO Channel 07/32 :    0
gpu:500416:500469 [0] NCCL INFO Channel 08/32 :    0
gpu:500416:500469 [0] NCCL INFO Channel 09/32 :    0
gpu:500416:500469 [0] NCCL INFO Channel 10/32 :    0
gpu:500416:500469 [0] NCCL INFO Channel 11/32 :    0
gpu:500416:500469 [0] NCCL INFO Channel 12/32 :    0
gpu:500416:500469 [0] NCCL INFO Channel 13/32 :    0
gpu:500416:500469 [0] NCCL INFO Channel 14/32 :    0
gpu:500416:500469 [0] NCCL INFO Channel 15/32 :    0
gpu:500416:500469 [0] NCCL INFO Channel 16/32 :    0
gpu:500416:500469 [0] NCCL INFO Channel 17/32 :    0
gpu:500416:500469 [0] NCCL INFO Channel 18/32 :    0
gpu:500416:500469 [0] NCCL INFO Channel 19/32 :    0
gpu:500416:500469 [0] NCCL INFO Channel 20/32 :    0
gpu:500416:500469 [0] NCCL INFO Channel 21/32 :    0
gpu:500416:500469 [0] NCCL INFO Channel 22/32 :    0
gpu:500416:500469 [0] NCCL INFO Channel 23/32 :    0
gpu:500416:500469 [0] NCCL INFO Channel 24/32 :    0
gpu:500416:500469 [0] NCCL INFO Channel 25/32 :    0
gpu:500416:500469 [0] NCCL INFO Channel 26/32 :    0
gpu:500416:500469 [0] NCCL INFO Channel 27/32 :    0
gpu:500416:500469 [0] NCCL INFO Channel 28/32 :    0
gpu:500416:500469 [0] NCCL INFO Channel 29/32 :    0
gpu:500416:500469 [0] NCCL INFO Channel 30/32 :    0
gpu:500416:500469 [0] NCCL INFO Channel 31/32 :    0
gpu:500416:500469 [0] NCCL INFO Trees [0] -1/-1/-1->0->-1 [1] -1/-1/-1->0->-1 [2] -1/-1/-1->0->-1 [3] -1/-1/-1->0->-1 [4] -1/-1/-1->0->-1 [5] -1/-1/-1->0->-1 [6] -1/-1/-1->0->-1 [7] -1/-1/-1->0->-1 [8] -1/-1/-1->0->-1 [9] -1/-1/-1->0->-1 [10] -1/-1/-1->0->-1 [11] -1/-1/-1->0->-1 [12] -1/-1/-1->0->-1 [13] -1/-1/-1->0->-1 [14] -1/-1/-1->0->-1 [15] -1/-1/-1->0->-1 [16] -1/-1/-1->0->-1 [17] -1/-1/-1->0->-1 [18] -1/-1/-1->0->-1 [19] -1/-1/-1->0->-1 [20] -1/-1/-1->0->-1 [21] -1/-1/-1->0->-1 [22] -1/-1/-1->0->-1 [23] -1/-1/-1->0->-1 [24] -1/-1/-1->0->-1 [25] -1/-1/-1->0->-1 [26] -1/-1/-1->0->-1 [27] -1/-1/-1->0->-1 [28] -1/-1/-1->0->-1 [29] -1/-1/-1->0->-1 [30] -1/-1/-1->0->-1 [31] -1/-1/-1->0->-1
gpu:500416:500469 [0] NCCL INFO P2P Chunksize set to 131072
gpu:500416:500469 [0] NCCL INFO Connected all rings
gpu:500416:500469 [0] NCCL INFO Connected all trees
gpu:500416:500469 [0] NCCL INFO 32 coll channels, 0 nvls channels, 32 p2p channels, 32 p2p channels per peer
gpu:500416:500469 [0] NCCL INFO comm 0x9da6390 rank 0 nranks 1 cudaDev 0 busId ca000 commId 0x8d28cd4cdf866a43 - Init COMPLETE
[I ProcessGroupNCCL.cpp:1342] NCCL_DEBUG: INFO
2024-01-07 17:06:39,394 [INFO] 
=====  Running Parameters    =====
2024-01-07 17:06:39,395 [INFO] {
    "accum_grad_iters": 8,
    "amp": true,
    "batch_size_eval": 2,
    "batch_size_train": 1,
    "device": "cuda",
    "dist_backend": "nccl",
    "dist_url": "env://",
    "distributed": true,
    "evaluate": false,
    "find_unused_parameters": true,
    "gpu": 0,
    "init_lr": 3e-05,
    "lr_sched": "linear_warmup_cosine_lr",
    "max_epoch": 10,
    "max_len": 30,
    "min_len": 8,
    "min_lr": 0,
    "num_beams": 5,
    "num_workers": 1,
    "output_dir": "expts/causalvidqa_ft/07_01_2024_17_06_34",
    "rank": 0,
    "resume_ckpt_path": null,
    "seed": 42,
    "task": "videoqa",
    "test_splits": [
        "test"
    ],
    "train_splits": [
        "train"
    ],
    "valid_splits": [
        "val"
    ],
    "warmup_lr": 1e-08,
    "warmup_steps": 1000,
    "weight_decay": 0.05,
    "world_size": 1
}
2024-01-07 17:06:39,396 [INFO] 
======  Dataset Attributes  ======
2024-01-07 17:06:39,396 [INFO] 
======== causalvidqa =======
2024-01-07 17:06:39,398 [INFO] {
    "build_info": {
        "annotations": {
            "test": {
                "storage": "/home/shreyasjena/BTP/SeViLA/data/annotations/test.json",
                "url": "/home/shreyasjena/BTP/SeViLA/data/annotations/test.json"
            },
            "train": {
                "storage": "/home/shreyasjena/BTP/SeViLA/data/annotations/train.json",
                "url": "/home/shreyasjena/BTP/SeViLA/data/annotations/train.json"
            },
            "val": {
                "storage": "/home/shreyasjena/BTP/SeViLA/data/annotations/val.json",
                "url": "/home/shreyasjena/BTP/SeViLA/data/annotations/val.json"
            }
        },
        "videos": {
            "storage": "/home/shreyasjena/BTP/SeViLA/data/videos"
        }
    },
    "data_type": "videos",
    "text_processor": {
        "eval": {
            "max_words": 50,
            "name": "blip_question"
        },
        "train": {
            "max_words": 50,
            "name": "blip_question"
        }
    },
    "vis_processor": {
        "eval": {
            "image_size": 224,
            "n_frms": 32,
            "name": "blip_video_eval"
        },
        "train": {
            "image_size": 224,
            "n_frms": 32,
            "name": "blip2_video_train"
        }
    }
}
2024-01-07 17:06:39,398 [INFO] 
======  Model Attributes  ======
2024-01-07 17:06:39,398 [INFO] {
    "answer_num": 5,
    "arch": "sevila",
    "drop_path_rate": 0,
    "finetuned": "sevila_checkpoints/sevila_pretrained.pth",
    "frame_num": 4,
    "freeze_vit": true,
    "image_size": 224,
    "load_finetuned": true,
    "model_type": "pretrain_flant5xl",
    "num_query_token": 32,
    "pretrained": "https://storage.googleapis.com/sfr-vision-language-research/LAVIS/models/BLIP2/blip2_pretrained_flant5xl.pth",
    "prompt": "",
    "t5_model": "google/flan-t5-xl",
    "task": "qvh_freeze_loc_train_qa_with_loc_train_qa_vid",
    "use_grad_checkpoint": true,
    "vit_precision": "fp16"
}
Dataset config :  {'data_type': 'videos', 'build_info': {'annotations': {'train': {'url': '/home/shreyasjena/BTP/SeViLA/data/annotations/train.json', 'storage': '/home/shreyasjena/BTP/SeViLA/data/annotations/train.json'}, 'val': {'url': '/home/shreyasjena/BTP/SeViLA/data/annotations/val.json', 'storage': '/home/shreyasjena/BTP/SeViLA/data/annotations/val.json'}, 'test': {'url': '/home/shreyasjena/BTP/SeViLA/data/annotations/test.json', 'storage': '/home/shreyasjena/BTP/SeViLA/data/annotations/test.json'}}, 'videos': {'storage': '/home/shreyasjena/BTP/SeViLA/data/videos'}}, 'vis_processor': {'train': {'name': 'blip2_video_train', 'n_frms': 32, 'image_size': 224}, 'eval': {'name': 'blip_video_eval', 'n_frms': 32, 'image_size': 224}}, 'text_processor': {'train': {'name': 'blip_question', 'max_words': 50}, 'eval': {'name': 'blip_question', 'max_words': 50}}}
Config keys :  dict_keys(['data_type', 'build_info', 'vis_processor', 'text_processor'])
Config : 

 {'data_type': 'videos', 'build_info': {'annotations': {'train': {'url': '/home/shreyasjena/BTP/SeViLA/data/annotations/train.json', 'storage': '/home/shreyasjena/BTP/SeViLA/data/annotations/train.json'}, 'val': {'url': '/home/shreyasjena/BTP/SeViLA/data/annotations/val.json', 'storage': '/home/shreyasjena/BTP/SeViLA/data/annotations/val.json'}, 'test': {'url': '/home/shreyasjena/BTP/SeViLA/data/annotations/test.json', 'storage': '/home/shreyasjena/BTP/SeViLA/data/annotations/test.json'}}, 'videos': {'storage': '/home/shreyasjena/BTP/SeViLA/data/videos'}}, 'vis_processor': {'train': {'name': 'blip2_video_train', 'n_frms': 32, 'image_size': 224}, 'eval': {'name': 'blip_video_eval', 'n_frms': 32, 'image_size': 224}}, 'text_processor': {'train': {'name': 'blip_question', 'max_words': 50}, 'eval': {'name': 'blip_question', 'max_words': 50}}}
Building datasets in base task ...
2024-01-07 17:06:39,400 [INFO] Using existing file /home/shreyasjena/BTP/SeViLA/data/annotations/train.json.
2024-01-07 17:06:39,400 [INFO] Using existing file /home/shreyasjena/BTP/SeViLA/data/annotations/val.json.
2024-01-07 17:06:39,400 [INFO] Using existing file /home/shreyasjena/BTP/SeViLA/data/annotations/test.json.
2024-01-07 17:06:39,401 [INFO] Building datasets...
Inside build processors ...
Config name :  blip2_video_train
Config name :  blip_video_eval
Config name :  blip_question
Config name :  blip_question
in build() fn, Processors built
2024-01-07 17:06:54,163 [INFO] freeze vision encoder
Loading checkpoint shards:   0%|          | 0/2 [00:00<?, ?it/s]Loading checkpoint shards:  50%|█████     | 1/2 [00:02<00:02,  2.18s/it]Loading checkpoint shards: 100%|██████████| 2/2 [00:02<00:00,  1.24s/it]Loading checkpoint shards: 100%|██████████| 2/2 [00:02<00:00,  1.38s/it]
2024-01-07 17:07:04,997 [INFO] Missing keys ['visual_encoder.cls_token', 'visual_encoder.pos_embed', 'visual_encoder.patch_embed.proj.weight', 'visual_encoder.patch_embed.proj.bias', 'visual_encoder.blocks.0.norm1.weight', 'visual_encoder.blocks.0.norm1.bias', 'visual_encoder.blocks.0.attn.q_bias', 'visual_encoder.blocks.0.attn.v_bias', 'visual_encoder.blocks.0.attn.qkv.weight', 'visual_encoder.blocks.0.attn.proj.weight', 'visual_encoder.blocks.0.attn.proj.bias', 'visual_encoder.blocks.0.norm2.weight', 'visual_encoder.blocks.0.norm2.bias', 'visual_encoder.blocks.0.mlp.fc1.weight', 'visual_encoder.blocks.0.mlp.fc1.bias', 'visual_encoder.blocks.0.mlp.fc2.weight', 'visual_encoder.blocks.0.mlp.fc2.bias', 'visual_encoder.blocks.1.norm1.weight', 'visual_encoder.blocks.1.norm1.bias', 'visual_encoder.blocks.1.attn.q_bias', 'visual_encoder.blocks.1.attn.v_bias', 'visual_encoder.blocks.1.attn.qkv.weight', 'visual_encoder.blocks.1.attn.proj.weight', 'visual_encoder.blocks.1.attn.proj.bias', 'visual_encoder.blocks.1.norm2.weight', 'visual_encoder.blocks.1.norm2.bias', 'visual_encoder.blocks.1.mlp.fc1.weight', 'visual_encoder.blocks.1.mlp.fc1.bias', 'visual_encoder.blocks.1.mlp.fc2.weight', 'visual_encoder.blocks.1.mlp.fc2.bias', 'visual_encoder.blocks.2.norm1.weight', 'visual_encoder.blocks.2.norm1.bias', 'visual_encoder.blocks.2.attn.q_bias', 'visual_encoder.blocks.2.attn.v_bias', 'visual_encoder.blocks.2.attn.qkv.weight', 'visual_encoder.blocks.2.attn.proj.weight', 'visual_encoder.blocks.2.attn.proj.bias', 'visual_encoder.blocks.2.norm2.weight', 'visual_encoder.blocks.2.norm2.bias', 'visual_encoder.blocks.2.mlp.fc1.weight', 'visual_encoder.blocks.2.mlp.fc1.bias', 'visual_encoder.blocks.2.mlp.fc2.weight', 'visual_encoder.blocks.2.mlp.fc2.bias', 'visual_encoder.blocks.3.norm1.weight', 'visual_encoder.blocks.3.norm1.bias', 'visual_encoder.blocks.3.attn.q_bias', 'visual_encoder.blocks.3.attn.v_bias', 'visual_encoder.blocks.3.attn.qkv.weight', 'visual_encoder.blocks.3.attn.proj.weight', 'visual_encoder.blocks.3.attn.proj.bias', 'visual_encoder.blocks.3.norm2.weight', 'visual_encoder.blocks.3.norm2.bias', 'visual_encoder.blocks.3.mlp.fc1.weight', 'visual_encoder.blocks.3.mlp.fc1.bias', 'visual_encoder.blocks.3.mlp.fc2.weight', 'visual_encoder.blocks.3.mlp.fc2.bias', 'visual_encoder.blocks.4.norm1.weight', 'visual_encoder.blocks.4.norm1.bias', 'visual_encoder.blocks.4.attn.q_bias', 'visual_encoder.blocks.4.attn.v_bias', 'visual_encoder.blocks.4.attn.qkv.weight', 'visual_encoder.blocks.4.attn.proj.weight', 'visual_encoder.blocks.4.attn.proj.bias', 'visual_encoder.blocks.4.norm2.weight', 'visual_encoder.blocks.4.norm2.bias', 'visual_encoder.blocks.4.mlp.fc1.weight', 'visual_encoder.blocks.4.mlp.fc1.bias', 'visual_encoder.blocks.4.mlp.fc2.weight', 'visual_encoder.blocks.4.mlp.fc2.bias', 'visual_encoder.blocks.5.norm1.weight', 'visual_encoder.blocks.5.norm1.bias', 'visual_encoder.blocks.5.attn.q_bias', 'visual_encoder.blocks.5.attn.v_bias', 'visual_encoder.blocks.5.attn.qkv.weight', 'visual_encoder.blocks.5.attn.proj.weight', 'visual_encoder.blocks.5.attn.proj.bias', 'visual_encoder.blocks.5.norm2.weight', 'visual_encoder.blocks.5.norm2.bias', 'visual_encoder.blocks.5.mlp.fc1.weight', 'visual_encoder.blocks.5.mlp.fc1.bias', 'visual_encoder.blocks.5.mlp.fc2.weight', 'visual_encoder.blocks.5.mlp.fc2.bias', 'visual_encoder.blocks.6.norm1.weight', 'visual_encoder.blocks.6.norm1.bias', 'visual_encoder.blocks.6.attn.q_bias', 'visual_encoder.blocks.6.attn.v_bias', 'visual_encoder.blocks.6.attn.qkv.weight', 'visual_encoder.blocks.6.attn.proj.weight', 'visual_encoder.blocks.6.attn.proj.bias', 'visual_encoder.blocks.6.norm2.weight', 'visual_encoder.blocks.6.norm2.bias', 'visual_encoder.blocks.6.mlp.fc1.weight', 'visual_encoder.blocks.6.mlp.fc1.bias', 'visual_encoder.blocks.6.mlp.fc2.weight', 'visual_encoder.blocks.6.mlp.fc2.bias', 'visual_encoder.blocks.7.norm1.weight', 'visual_encoder.blocks.7.norm1.bias', 'visual_encoder.blocks.7.attn.q_bias', 'visual_encoder.blocks.7.attn.v_bias', 'visual_encoder.blocks.7.attn.qkv.weight', 'visual_encoder.blocks.7.attn.proj.weight', 'visual_encoder.blocks.7.attn.proj.bias', 'visual_encoder.blocks.7.norm2.weight', 'visual_encoder.blocks.7.norm2.bias', 'visual_encoder.blocks.7.mlp.fc1.weight', 'visual_encoder.blocks.7.mlp.fc1.bias', 'visual_encoder.blocks.7.mlp.fc2.weight', 'visual_encoder.blocks.7.mlp.fc2.bias', 'visual_encoder.blocks.8.norm1.weight', 'visual_encoder.blocks.8.norm1.bias', 'visual_encoder.blocks.8.attn.q_bias', 'visual_encoder.blocks.8.attn.v_bias', 'visual_encoder.blocks.8.attn.qkv.weight', 'visual_encoder.blocks.8.attn.proj.weight', 'visual_encoder.blocks.8.attn.proj.bias', 'visual_encoder.blocks.8.norm2.weight', 'visual_encoder.blocks.8.norm2.bias', 'visual_encoder.blocks.8.mlp.fc1.weight', 'visual_encoder.blocks.8.mlp.fc1.bias', 'visual_encoder.blocks.8.mlp.fc2.weight', 'visual_encoder.blocks.8.mlp.fc2.bias', 'visual_encoder.blocks.9.norm1.weight', 'visual_encoder.blocks.9.norm1.bias', 'visual_encoder.blocks.9.attn.q_bias', 'visual_encoder.blocks.9.attn.v_bias', 'visual_encoder.blocks.9.attn.qkv.weight', 'visual_encoder.blocks.9.attn.proj.weight', 'visual_encoder.blocks.9.attn.proj.bias', 'visual_encoder.blocks.9.norm2.weight', 'visual_encoder.blocks.9.norm2.bias', 'visual_encoder.blocks.9.mlp.fc1.weight', 'visual_encoder.blocks.9.mlp.fc1.bias', 'visual_encoder.blocks.9.mlp.fc2.weight', 'visual_encoder.blocks.9.mlp.fc2.bias', 'visual_encoder.blocks.10.norm1.weight', 'visual_encoder.blocks.10.norm1.bias', 'visual_encoder.blocks.10.attn.q_bias', 'visual_encoder.blocks.10.attn.v_bias', 'visual_encoder.blocks.10.attn.qkv.weight', 'visual_encoder.blocks.10.attn.proj.weight', 'visual_encoder.blocks.10.attn.proj.bias', 'visual_encoder.blocks.10.norm2.weight', 'visual_encoder.blocks.10.norm2.bias', 'visual_encoder.blocks.10.mlp.fc1.weight', 'visual_encoder.blocks.10.mlp.fc1.bias', 'visual_encoder.blocks.10.mlp.fc2.weight', 'visual_encoder.blocks.10.mlp.fc2.bias', 'visual_encoder.blocks.11.norm1.weight', 'visual_encoder.blocks.11.norm1.bias', 'visual_encoder.blocks.11.attn.q_bias', 'visual_encoder.blocks.11.attn.v_bias', 'visual_encoder.blocks.11.attn.qkv.weight', 'visual_encoder.blocks.11.attn.proj.weight', 'visual_encoder.blocks.11.attn.proj.bias', 'visual_encoder.blocks.11.norm2.weight', 'visual_encoder.blocks.11.norm2.bias', 'visual_encoder.blocks.11.mlp.fc1.weight', 'visual_encoder.blocks.11.mlp.fc1.bias', 'visual_encoder.blocks.11.mlp.fc2.weight', 'visual_encoder.blocks.11.mlp.fc2.bias', 'visual_encoder.blocks.12.norm1.weight', 'visual_encoder.blocks.12.norm1.bias', 'visual_encoder.blocks.12.attn.q_bias', 'visual_encoder.blocks.12.attn.v_bias', 'visual_encoder.blocks.12.attn.qkv.weight', 'visual_encoder.blocks.12.attn.proj.weight', 'visual_encoder.blocks.12.attn.proj.bias', 'visual_encoder.blocks.12.norm2.weight', 'visual_encoder.blocks.12.norm2.bias', 'visual_encoder.blocks.12.mlp.fc1.weight', 'visual_encoder.blocks.12.mlp.fc1.bias', 'visual_encoder.blocks.12.mlp.fc2.weight', 'visual_encoder.blocks.12.mlp.fc2.bias', 'visual_encoder.blocks.13.norm1.weight', 'visual_encoder.blocks.13.norm1.bias', 'visual_encoder.blocks.13.attn.q_bias', 'visual_encoder.blocks.13.attn.v_bias', 'visual_encoder.blocks.13.attn.qkv.weight', 'visual_encoder.blocks.13.attn.proj.weight', 'visual_encoder.blocks.13.attn.proj.bias', 'visual_encoder.blocks.13.norm2.weight', 'visual_encoder.blocks.13.norm2.bias', 'visual_encoder.blocks.13.mlp.fc1.weight', 'visual_encoder.blocks.13.mlp.fc1.bias', 'visual_encoder.blocks.13.mlp.fc2.weight', 'visual_encoder.blocks.13.mlp.fc2.bias', 'visual_encoder.blocks.14.norm1.weight', 'visual_encoder.blocks.14.norm1.bias', 'visual_encoder.blocks.14.attn.q_bias', 'visual_encoder.blocks.14.attn.v_bias', 'visual_encoder.blocks.14.attn.qkv.weight', 'visual_encoder.blocks.14.attn.proj.weight', 'visual_encoder.blocks.14.attn.proj.bias', 'visual_encoder.blocks.14.norm2.weight', 'visual_encoder.blocks.14.norm2.bias', 'visual_encoder.blocks.14.mlp.fc1.weight', 'visual_encoder.blocks.14.mlp.fc1.bias', 'visual_encoder.blocks.14.mlp.fc2.weight', 'visual_encoder.blocks.14.mlp.fc2.bias', 'visual_encoder.blocks.15.norm1.weight', 'visual_encoder.blocks.15.norm1.bias', 'visual_encoder.blocks.15.attn.q_bias', 'visual_encoder.blocks.15.attn.v_bias', 'visual_encoder.blocks.15.attn.qkv.weight', 'visual_encoder.blocks.15.attn.proj.weight', 'visual_encoder.blocks.15.attn.proj.bias', 'visual_encoder.blocks.15.norm2.weight', 'visual_encoder.blocks.15.norm2.bias', 'visual_encoder.blocks.15.mlp.fc1.weight', 'visual_encoder.blocks.15.mlp.fc1.bias', 'visual_encoder.blocks.15.mlp.fc2.weight', 'visual_encoder.blocks.15.mlp.fc2.bias', 'visual_encoder.blocks.16.norm1.weight', 'visual_encoder.blocks.16.norm1.bias', 'visual_encoder.blocks.16.attn.q_bias', 'visual_encoder.blocks.16.attn.v_bias', 'visual_encoder.blocks.16.attn.qkv.weight', 'visual_encoder.blocks.16.attn.proj.weight', 'visual_encoder.blocks.16.attn.proj.bias', 'visual_encoder.blocks.16.norm2.weight', 'visual_encoder.blocks.16.norm2.bias', 'visual_encoder.blocks.16.mlp.fc1.weight', 'visual_encoder.blocks.16.mlp.fc1.bias', 'visual_encoder.blocks.16.mlp.fc2.weight', 'visual_encoder.blocks.16.mlp.fc2.bias', 'visual_encoder.blocks.17.norm1.weight', 'visual_encoder.blocks.17.norm1.bias', 'visual_encoder.blocks.17.attn.q_bias', 'visual_encoder.blocks.17.attn.v_bias', 'visual_encoder.blocks.17.attn.qkv.weight', 'visual_encoder.blocks.17.attn.proj.weight', 'visual_encoder.blocks.17.attn.proj.bias', 'visual_encoder.blocks.17.norm2.weight', 'visual_encoder.blocks.17.norm2.bias', 'visual_encoder.blocks.17.mlp.fc1.weight', 'visual_encoder.blocks.17.mlp.fc1.bias', 'visual_encoder.blocks.17.mlp.fc2.weight', 'visual_encoder.blocks.17.mlp.fc2.bias', 'visual_encoder.blocks.18.norm1.weight', 'visual_encoder.blocks.18.norm1.bias', 'visual_encoder.blocks.18.attn.q_bias', 'visual_encoder.blocks.18.attn.v_bias', 'visual_encoder.blocks.18.attn.qkv.weight', 'visual_encoder.blocks.18.attn.proj.weight', 'visual_encoder.blocks.18.attn.proj.bias', 'visual_encoder.blocks.18.norm2.weight', 'visual_encoder.blocks.18.norm2.bias', 'visual_encoder.blocks.18.mlp.fc1.weight', 'visual_encoder.blocks.18.mlp.fc1.bias', 'visual_encoder.blocks.18.mlp.fc2.weight', 'visual_encoder.blocks.18.mlp.fc2.bias', 'visual_encoder.blocks.19.norm1.weight', 'visual_encoder.blocks.19.norm1.bias', 'visual_encoder.blocks.19.attn.q_bias', 'visual_encoder.blocks.19.attn.v_bias', 'visual_encoder.blocks.19.attn.qkv.weight', 'visual_encoder.blocks.19.attn.proj.weight', 'visual_encoder.blocks.19.attn.proj.bias', 'visual_encoder.blocks.19.norm2.weight', 'visual_encoder.blocks.19.norm2.bias', 'visual_encoder.blocks.19.mlp.fc1.weight', 'visual_encoder.blocks.19.mlp.fc1.bias', 'visual_encoder.blocks.19.mlp.fc2.weight', 'visual_encoder.blocks.19.mlp.fc2.bias', 'visual_encoder.blocks.20.norm1.weight', 'visual_encoder.blocks.20.norm1.bias', 'visual_encoder.blocks.20.attn.q_bias', 'visual_encoder.blocks.20.attn.v_bias', 'visual_encoder.blocks.20.attn.qkv.weight', 'visual_encoder.blocks.20.attn.proj.weight', 'visual_encoder.blocks.20.attn.proj.bias', 'visual_encoder.blocks.20.norm2.weight', 'visual_encoder.blocks.20.norm2.bias', 'visual_encoder.blocks.20.mlp.fc1.weight', 'visual_encoder.blocks.20.mlp.fc1.bias', 'visual_encoder.blocks.20.mlp.fc2.weight', 'visual_encoder.blocks.20.mlp.fc2.bias', 'visual_encoder.blocks.21.norm1.weight', 'visual_encoder.blocks.21.norm1.bias', 'visual_encoder.blocks.21.attn.q_bias', 'visual_encoder.blocks.21.attn.v_bias', 'visual_encoder.blocks.21.attn.qkv.weight', 'visual_encoder.blocks.21.attn.proj.weight', 'visual_encoder.blocks.21.attn.proj.bias', 'visual_encoder.blocks.21.norm2.weight', 'visual_encoder.blocks.21.norm2.bias', 'visual_encoder.blocks.21.mlp.fc1.weight', 'visual_encoder.blocks.21.mlp.fc1.bias', 'visual_encoder.blocks.21.mlp.fc2.weight', 'visual_encoder.blocks.21.mlp.fc2.bias', 'visual_encoder.blocks.22.norm1.weight', 'visual_encoder.blocks.22.norm1.bias', 'visual_encoder.blocks.22.attn.q_bias', 'visual_encoder.blocks.22.attn.v_bias', 'visual_encoder.blocks.22.attn.qkv.weight', 'visual_encoder.blocks.22.attn.proj.weight', 'visual_encoder.blocks.22.attn.proj.bias', 'visual_encoder.blocks.22.norm2.weight', 'visual_encoder.blocks.22.norm2.bias', 'visual_encoder.blocks.22.mlp.fc1.weight', 'visual_encoder.blocks.22.mlp.fc1.bias', 'visual_encoder.blocks.22.mlp.fc2.weight', 'visual_encoder.blocks.22.mlp.fc2.bias', 'visual_encoder.blocks.23.norm1.weight', 'visual_encoder.blocks.23.norm1.bias', 'visual_encoder.blocks.23.attn.q_bias', 'visual_encoder.blocks.23.attn.v_bias', 'visual_encoder.blocks.23.attn.qkv.weight', 'visual_encoder.blocks.23.attn.proj.weight', 'visual_encoder.blocks.23.attn.proj.bias', 'visual_encoder.blocks.23.norm2.weight', 'visual_encoder.blocks.23.norm2.bias', 'visual_encoder.blocks.23.mlp.fc1.weight', 'visual_encoder.blocks.23.mlp.fc1.bias', 'visual_encoder.blocks.23.mlp.fc2.weight', 'visual_encoder.blocks.23.mlp.fc2.bias', 'visual_encoder.blocks.24.norm1.weight', 'visual_encoder.blocks.24.norm1.bias', 'visual_encoder.blocks.24.attn.q_bias', 'visual_encoder.blocks.24.attn.v_bias', 'visual_encoder.blocks.24.attn.qkv.weight', 'visual_encoder.blocks.24.attn.proj.weight', 'visual_encoder.blocks.24.attn.proj.bias', 'visual_encoder.blocks.24.norm2.weight', 'visual_encoder.blocks.24.norm2.bias', 'visual_encoder.blocks.24.mlp.fc1.weight', 'visual_encoder.blocks.24.mlp.fc1.bias', 'visual_encoder.blocks.24.mlp.fc2.weight', 'visual_encoder.blocks.24.mlp.fc2.bias', 'visual_encoder.blocks.25.norm1.weight', 'visual_encoder.blocks.25.norm1.bias', 'visual_encoder.blocks.25.attn.q_bias', 'visual_encoder.blocks.25.attn.v_bias', 'visual_encoder.blocks.25.attn.qkv.weight', 'visual_encoder.blocks.25.attn.proj.weight', 'visual_encoder.blocks.25.attn.proj.bias', 'visual_encoder.blocks.25.norm2.weight', 'visual_encoder.blocks.25.norm2.bias', 'visual_encoder.blocks.25.mlp.fc1.weight', 'visual_encoder.blocks.25.mlp.fc1.bias', 'visual_encoder.blocks.25.mlp.fc2.weight', 'visual_encoder.blocks.25.mlp.fc2.bias', 'visual_encoder.blocks.26.norm1.weight', 'visual_encoder.blocks.26.norm1.bias', 'visual_encoder.blocks.26.attn.q_bias', 'visual_encoder.blocks.26.attn.v_bias', 'visual_encoder.blocks.26.attn.qkv.weight', 'visual_encoder.blocks.26.attn.proj.weight', 'visual_encoder.blocks.26.attn.proj.bias', 'visual_encoder.blocks.26.norm2.weight', 'visual_encoder.blocks.26.norm2.bias', 'visual_encoder.blocks.26.mlp.fc1.weight', 'visual_encoder.blocks.26.mlp.fc1.bias', 'visual_encoder.blocks.26.mlp.fc2.weight', 'visual_encoder.blocks.26.mlp.fc2.bias', 'visual_encoder.blocks.27.norm1.weight', 'visual_encoder.blocks.27.norm1.bias', 'visual_encoder.blocks.27.attn.q_bias', 'visual_encoder.blocks.27.attn.v_bias', 'visual_encoder.blocks.27.attn.qkv.weight', 'visual_encoder.blocks.27.attn.proj.weight', 'visual_encoder.blocks.27.attn.proj.bias', 'visual_encoder.blocks.27.norm2.weight', 'visual_encoder.blocks.27.norm2.bias', 'visual_encoder.blocks.27.mlp.fc1.weight', 'visual_encoder.blocks.27.mlp.fc1.bias', 'visual_encoder.blocks.27.mlp.fc2.weight', 'visual_encoder.blocks.27.mlp.fc2.bias', 'visual_encoder.blocks.28.norm1.weight', 'visual_encoder.blocks.28.norm1.bias', 'visual_encoder.blocks.28.attn.q_bias', 'visual_encoder.blocks.28.attn.v_bias', 'visual_encoder.blocks.28.attn.qkv.weight', 'visual_encoder.blocks.28.attn.proj.weight', 'visual_encoder.blocks.28.attn.proj.bias', 'visual_encoder.blocks.28.norm2.weight', 'visual_encoder.blocks.28.norm2.bias', 'visual_encoder.blocks.28.mlp.fc1.weight', 'visual_encoder.blocks.28.mlp.fc1.bias', 'visual_encoder.blocks.28.mlp.fc2.weight', 'visual_encoder.blocks.28.mlp.fc2.bias', 'visual_encoder.blocks.29.norm1.weight', 'visual_encoder.blocks.29.norm1.bias', 'visual_encoder.blocks.29.attn.q_bias', 'visual_encoder.blocks.29.attn.v_bias', 'visual_encoder.blocks.29.attn.qkv.weight', 'visual_encoder.blocks.29.attn.proj.weight', 'visual_encoder.blocks.29.attn.proj.bias', 'visual_encoder.blocks.29.norm2.weight', 'visual_encoder.blocks.29.norm2.bias', 'visual_encoder.blocks.29.mlp.fc1.weight', 'visual_encoder.blocks.29.mlp.fc1.bias', 'visual_encoder.blocks.29.mlp.fc2.weight', 'visual_encoder.blocks.29.mlp.fc2.bias', 'visual_encoder.blocks.30.norm1.weight', 'visual_encoder.blocks.30.norm1.bias', 'visual_encoder.blocks.30.attn.q_bias', 'visual_encoder.blocks.30.attn.v_bias', 'visual_encoder.blocks.30.attn.qkv.weight', 'visual_encoder.blocks.30.attn.proj.weight', 'visual_encoder.blocks.30.attn.proj.bias', 'visual_encoder.blocks.30.norm2.weight', 'visual_encoder.blocks.30.norm2.bias', 'visual_encoder.blocks.30.mlp.fc1.weight', 'visual_encoder.blocks.30.mlp.fc1.bias', 'visual_encoder.blocks.30.mlp.fc2.weight', 'visual_encoder.blocks.30.mlp.fc2.bias', 'visual_encoder.blocks.31.norm1.weight', 'visual_encoder.blocks.31.norm1.bias', 'visual_encoder.blocks.31.attn.q_bias', 'visual_encoder.blocks.31.attn.v_bias', 'visual_encoder.blocks.31.attn.qkv.weight', 'visual_encoder.blocks.31.attn.proj.weight', 'visual_encoder.blocks.31.attn.proj.bias', 'visual_encoder.blocks.31.norm2.weight', 'visual_encoder.blocks.31.norm2.bias', 'visual_encoder.blocks.31.mlp.fc1.weight', 'visual_encoder.blocks.31.mlp.fc1.bias', 'visual_encoder.blocks.31.mlp.fc2.weight', 'visual_encoder.blocks.31.mlp.fc2.bias', 'visual_encoder.blocks.32.norm1.weight', 'visual_encoder.blocks.32.norm1.bias', 'visual_encoder.blocks.32.attn.q_bias', 'visual_encoder.blocks.32.attn.v_bias', 'visual_encoder.blocks.32.attn.qkv.weight', 'visual_encoder.blocks.32.attn.proj.weight', 'visual_encoder.blocks.32.attn.proj.bias', 'visual_encoder.blocks.32.norm2.weight', 'visual_encoder.blocks.32.norm2.bias', 'visual_encoder.blocks.32.mlp.fc1.weight', 'visual_encoder.blocks.32.mlp.fc1.bias', 'visual_encoder.blocks.32.mlp.fc2.weight', 'visual_encoder.blocks.32.mlp.fc2.bias', 'visual_encoder.blocks.33.norm1.weight', 'visual_encoder.blocks.33.norm1.bias', 'visual_encoder.blocks.33.attn.q_bias', 'visual_encoder.blocks.33.attn.v_bias', 'visual_encoder.blocks.33.attn.qkv.weight', 'visual_encoder.blocks.33.attn.proj.weight', 'visual_encoder.blocks.33.attn.proj.bias', 'visual_encoder.blocks.33.norm2.weight', 'visual_encoder.blocks.33.norm2.bias', 'visual_encoder.blocks.33.mlp.fc1.weight', 'visual_encoder.blocks.33.mlp.fc1.bias', 'visual_encoder.blocks.33.mlp.fc2.weight', 'visual_encoder.blocks.33.mlp.fc2.bias', 'visual_encoder.blocks.34.norm1.weight', 'visual_encoder.blocks.34.norm1.bias', 'visual_encoder.blocks.34.attn.q_bias', 'visual_encoder.blocks.34.attn.v_bias', 'visual_encoder.blocks.34.attn.qkv.weight', 'visual_encoder.blocks.34.attn.proj.weight', 'visual_encoder.blocks.34.attn.proj.bias', 'visual_encoder.blocks.34.norm2.weight', 'visual_encoder.blocks.34.norm2.bias', 'visual_encoder.blocks.34.mlp.fc1.weight', 'visual_encoder.blocks.34.mlp.fc1.bias', 'visual_encoder.blocks.34.mlp.fc2.weight', 'visual_encoder.blocks.34.mlp.fc2.bias', 'visual_encoder.blocks.35.norm1.weight', 'visual_encoder.blocks.35.norm1.bias', 'visual_encoder.blocks.35.attn.q_bias', 'visual_encoder.blocks.35.attn.v_bias', 'visual_encoder.blocks.35.attn.qkv.weight', 'visual_encoder.blocks.35.attn.proj.weight', 'visual_encoder.blocks.35.attn.proj.bias', 'visual_encoder.blocks.35.norm2.weight', 'visual_encoder.blocks.35.norm2.bias', 'visual_encoder.blocks.35.mlp.fc1.weight', 'visual_encoder.blocks.35.mlp.fc1.bias', 'visual_encoder.blocks.35.mlp.fc2.weight', 'visual_encoder.blocks.35.mlp.fc2.bias', 'visual_encoder.blocks.36.norm1.weight', 'visual_encoder.blocks.36.norm1.bias', 'visual_encoder.blocks.36.attn.q_bias', 'visual_encoder.blocks.36.attn.v_bias', 'visual_encoder.blocks.36.attn.qkv.weight', 'visual_encoder.blocks.36.attn.proj.weight', 'visual_encoder.blocks.36.attn.proj.bias', 'visual_encoder.blocks.36.norm2.weight', 'visual_encoder.blocks.36.norm2.bias', 'visual_encoder.blocks.36.mlp.fc1.weight', 'visual_encoder.blocks.36.mlp.fc1.bias', 'visual_encoder.blocks.36.mlp.fc2.weight', 'visual_encoder.blocks.36.mlp.fc2.bias', 'visual_encoder.blocks.37.norm1.weight', 'visual_encoder.blocks.37.norm1.bias', 'visual_encoder.blocks.37.attn.q_bias', 'visual_encoder.blocks.37.attn.v_bias', 'visual_encoder.blocks.37.attn.qkv.weight', 'visual_encoder.blocks.37.attn.proj.weight', 'visual_encoder.blocks.37.attn.proj.bias', 'visual_encoder.blocks.37.norm2.weight', 'visual_encoder.blocks.37.norm2.bias', 'visual_encoder.blocks.37.mlp.fc1.weight', 'visual_encoder.blocks.37.mlp.fc1.bias', 'visual_encoder.blocks.37.mlp.fc2.weight', 'visual_encoder.blocks.37.mlp.fc2.bias', 'visual_encoder.blocks.38.norm1.weight', 'visual_encoder.blocks.38.norm1.bias', 'visual_encoder.blocks.38.attn.q_bias', 'visual_encoder.blocks.38.attn.v_bias', 'visual_encoder.blocks.38.attn.qkv.weight', 'visual_encoder.blocks.38.attn.proj.weight', 'visual_encoder.blocks.38.attn.proj.bias', 'visual_encoder.blocks.38.norm2.weight', 'visual_encoder.blocks.38.norm2.bias', 'visual_encoder.blocks.38.mlp.fc1.weight', 'visual_encoder.blocks.38.mlp.fc1.bias', 'visual_encoder.blocks.38.mlp.fc2.weight', 'visual_encoder.blocks.38.mlp.fc2.bias', 't5_model.shared.weight', 't5_model.encoder.embed_tokens.weight', 't5_model.encoder.block.0.layer.0.SelfAttention.q.weight', 't5_model.encoder.block.0.layer.0.SelfAttention.k.weight', 't5_model.encoder.block.0.layer.0.SelfAttention.v.weight', 't5_model.encoder.block.0.layer.0.SelfAttention.o.weight', 't5_model.encoder.block.0.layer.0.SelfAttention.relative_attention_bias.weight', 't5_model.encoder.block.0.layer.0.layer_norm.weight', 't5_model.encoder.block.0.layer.1.DenseReluDense.wi_0.weight', 't5_model.encoder.block.0.layer.1.DenseReluDense.wi_1.weight', 't5_model.encoder.block.0.layer.1.DenseReluDense.wo.weight', 't5_model.encoder.block.0.layer.1.layer_norm.weight', 't5_model.encoder.block.1.layer.0.SelfAttention.q.weight', 't5_model.encoder.block.1.layer.0.SelfAttention.k.weight', 't5_model.encoder.block.1.layer.0.SelfAttention.v.weight', 't5_model.encoder.block.1.layer.0.SelfAttention.o.weight', 't5_model.encoder.block.1.layer.0.layer_norm.weight', 't5_model.encoder.block.1.layer.1.DenseReluDense.wi_0.weight', 't5_model.encoder.block.1.layer.1.DenseReluDense.wi_1.weight', 't5_model.encoder.block.1.layer.1.DenseReluDense.wo.weight', 't5_model.encoder.block.1.layer.1.layer_norm.weight', 't5_model.encoder.block.2.layer.0.SelfAttention.q.weight', 't5_model.encoder.block.2.layer.0.SelfAttention.k.weight', 't5_model.encoder.block.2.layer.0.SelfAttention.v.weight', 't5_model.encoder.block.2.layer.0.SelfAttention.o.weight', 't5_model.encoder.block.2.layer.0.layer_norm.weight', 't5_model.encoder.block.2.layer.1.DenseReluDense.wi_0.weight', 't5_model.encoder.block.2.layer.1.DenseReluDense.wi_1.weight', 't5_model.encoder.block.2.layer.1.DenseReluDense.wo.weight', 't5_model.encoder.block.2.layer.1.layer_norm.weight', 't5_model.encoder.block.3.layer.0.SelfAttention.q.weight', 't5_model.encoder.block.3.layer.0.SelfAttention.k.weight', 't5_model.encoder.block.3.layer.0.SelfAttention.v.weight', 't5_model.encoder.block.3.layer.0.SelfAttention.o.weight', 't5_model.encoder.block.3.layer.0.layer_norm.weight', 't5_model.encoder.block.3.layer.1.DenseReluDense.wi_0.weight', 't5_model.encoder.block.3.layer.1.DenseReluDense.wi_1.weight', 't5_model.encoder.block.3.layer.1.DenseReluDense.wo.weight', 't5_model.encoder.block.3.layer.1.layer_norm.weight', 't5_model.encoder.block.4.layer.0.SelfAttention.q.weight', 't5_model.encoder.block.4.layer.0.SelfAttention.k.weight', 't5_model.encoder.block.4.layer.0.SelfAttention.v.weight', 't5_model.encoder.block.4.layer.0.SelfAttention.o.weight', 't5_model.encoder.block.4.layer.0.layer_norm.weight', 't5_model.encoder.block.4.layer.1.DenseReluDense.wi_0.weight', 't5_model.encoder.block.4.layer.1.DenseReluDense.wi_1.weight', 't5_model.encoder.block.4.layer.1.DenseReluDense.wo.weight', 't5_model.encoder.block.4.layer.1.layer_norm.weight', 't5_model.encoder.block.5.layer.0.SelfAttention.q.weight', 't5_model.encoder.block.5.layer.0.SelfAttention.k.weight', 't5_model.encoder.block.5.layer.0.SelfAttention.v.weight', 't5_model.encoder.block.5.layer.0.SelfAttention.o.weight', 't5_model.encoder.block.5.layer.0.layer_norm.weight', 't5_model.encoder.block.5.layer.1.DenseReluDense.wi_0.weight', 't5_model.encoder.block.5.layer.1.DenseReluDense.wi_1.weight', 't5_model.encoder.block.5.layer.1.DenseReluDense.wo.weight', 't5_model.encoder.block.5.layer.1.layer_norm.weight', 't5_model.encoder.block.6.layer.0.SelfAttention.q.weight', 't5_model.encoder.block.6.layer.0.SelfAttention.k.weight', 't5_model.encoder.block.6.layer.0.SelfAttention.v.weight', 't5_model.encoder.block.6.layer.0.SelfAttention.o.weight', 't5_model.encoder.block.6.layer.0.layer_norm.weight', 't5_model.encoder.block.6.layer.1.DenseReluDense.wi_0.weight', 't5_model.encoder.block.6.layer.1.DenseReluDense.wi_1.weight', 't5_model.encoder.block.6.layer.1.DenseReluDense.wo.weight', 't5_model.encoder.block.6.layer.1.layer_norm.weight', 't5_model.encoder.block.7.layer.0.SelfAttention.q.weight', 't5_model.encoder.block.7.layer.0.SelfAttention.k.weight', 't5_model.encoder.block.7.layer.0.SelfAttention.v.weight', 't5_model.encoder.block.7.layer.0.SelfAttention.o.weight', 't5_model.encoder.block.7.layer.0.layer_norm.weight', 't5_model.encoder.block.7.layer.1.DenseReluDense.wi_0.weight', 't5_model.encoder.block.7.layer.1.DenseReluDense.wi_1.weight', 't5_model.encoder.block.7.layer.1.DenseReluDense.wo.weight', 't5_model.encoder.block.7.layer.1.layer_norm.weight', 't5_model.encoder.block.8.layer.0.SelfAttention.q.weight', 't5_model.encoder.block.8.layer.0.SelfAttention.k.weight', 't5_model.encoder.block.8.layer.0.SelfAttention.v.weight', 't5_model.encoder.block.8.layer.0.SelfAttention.o.weight', 't5_model.encoder.block.8.layer.0.layer_norm.weight', 't5_model.encoder.block.8.layer.1.DenseReluDense.wi_0.weight', 't5_model.encoder.block.8.layer.1.DenseReluDense.wi_1.weight', 't5_model.encoder.block.8.layer.1.DenseReluDense.wo.weight', 't5_model.encoder.block.8.layer.1.layer_norm.weight', 't5_model.encoder.block.9.layer.0.SelfAttention.q.weight', 't5_model.encoder.block.9.layer.0.SelfAttention.k.weight', 't5_model.encoder.block.9.layer.0.SelfAttention.v.weight', 't5_model.encoder.block.9.layer.0.SelfAttention.o.weight', 't5_model.encoder.block.9.layer.0.layer_norm.weight', 't5_model.encoder.block.9.layer.1.DenseReluDense.wi_0.weight', 't5_model.encoder.block.9.layer.1.DenseReluDense.wi_1.weight', 't5_model.encoder.block.9.layer.1.DenseReluDense.wo.weight', 't5_model.encoder.block.9.layer.1.layer_norm.weight', 't5_model.encoder.block.10.layer.0.SelfAttention.q.weight', 't5_model.encoder.block.10.layer.0.SelfAttention.k.weight', 't5_model.encoder.block.10.layer.0.SelfAttention.v.weight', 't5_model.encoder.block.10.layer.0.SelfAttention.o.weight', 't5_model.encoder.block.10.layer.0.layer_norm.weight', 't5_model.encoder.block.10.layer.1.DenseReluDense.wi_0.weight', 't5_model.encoder.block.10.layer.1.DenseReluDense.wi_1.weight', 't5_model.encoder.block.10.layer.1.DenseReluDense.wo.weight', 't5_model.encoder.block.10.layer.1.layer_norm.weight', 't5_model.encoder.block.11.layer.0.SelfAttention.q.weight', 't5_model.encoder.block.11.layer.0.SelfAttention.k.weight', 't5_model.encoder.block.11.layer.0.SelfAttention.v.weight', 't5_model.encoder.block.11.layer.0.SelfAttention.o.weight', 't5_model.encoder.block.11.layer.0.layer_norm.weight', 't5_model.encoder.block.11.layer.1.DenseReluDense.wi_0.weight', 't5_model.encoder.block.11.layer.1.DenseReluDense.wi_1.weight', 't5_model.encoder.block.11.layer.1.DenseReluDense.wo.weight', 't5_model.encoder.block.11.layer.1.layer_norm.weight', 't5_model.encoder.block.12.layer.0.SelfAttention.q.weight', 't5_model.encoder.block.12.layer.0.SelfAttention.k.weight', 't5_model.encoder.block.12.layer.0.SelfAttention.v.weight', 't5_model.encoder.block.12.layer.0.SelfAttention.o.weight', 't5_model.encoder.block.12.layer.0.layer_norm.weight', 't5_model.encoder.block.12.layer.1.DenseReluDense.wi_0.weight', 't5_model.encoder.block.12.layer.1.DenseReluDense.wi_1.weight', 't5_model.encoder.block.12.layer.1.DenseReluDense.wo.weight', 't5_model.encoder.block.12.layer.1.layer_norm.weight', 't5_model.encoder.block.13.layer.0.SelfAttention.q.weight', 't5_model.encoder.block.13.layer.0.SelfAttention.k.weight', 't5_model.encoder.block.13.layer.0.SelfAttention.v.weight', 't5_model.encoder.block.13.layer.0.SelfAttention.o.weight', 't5_model.encoder.block.13.layer.0.layer_norm.weight', 't5_model.encoder.block.13.layer.1.DenseReluDense.wi_0.weight', 't5_model.encoder.block.13.layer.1.DenseReluDense.wi_1.weight', 't5_model.encoder.block.13.layer.1.DenseReluDense.wo.weight', 't5_model.encoder.block.13.layer.1.layer_norm.weight', 't5_model.encoder.block.14.layer.0.SelfAttention.q.weight', 't5_model.encoder.block.14.layer.0.SelfAttention.k.weight', 't5_model.encoder.block.14.layer.0.SelfAttention.v.weight', 't5_model.encoder.block.14.layer.0.SelfAttention.o.weight', 't5_model.encoder.block.14.layer.0.layer_norm.weight', 't5_model.encoder.block.14.layer.1.DenseReluDense.wi_0.weight', 't5_model.encoder.block.14.layer.1.DenseReluDense.wi_1.weight', 't5_model.encoder.block.14.layer.1.DenseReluDense.wo.weight', 't5_model.encoder.block.14.layer.1.layer_norm.weight', 't5_model.encoder.block.15.layer.0.SelfAttention.q.weight', 't5_model.encoder.block.15.layer.0.SelfAttention.k.weight', 't5_model.encoder.block.15.layer.0.SelfAttention.v.weight', 't5_model.encoder.block.15.layer.0.SelfAttention.o.weight', 't5_model.encoder.block.15.layer.0.layer_norm.weight', 't5_model.encoder.block.15.layer.1.DenseReluDense.wi_0.weight', 't5_model.encoder.block.15.layer.1.DenseReluDense.wi_1.weight', 't5_model.encoder.block.15.layer.1.DenseReluDense.wo.weight', 't5_model.encoder.block.15.layer.1.layer_norm.weight', 't5_model.encoder.block.16.layer.0.SelfAttention.q.weight', 't5_model.encoder.block.16.layer.0.SelfAttention.k.weight', 't5_model.encoder.block.16.layer.0.SelfAttention.v.weight', 't5_model.encoder.block.16.layer.0.SelfAttention.o.weight', 't5_model.encoder.block.16.layer.0.layer_norm.weight', 't5_model.encoder.block.16.layer.1.DenseReluDense.wi_0.weight', 't5_model.encoder.block.16.layer.1.DenseReluDense.wi_1.weight', 't5_model.encoder.block.16.layer.1.DenseReluDense.wo.weight', 't5_model.encoder.block.16.layer.1.layer_norm.weight', 't5_model.encoder.block.17.layer.0.SelfAttention.q.weight', 't5_model.encoder.block.17.layer.0.SelfAttention.k.weight', 't5_model.encoder.block.17.layer.0.SelfAttention.v.weight', 't5_model.encoder.block.17.layer.0.SelfAttention.o.weight', 't5_model.encoder.block.17.layer.0.layer_norm.weight', 't5_model.encoder.block.17.layer.1.DenseReluDense.wi_0.weight', 't5_model.encoder.block.17.layer.1.DenseReluDense.wi_1.weight', 't5_model.encoder.block.17.layer.1.DenseReluDense.wo.weight', 't5_model.encoder.block.17.layer.1.layer_norm.weight', 't5_model.encoder.block.18.layer.0.SelfAttention.q.weight', 't5_model.encoder.block.18.layer.0.SelfAttention.k.weight', 't5_model.encoder.block.18.layer.0.SelfAttention.v.weight', 't5_model.encoder.block.18.layer.0.SelfAttention.o.weight', 't5_model.encoder.block.18.layer.0.layer_norm.weight', 't5_model.encoder.block.18.layer.1.DenseReluDense.wi_0.weight', 't5_model.encoder.block.18.layer.1.DenseReluDense.wi_1.weight', 't5_model.encoder.block.18.layer.1.DenseReluDense.wo.weight', 't5_model.encoder.block.18.layer.1.layer_norm.weight', 't5_model.encoder.block.19.layer.0.SelfAttention.q.weight', 't5_model.encoder.block.19.layer.0.SelfAttention.k.weight', 't5_model.encoder.block.19.layer.0.SelfAttention.v.weight', 't5_model.encoder.block.19.layer.0.SelfAttention.o.weight', 't5_model.encoder.block.19.layer.0.layer_norm.weight', 't5_model.encoder.block.19.layer.1.DenseReluDense.wi_0.weight', 't5_model.encoder.block.19.layer.1.DenseReluDense.wi_1.weight', 't5_model.encoder.block.19.layer.1.DenseReluDense.wo.weight', 't5_model.encoder.block.19.layer.1.layer_norm.weight', 't5_model.encoder.block.20.layer.0.SelfAttention.q.weight', 't5_model.encoder.block.20.layer.0.SelfAttention.k.weight', 't5_model.encoder.block.20.layer.0.SelfAttention.v.weight', 't5_model.encoder.block.20.layer.0.SelfAttention.o.weight', 't5_model.encoder.block.20.layer.0.layer_norm.weight', 't5_model.encoder.block.20.layer.1.DenseReluDense.wi_0.weight', 't5_model.encoder.block.20.layer.1.DenseReluDense.wi_1.weight', 't5_model.encoder.block.20.layer.1.DenseReluDense.wo.weight', 't5_model.encoder.block.20.layer.1.layer_norm.weight', 't5_model.encoder.block.21.layer.0.SelfAttention.q.weight', 't5_model.encoder.block.21.layer.0.SelfAttention.k.weight', 't5_model.encoder.block.21.layer.0.SelfAttention.v.weight', 't5_model.encoder.block.21.layer.0.SelfAttention.o.weight', 't5_model.encoder.block.21.layer.0.layer_norm.weight', 't5_model.encoder.block.21.layer.1.DenseReluDense.wi_0.weight', 't5_model.encoder.block.21.layer.1.DenseReluDense.wi_1.weight', 't5_model.encoder.block.21.layer.1.DenseReluDense.wo.weight', 't5_model.encoder.block.21.layer.1.layer_norm.weight', 't5_model.encoder.block.22.layer.0.SelfAttention.q.weight', 't5_model.encoder.block.22.layer.0.SelfAttention.k.weight', 't5_model.encoder.block.22.layer.0.SelfAttention.v.weight', 't5_model.encoder.block.22.layer.0.SelfAttention.o.weight', 't5_model.encoder.block.22.layer.0.layer_norm.weight', 't5_model.encoder.block.22.layer.1.DenseReluDense.wi_0.weight', 't5_model.encoder.block.22.layer.1.DenseReluDense.wi_1.weight', 't5_model.encoder.block.22.layer.1.DenseReluDense.wo.weight', 't5_model.encoder.block.22.layer.1.layer_norm.weight', 't5_model.encoder.block.23.layer.0.SelfAttention.q.weight', 't5_model.encoder.block.23.layer.0.SelfAttention.k.weight', 't5_model.encoder.block.23.layer.0.SelfAttention.v.weight', 't5_model.encoder.block.23.layer.0.SelfAttention.o.weight', 't5_model.encoder.block.23.layer.0.layer_norm.weight', 't5_model.encoder.block.23.layer.1.DenseReluDense.wi_0.weight', 't5_model.encoder.block.23.layer.1.DenseReluDense.wi_1.weight', 't5_model.encoder.block.23.layer.1.DenseReluDense.wo.weight', 't5_model.encoder.block.23.layer.1.layer_norm.weight', 't5_model.encoder.final_layer_norm.weight', 't5_model.decoder.embed_tokens.weight', 't5_model.decoder.block.0.layer.0.SelfAttention.q.weight', 't5_model.decoder.block.0.layer.0.SelfAttention.k.weight', 't5_model.decoder.block.0.layer.0.SelfAttention.v.weight', 't5_model.decoder.block.0.layer.0.SelfAttention.o.weight', 't5_model.decoder.block.0.layer.0.SelfAttention.relative_attention_bias.weight', 't5_model.decoder.block.0.layer.0.layer_norm.weight', 't5_model.decoder.block.0.layer.1.EncDecAttention.q.weight', 't5_model.decoder.block.0.layer.1.EncDecAttention.k.weight', 't5_model.decoder.block.0.layer.1.EncDecAttention.v.weight', 't5_model.decoder.block.0.layer.1.EncDecAttention.o.weight', 't5_model.decoder.block.0.layer.1.layer_norm.weight', 't5_model.decoder.block.0.layer.2.DenseReluDense.wi_0.weight', 't5_model.decoder.block.0.layer.2.DenseReluDense.wi_1.weight', 't5_model.decoder.block.0.layer.2.DenseReluDense.wo.weight', 't5_model.decoder.block.0.layer.2.layer_norm.weight', 't5_model.decoder.block.1.layer.0.SelfAttention.q.weight', 't5_model.decoder.block.1.layer.0.SelfAttention.k.weight', 't5_model.decoder.block.1.layer.0.SelfAttention.v.weight', 't5_model.decoder.block.1.layer.0.SelfAttention.o.weight', 't5_model.decoder.block.1.layer.0.layer_norm.weight', 't5_model.decoder.block.1.layer.1.EncDecAttention.q.weight', 't5_model.decoder.block.1.layer.1.EncDecAttention.k.weight', 't5_model.decoder.block.1.layer.1.EncDecAttention.v.weight', 't5_model.decoder.block.1.layer.1.EncDecAttention.o.weight', 't5_model.decoder.block.1.layer.1.layer_norm.weight', 't5_model.decoder.block.1.layer.2.DenseReluDense.wi_0.weight', 't5_model.decoder.block.1.layer.2.DenseReluDense.wi_1.weight', 't5_model.decoder.block.1.layer.2.DenseReluDense.wo.weight', 't5_model.decoder.block.1.layer.2.layer_norm.weight', 't5_model.decoder.block.2.layer.0.SelfAttention.q.weight', 't5_model.decoder.block.2.layer.0.SelfAttention.k.weight', 't5_model.decoder.block.2.layer.0.SelfAttention.v.weight', 't5_model.decoder.block.2.layer.0.SelfAttention.o.weight', 't5_model.decoder.block.2.layer.0.layer_norm.weight', 't5_model.decoder.block.2.layer.1.EncDecAttention.q.weight', 't5_model.decoder.block.2.layer.1.EncDecAttention.k.weight', 't5_model.decoder.block.2.layer.1.EncDecAttention.v.weight', 't5_model.decoder.block.2.layer.1.EncDecAttention.o.weight', 't5_model.decoder.block.2.layer.1.layer_norm.weight', 't5_model.decoder.block.2.layer.2.DenseReluDense.wi_0.weight', 't5_model.decoder.block.2.layer.2.DenseReluDense.wi_1.weight', 't5_model.decoder.block.2.layer.2.DenseReluDense.wo.weight', 't5_model.decoder.block.2.layer.2.layer_norm.weight', 't5_model.decoder.block.3.layer.0.SelfAttention.q.weight', 't5_model.decoder.block.3.layer.0.SelfAttention.k.weight', 't5_model.decoder.block.3.layer.0.SelfAttention.v.weight', 't5_model.decoder.block.3.layer.0.SelfAttention.o.weight', 't5_model.decoder.block.3.layer.0.layer_norm.weight', 't5_model.decoder.block.3.layer.1.EncDecAttention.q.weight', 't5_model.decoder.block.3.layer.1.EncDecAttention.k.weight', 't5_model.decoder.block.3.layer.1.EncDecAttention.v.weight', 't5_model.decoder.block.3.layer.1.EncDecAttention.o.weight', 't5_model.decoder.block.3.layer.1.layer_norm.weight', 't5_model.decoder.block.3.layer.2.DenseReluDense.wi_0.weight', 't5_model.decoder.block.3.layer.2.DenseReluDense.wi_1.weight', 't5_model.decoder.block.3.layer.2.DenseReluDense.wo.weight', 't5_model.decoder.block.3.layer.2.layer_norm.weight', 't5_model.decoder.block.4.layer.0.SelfAttention.q.weight', 't5_model.decoder.block.4.layer.0.SelfAttention.k.weight', 't5_model.decoder.block.4.layer.0.SelfAttention.v.weight', 't5_model.decoder.block.4.layer.0.SelfAttention.o.weight', 't5_model.decoder.block.4.layer.0.layer_norm.weight', 't5_model.decoder.block.4.layer.1.EncDecAttention.q.weight', 't5_model.decoder.block.4.layer.1.EncDecAttention.k.weight', 't5_model.decoder.block.4.layer.1.EncDecAttention.v.weight', 't5_model.decoder.block.4.layer.1.EncDecAttention.o.weight', 't5_model.decoder.block.4.layer.1.layer_norm.weight', 't5_model.decoder.block.4.layer.2.DenseReluDense.wi_0.weight', 't5_model.decoder.block.4.layer.2.DenseReluDense.wi_1.weight', 't5_model.decoder.block.4.layer.2.DenseReluDense.wo.weight', 't5_model.decoder.block.4.layer.2.layer_norm.weight', 't5_model.decoder.block.5.layer.0.SelfAttention.q.weight', 't5_model.decoder.block.5.layer.0.SelfAttention.k.weight', 't5_model.decoder.block.5.layer.0.SelfAttention.v.weight', 't5_model.decoder.block.5.layer.0.SelfAttention.o.weight', 't5_model.decoder.block.5.layer.0.layer_norm.weight', 't5_model.decoder.block.5.layer.1.EncDecAttention.q.weight', 't5_model.decoder.block.5.layer.1.EncDecAttention.k.weight', 't5_model.decoder.block.5.layer.1.EncDecAttention.v.weight', 't5_model.decoder.block.5.layer.1.EncDecAttention.o.weight', 't5_model.decoder.block.5.layer.1.layer_norm.weight', 't5_model.decoder.block.5.layer.2.DenseReluDense.wi_0.weight', 't5_model.decoder.block.5.layer.2.DenseReluDense.wi_1.weight', 't5_model.decoder.block.5.layer.2.DenseReluDense.wo.weight', 't5_model.decoder.block.5.layer.2.layer_norm.weight', 't5_model.decoder.block.6.layer.0.SelfAttention.q.weight', 't5_model.decoder.block.6.layer.0.SelfAttention.k.weight', 't5_model.decoder.block.6.layer.0.SelfAttention.v.weight', 't5_model.decoder.block.6.layer.0.SelfAttention.o.weight', 't5_model.decoder.block.6.layer.0.layer_norm.weight', 't5_model.decoder.block.6.layer.1.EncDecAttention.q.weight', 't5_model.decoder.block.6.layer.1.EncDecAttention.k.weight', 't5_model.decoder.block.6.layer.1.EncDecAttention.v.weight', 't5_model.decoder.block.6.layer.1.EncDecAttention.o.weight', 't5_model.decoder.block.6.layer.1.layer_norm.weight', 't5_model.decoder.block.6.layer.2.DenseReluDense.wi_0.weight', 't5_model.decoder.block.6.layer.2.DenseReluDense.wi_1.weight', 't5_model.decoder.block.6.layer.2.DenseReluDense.wo.weight', 't5_model.decoder.block.6.layer.2.layer_norm.weight', 't5_model.decoder.block.7.layer.0.SelfAttention.q.weight', 't5_model.decoder.block.7.layer.0.SelfAttention.k.weight', 't5_model.decoder.block.7.layer.0.SelfAttention.v.weight', 't5_model.decoder.block.7.layer.0.SelfAttention.o.weight', 't5_model.decoder.block.7.layer.0.layer_norm.weight', 't5_model.decoder.block.7.layer.1.EncDecAttention.q.weight', 't5_model.decoder.block.7.layer.1.EncDecAttention.k.weight', 't5_model.decoder.block.7.layer.1.EncDecAttention.v.weight', 't5_model.decoder.block.7.layer.1.EncDecAttention.o.weight', 't5_model.decoder.block.7.layer.1.layer_norm.weight', 't5_model.decoder.block.7.layer.2.DenseReluDense.wi_0.weight', 't5_model.decoder.block.7.layer.2.DenseReluDense.wi_1.weight', 't5_model.decoder.block.7.layer.2.DenseReluDense.wo.weight', 't5_model.decoder.block.7.layer.2.layer_norm.weight', 't5_model.decoder.block.8.layer.0.SelfAttention.q.weight', 't5_model.decoder.block.8.layer.0.SelfAttention.k.weight', 't5_model.decoder.block.8.layer.0.SelfAttention.v.weight', 't5_model.decoder.block.8.layer.0.SelfAttention.o.weight', 't5_model.decoder.block.8.layer.0.layer_norm.weight', 't5_model.decoder.block.8.layer.1.EncDecAttention.q.weight', 't5_model.decoder.block.8.layer.1.EncDecAttention.k.weight', 't5_model.decoder.block.8.layer.1.EncDecAttention.v.weight', 't5_model.decoder.block.8.layer.1.EncDecAttention.o.weight', 't5_model.decoder.block.8.layer.1.layer_norm.weight', 't5_model.decoder.block.8.layer.2.DenseReluDense.wi_0.weight', 't5_model.decoder.block.8.layer.2.DenseReluDense.wi_1.weight', 't5_model.decoder.block.8.layer.2.DenseReluDense.wo.weight', 't5_model.decoder.block.8.layer.2.layer_norm.weight', 't5_model.decoder.block.9.layer.0.SelfAttention.q.weight', 't5_model.decoder.block.9.layer.0.SelfAttention.k.weight', 't5_model.decoder.block.9.layer.0.SelfAttention.v.weight', 't5_model.decoder.block.9.layer.0.SelfAttention.o.weight', 't5_model.decoder.block.9.layer.0.layer_norm.weight', 't5_model.decoder.block.9.layer.1.EncDecAttention.q.weight', 't5_model.decoder.block.9.layer.1.EncDecAttention.k.weight', 't5_model.decoder.block.9.layer.1.EncDecAttention.v.weight', 't5_model.decoder.block.9.layer.1.EncDecAttention.o.weight', 't5_model.decoder.block.9.layer.1.layer_norm.weight', 't5_model.decoder.block.9.layer.2.DenseReluDense.wi_0.weight', 't5_model.decoder.block.9.layer.2.DenseReluDense.wi_1.weight', 't5_model.decoder.block.9.layer.2.DenseReluDense.wo.weight', 't5_model.decoder.block.9.layer.2.layer_norm.weight', 't5_model.decoder.block.10.layer.0.SelfAttention.q.weight', 't5_model.decoder.block.10.layer.0.SelfAttention.k.weight', 't5_model.decoder.block.10.layer.0.SelfAttention.v.weight', 't5_model.decoder.block.10.layer.0.SelfAttention.o.weight', 't5_model.decoder.block.10.layer.0.layer_norm.weight', 't5_model.decoder.block.10.layer.1.EncDecAttention.q.weight', 't5_model.decoder.block.10.layer.1.EncDecAttention.k.weight', 't5_model.decoder.block.10.layer.1.EncDecAttention.v.weight', 't5_model.decoder.block.10.layer.1.EncDecAttention.o.weight', 't5_model.decoder.block.10.layer.1.layer_norm.weight', 't5_model.decoder.block.10.layer.2.DenseReluDense.wi_0.weight', 't5_model.decoder.block.10.layer.2.DenseReluDense.wi_1.weight', 't5_model.decoder.block.10.layer.2.DenseReluDense.wo.weight', 't5_model.decoder.block.10.layer.2.layer_norm.weight', 't5_model.decoder.block.11.layer.0.SelfAttention.q.weight', 't5_model.decoder.block.11.layer.0.SelfAttention.k.weight', 't5_model.decoder.block.11.layer.0.SelfAttention.v.weight', 't5_model.decoder.block.11.layer.0.SelfAttention.o.weight', 't5_model.decoder.block.11.layer.0.layer_norm.weight', 't5_model.decoder.block.11.layer.1.EncDecAttention.q.weight', 't5_model.decoder.block.11.layer.1.EncDecAttention.k.weight', 't5_model.decoder.block.11.layer.1.EncDecAttention.v.weight', 't5_model.decoder.block.11.layer.1.EncDecAttention.o.weight', 't5_model.decoder.block.11.layer.1.layer_norm.weight', 't5_model.decoder.block.11.layer.2.DenseReluDense.wi_0.weight', 't5_model.decoder.block.11.layer.2.DenseReluDense.wi_1.weight', 't5_model.decoder.block.11.layer.2.DenseReluDense.wo.weight', 't5_model.decoder.block.11.layer.2.layer_norm.weight', 't5_model.decoder.block.12.layer.0.SelfAttention.q.weight', 't5_model.decoder.block.12.layer.0.SelfAttention.k.weight', 't5_model.decoder.block.12.layer.0.SelfAttention.v.weight', 't5_model.decoder.block.12.layer.0.SelfAttention.o.weight', 't5_model.decoder.block.12.layer.0.layer_norm.weight', 't5_model.decoder.block.12.layer.1.EncDecAttention.q.weight', 't5_model.decoder.block.12.layer.1.EncDecAttention.k.weight', 't5_model.decoder.block.12.layer.1.EncDecAttention.v.weight', 't5_model.decoder.block.12.layer.1.EncDecAttention.o.weight', 't5_model.decoder.block.12.layer.1.layer_norm.weight', 't5_model.decoder.block.12.layer.2.DenseReluDense.wi_0.weight', 't5_model.decoder.block.12.layer.2.DenseReluDense.wi_1.weight', 't5_model.decoder.block.12.layer.2.DenseReluDense.wo.weight', 't5_model.decoder.block.12.layer.2.layer_norm.weight', 't5_model.decoder.block.13.layer.0.SelfAttention.q.weight', 't5_model.decoder.block.13.layer.0.SelfAttention.k.weight', 't5_model.decoder.block.13.layer.0.SelfAttention.v.weight', 't5_model.decoder.block.13.layer.0.SelfAttention.o.weight', 't5_model.decoder.block.13.layer.0.layer_norm.weight', 't5_model.decoder.block.13.layer.1.EncDecAttention.q.weight', 't5_model.decoder.block.13.layer.1.EncDecAttention.k.weight', 't5_model.decoder.block.13.layer.1.EncDecAttention.v.weight', 't5_model.decoder.block.13.layer.1.EncDecAttention.o.weight', 't5_model.decoder.block.13.layer.1.layer_norm.weight', 't5_model.decoder.block.13.layer.2.DenseReluDense.wi_0.weight', 't5_model.decoder.block.13.layer.2.DenseReluDense.wi_1.weight', 't5_model.decoder.block.13.layer.2.DenseReluDense.wo.weight', 't5_model.decoder.block.13.layer.2.layer_norm.weight', 't5_model.decoder.block.14.layer.0.SelfAttention.q.weight', 't5_model.decoder.block.14.layer.0.SelfAttention.k.weight', 't5_model.decoder.block.14.layer.0.SelfAttention.v.weight', 't5_model.decoder.block.14.layer.0.SelfAttention.o.weight', 't5_model.decoder.block.14.layer.0.layer_norm.weight', 't5_model.decoder.block.14.layer.1.EncDecAttention.q.weight', 't5_model.decoder.block.14.layer.1.EncDecAttention.k.weight', 't5_model.decoder.block.14.layer.1.EncDecAttention.v.weight', 't5_model.decoder.block.14.layer.1.EncDecAttention.o.weight', 't5_model.decoder.block.14.layer.1.layer_norm.weight', 't5_model.decoder.block.14.layer.2.DenseReluDense.wi_0.weight', 't5_model.decoder.block.14.layer.2.DenseReluDense.wi_1.weight', 't5_model.decoder.block.14.layer.2.DenseReluDense.wo.weight', 't5_model.decoder.block.14.layer.2.layer_norm.weight', 't5_model.decoder.block.15.layer.0.SelfAttention.q.weight', 't5_model.decoder.block.15.layer.0.SelfAttention.k.weight', 't5_model.decoder.block.15.layer.0.SelfAttention.v.weight', 't5_model.decoder.block.15.layer.0.SelfAttention.o.weight', 't5_model.decoder.block.15.layer.0.layer_norm.weight', 't5_model.decoder.block.15.layer.1.EncDecAttention.q.weight', 't5_model.decoder.block.15.layer.1.EncDecAttention.k.weight', 't5_model.decoder.block.15.layer.1.EncDecAttention.v.weight', 't5_model.decoder.block.15.layer.1.EncDecAttention.o.weight', 't5_model.decoder.block.15.layer.1.layer_norm.weight', 't5_model.decoder.block.15.layer.2.DenseReluDense.wi_0.weight', 't5_model.decoder.block.15.layer.2.DenseReluDense.wi_1.weight', 't5_model.decoder.block.15.layer.2.DenseReluDense.wo.weight', 't5_model.decoder.block.15.layer.2.layer_norm.weight', 't5_model.decoder.block.16.layer.0.SelfAttention.q.weight', 't5_model.decoder.block.16.layer.0.SelfAttention.k.weight', 't5_model.decoder.block.16.layer.0.SelfAttention.v.weight', 't5_model.decoder.block.16.layer.0.SelfAttention.o.weight', 't5_model.decoder.block.16.layer.0.layer_norm.weight', 't5_model.decoder.block.16.layer.1.EncDecAttention.q.weight', 't5_model.decoder.block.16.layer.1.EncDecAttention.k.weight', 't5_model.decoder.block.16.layer.1.EncDecAttention.v.weight', 't5_model.decoder.block.16.layer.1.EncDecAttention.o.weight', 't5_model.decoder.block.16.layer.1.layer_norm.weight', 't5_model.decoder.block.16.layer.2.DenseReluDense.wi_0.weight', 't5_model.decoder.block.16.layer.2.DenseReluDense.wi_1.weight', 't5_model.decoder.block.16.layer.2.DenseReluDense.wo.weight', 't5_model.decoder.block.16.layer.2.layer_norm.weight', 't5_model.decoder.block.17.layer.0.SelfAttention.q.weight', 't5_model.decoder.block.17.layer.0.SelfAttention.k.weight', 't5_model.decoder.block.17.layer.0.SelfAttention.v.weight', 't5_model.decoder.block.17.layer.0.SelfAttention.o.weight', 't5_model.decoder.block.17.layer.0.layer_norm.weight', 't5_model.decoder.block.17.layer.1.EncDecAttention.q.weight', 't5_model.decoder.block.17.layer.1.EncDecAttention.k.weight', 't5_model.decoder.block.17.layer.1.EncDecAttention.v.weight', 't5_model.decoder.block.17.layer.1.EncDecAttention.o.weight', 't5_model.decoder.block.17.layer.1.layer_norm.weight', 't5_model.decoder.block.17.layer.2.DenseReluDense.wi_0.weight', 't5_model.decoder.block.17.layer.2.DenseReluDense.wi_1.weight', 't5_model.decoder.block.17.layer.2.DenseReluDense.wo.weight', 't5_model.decoder.block.17.layer.2.layer_norm.weight', 't5_model.decoder.block.18.layer.0.SelfAttention.q.weight', 't5_model.decoder.block.18.layer.0.SelfAttention.k.weight', 't5_model.decoder.block.18.layer.0.SelfAttention.v.weight', 't5_model.decoder.block.18.layer.0.SelfAttention.o.weight', 't5_model.decoder.block.18.layer.0.layer_norm.weight', 't5_model.decoder.block.18.layer.1.EncDecAttention.q.weight', 't5_model.decoder.block.18.layer.1.EncDecAttention.k.weight', 't5_model.decoder.block.18.layer.1.EncDecAttention.v.weight', 't5_model.decoder.block.18.layer.1.EncDecAttention.o.weight', 't5_model.decoder.block.18.layer.1.layer_norm.weight', 't5_model.decoder.block.18.layer.2.DenseReluDense.wi_0.weight', 't5_model.decoder.block.18.layer.2.DenseReluDense.wi_1.weight', 't5_model.decoder.block.18.layer.2.DenseReluDense.wo.weight', 't5_model.decoder.block.18.layer.2.layer_norm.weight', 't5_model.decoder.block.19.layer.0.SelfAttention.q.weight', 't5_model.decoder.block.19.layer.0.SelfAttention.k.weight', 't5_model.decoder.block.19.layer.0.SelfAttention.v.weight', 't5_model.decoder.block.19.layer.0.SelfAttention.o.weight', 't5_model.decoder.block.19.layer.0.layer_norm.weight', 't5_model.decoder.block.19.layer.1.EncDecAttention.q.weight', 't5_model.decoder.block.19.layer.1.EncDecAttention.k.weight', 't5_model.decoder.block.19.layer.1.EncDecAttention.v.weight', 't5_model.decoder.block.19.layer.1.EncDecAttention.o.weight', 't5_model.decoder.block.19.layer.1.layer_norm.weight', 't5_model.decoder.block.19.layer.2.DenseReluDense.wi_0.weight', 't5_model.decoder.block.19.layer.2.DenseReluDense.wi_1.weight', 't5_model.decoder.block.19.layer.2.DenseReluDense.wo.weight', 't5_model.decoder.block.19.layer.2.layer_norm.weight', 't5_model.decoder.block.20.layer.0.SelfAttention.q.weight', 't5_model.decoder.block.20.layer.0.SelfAttention.k.weight', 't5_model.decoder.block.20.layer.0.SelfAttention.v.weight', 't5_model.decoder.block.20.layer.0.SelfAttention.o.weight', 't5_model.decoder.block.20.layer.0.layer_norm.weight', 't5_model.decoder.block.20.layer.1.EncDecAttention.q.weight', 't5_model.decoder.block.20.layer.1.EncDecAttention.k.weight', 't5_model.decoder.block.20.layer.1.EncDecAttention.v.weight', 't5_model.decoder.block.20.layer.1.EncDecAttention.o.weight', 't5_model.decoder.block.20.layer.1.layer_norm.weight', 't5_model.decoder.block.20.layer.2.DenseReluDense.wi_0.weight', 't5_model.decoder.block.20.layer.2.DenseReluDense.wi_1.weight', 't5_model.decoder.block.20.layer.2.DenseReluDense.wo.weight', 't5_model.decoder.block.20.layer.2.layer_norm.weight', 't5_model.decoder.block.21.layer.0.SelfAttention.q.weight', 't5_model.decoder.block.21.layer.0.SelfAttention.k.weight', 't5_model.decoder.block.21.layer.0.SelfAttention.v.weight', 't5_model.decoder.block.21.layer.0.SelfAttention.o.weight', 't5_model.decoder.block.21.layer.0.layer_norm.weight', 't5_model.decoder.block.21.layer.1.EncDecAttention.q.weight', 't5_model.decoder.block.21.layer.1.EncDecAttention.k.weight', 't5_model.decoder.block.21.layer.1.EncDecAttention.v.weight', 't5_model.decoder.block.21.layer.1.EncDecAttention.o.weight', 't5_model.decoder.block.21.layer.1.layer_norm.weight', 't5_model.decoder.block.21.layer.2.DenseReluDense.wi_0.weight', 't5_model.decoder.block.21.layer.2.DenseReluDense.wi_1.weight', 't5_model.decoder.block.21.layer.2.DenseReluDense.wo.weight', 't5_model.decoder.block.21.layer.2.layer_norm.weight', 't5_model.decoder.block.22.layer.0.SelfAttention.q.weight', 't5_model.decoder.block.22.layer.0.SelfAttention.k.weight', 't5_model.decoder.block.22.layer.0.SelfAttention.v.weight', 't5_model.decoder.block.22.layer.0.SelfAttention.o.weight', 't5_model.decoder.block.22.layer.0.layer_norm.weight', 't5_model.decoder.block.22.layer.1.EncDecAttention.q.weight', 't5_model.decoder.block.22.layer.1.EncDecAttention.k.weight', 't5_model.decoder.block.22.layer.1.EncDecAttention.v.weight', 't5_model.decoder.block.22.layer.1.EncDecAttention.o.weight', 't5_model.decoder.block.22.layer.1.layer_norm.weight', 't5_model.decoder.block.22.layer.2.DenseReluDense.wi_0.weight', 't5_model.decoder.block.22.layer.2.DenseReluDense.wi_1.weight', 't5_model.decoder.block.22.layer.2.DenseReluDense.wo.weight', 't5_model.decoder.block.22.layer.2.layer_norm.weight', 't5_model.decoder.block.23.layer.0.SelfAttention.q.weight', 't5_model.decoder.block.23.layer.0.SelfAttention.k.weight', 't5_model.decoder.block.23.layer.0.SelfAttention.v.weight', 't5_model.decoder.block.23.layer.0.SelfAttention.o.weight', 't5_model.decoder.block.23.layer.0.layer_norm.weight', 't5_model.decoder.block.23.layer.1.EncDecAttention.q.weight', 't5_model.decoder.block.23.layer.1.EncDecAttention.k.weight', 't5_model.decoder.block.23.layer.1.EncDecAttention.v.weight', 't5_model.decoder.block.23.layer.1.EncDecAttention.o.weight', 't5_model.decoder.block.23.layer.1.layer_norm.weight', 't5_model.decoder.block.23.layer.2.DenseReluDense.wi_0.weight', 't5_model.decoder.block.23.layer.2.DenseReluDense.wi_1.weight', 't5_model.decoder.block.23.layer.2.DenseReluDense.wo.weight', 't5_model.decoder.block.23.layer.2.layer_norm.weight', 't5_model.decoder.final_layer_norm.weight', 't5_model.lm_head.weight']
2024-01-07 17:07:04,997 [INFO] load checkpoint from sevila_checkpoints/sevila_pretrained.pth
Run config :  {'task': 'videoqa', 'lr_sched': 'linear_warmup_cosine_lr', 'init_lr': 3e-05, 'min_lr': 0, 'warmup_lr': 1e-08, 'warmup_steps': 1000, 'weight_decay': 0.05, 'max_epoch': 10, 'batch_size_train': 1, 'batch_size_eval': 2, 'num_workers': 1, 'accum_grad_iters': 8, 'max_len': 30, 'min_len': 8, 'num_beams': 5, 'seed': 42, 'output_dir': 'expts/causalvidqa_ft/07_01_2024_17_06_34', 'amp': True, 'resume_ckpt_path': None, 'evaluate': False, 'train_splits': ['train'], 'valid_splits': ['val'], 'test_splits': ['test'], 'device': 'cuda', 'world_size': 1, 'dist_url': 'env://', 'distributed': True, 'find_unused_parameters': True, 'rank': 0, 'gpu': 0, 'dist_backend': 'nccl'}
2024-01-07 17:07:05,000 [INFO] Start training
2024-01-07 17:07:07,725 [INFO] dataset_ratios not specified, datasets will be concatenated (map-style datasets) or chained (webdataset.DataPipeline).
2024-01-07 17:07:07,725 [INFO] Loaded 7021 records for train split from the dataset.
2024-01-07 17:07:07,725 [INFO] Loaded 1002 records for val split from the dataset.
2024-01-07 17:07:07,725 [INFO] Loaded 2007 records for test split from the dataset.
2024-01-07 17:07:07,743 [INFO] number of trainable parameters: 108317696
2024-01-07 17:07:07,745 [INFO] Start training epoch 0, 7021 iters per inner epoch.
/home/shreyasjena/anaconda3/envs/sevila/lib/python3.8/site-packages/torch/utils/checkpoint.py:429: UserWarning: torch.utils.checkpoint: please pass in use_reentrant=True or use_reentrant=False explicitly. The default value of use_reentrant will be updated to be False in the future. To maintain current behavior, pass use_reentrant=True. It is recommended that you use use_reentrant=False. Refer to docs for more details on the differences between the two variants.
  warnings.warn(
/home/shreyasjena/anaconda3/envs/sevila/lib/python3.8/site-packages/torch/utils/checkpoint.py:61: UserWarning: None of the inputs have requires_grad=True. Gradients will be None
  warnings.warn(
/home/shreyasjena/anaconda3/envs/sevila/lib/python3.8/site-packages/transformers/generation/configuration_utils.py:394: UserWarning: `do_sample` is set to `False`. However, `top_p` is set to `0.9` -- this flag is only used in sample-based generation modes. You should set `do_sample=True` or unset `top_p`.
  warnings.warn(
Train: data epoch: [0]  [   0/7021]  eta: 9:52:36  lr: 0.000000  loss: 1.6682  time: 5.0643  data: 0.0000  max mem: 24073

Error while read file idx
video is: 0gAzecLeDnU_000003_000013
Train: data epoch: [0]  [  50/7021]  eta: 3:46:44  lr: 0.000002  loss: 0.7954  time: 1.8933  data: 0.0000  max mem: 25834
Traceback (most recent call last):
  File "train.py", line 106, in <module>
    main()
  File "train.py", line 102, in main
    runner.train()
  File "/home/shreyasjena/BTP/SeViLA/lavis/runners/runner_base.py", line 375, in train
    train_stats = self.train_epoch(cur_epoch)
  File "/home/shreyasjena/BTP/SeViLA/lavis/runners/runner_base.py", line 434, in train_epoch
    return self.task.train_epoch(
  File "/home/shreyasjena/BTP/SeViLA/lavis/tasks/base_task.py", line 115, in train_epoch
    return self._train_inner_loop(
  File "/home/shreyasjena/BTP/SeViLA/lavis/tasks/base_task.py", line 220, in _train_inner_loop
    loss = self.train_step(model=model, samples=samples)
  File "/home/shreyasjena/BTP/SeViLA/lavis/tasks/base_task.py", line 64, in train_step
    loss = model(samples)["loss"]
  File "/home/shreyasjena/anaconda3/envs/sevila/lib/python3.8/site-packages/torch/nn/modules/module.py", line 1518, in _wrapped_call_impl
    return self._call_impl(*args, **kwargs)
  File "/home/shreyasjena/anaconda3/envs/sevila/lib/python3.8/site-packages/torch/nn/modules/module.py", line 1527, in _call_impl
    return forward_call(*args, **kwargs)
  File "/home/shreyasjena/anaconda3/envs/sevila/lib/python3.8/site-packages/torch/nn/parallel/distributed.py", line 1519, in forward
[2024-01-07 17:09:13,336] torch.distributed.elastic.agent.server.api: [WARNING] Received Signals.SIGINT death signal, shutting down workers
    else self._run_ddp_forward(*inputs, **kwargs)
  File "/home/shreyasjena/anaconda3/envs/sevila/lib/python3.8/site-packages/torch/nn/parallel/distributed.py", line 1355, in _run_ddp_forward
    return self.module(*inputs, **kwargs)  # type: ignore[index]
  File "/home/shreyasjena/anaconda3/envs/sevila/lib/python3.8/site-packages/torch/nn/modules/module.py", line 1518, in _wrapped_call_impl
[2024-01-07 17:09:13,338] torch.distributed.elastic.multiprocessing.api: [WARNING] Sending process 500416 closing signal SIGINT
  File "/home/shreyasjena/anaconda3/envs/sevila/lib/python3.8/site-packages/torch/nn/modules/module.py", line 1527, in _call_impl
    return forward_call(*args, **kwargs)
  File "/home/shreyasjena/BTP/SeViLA/lavis/models/sevila_models/sevila.py", line 288, in forward
    outputs_loc = self.t5_model.generate(
  File "/home/shreyasjena/anaconda3/envs/sevila/lib/python3.8/site-packages/torch/utils/_contextlib.py", line 115, in decorate_context
    return func(*args, **kwargs)
  File "/home/shreyasjena/anaconda3/envs/sevila/lib/python3.8/site-packages/transformers/generation/utils.py", line 1718, in generate
    return self.greedy_search(
  File "/home/shreyasjena/anaconda3/envs/sevila/lib/python3.8/site-packages/transformers/generation/utils.py", line 2579, in greedy_search
    outputs = self(
  File "/home/shreyasjena/anaconda3/envs/sevila/lib/python3.8/site-packages/torch/nn/modules/module.py", line 1518, in _wrapped_call_impl
    return self._call_impl(*args, **kwargs)
  File "/home/shreyasjena/anaconda3/envs/sevila/lib/python3.8/site-packages/torch/nn/modules/module.py", line 1527, in _call_impl
    return forward_call(*args, **kwargs)
  File "/home/shreyasjena/BTP/SeViLA/lavis/models/blip2_models/modeling_t5.py", line 1842, in forward
    decoder_outputs = self.decoder(
  File "/home/shreyasjena/anaconda3/envs/sevila/lib/python3.8/site-packages/torch/nn/modules/module.py", line 1518, in _wrapped_call_impl
    return self._call_impl(*args, **kwargs)
  File "/home/shreyasjena/anaconda3/envs/sevila/lib/python3.8/site-packages/torch/nn/modules/module.py", line 1527, in _call_impl
    return forward_call(*args, **kwargs)
  File "/home/shreyasjena/BTP/SeViLA/lavis/models/blip2_models/modeling_t5.py", line 1211, in forward
    layer_outputs = layer_module(
  File "/home/shreyasjena/anaconda3/envs/sevila/lib/python3.8/site-packages/torch/nn/modules/module.py", line 1518, in _wrapped_call_impl
    return self._call_impl(*args, **kwargs)
  File "/home/shreyasjena/anaconda3/envs/sevila/lib/python3.8/site-packages/torch/nn/modules/module.py", line 1527, in _call_impl
    return forward_call(*args, **kwargs)
  File "/home/shreyasjena/BTP/SeViLA/lavis/models/blip2_models/modeling_t5.py", line 747, in forward
    self_attention_outputs = self.layer[0](
  File "/home/shreyasjena/anaconda3/envs/sevila/lib/python3.8/site-packages/torch/nn/modules/module.py", line 1518, in _wrapped_call_impl
    return self._call_impl(*args, **kwargs)
  File "/home/shreyasjena/anaconda3/envs/sevila/lib/python3.8/site-packages/torch/nn/modules/module.py", line 1527, in _call_impl
    return forward_call(*args, **kwargs)
  File "/home/shreyasjena/BTP/SeViLA/lavis/models/blip2_models/modeling_t5.py", line 642, in forward
    normed_hidden_states = self.layer_norm(hidden_states)
  File "/home/shreyasjena/anaconda3/envs/sevila/lib/python3.8/site-packages/torch/nn/modules/module.py", line 1518, in _wrapped_call_impl
    return self._call_impl(*args, **kwargs)
  File "/home/shreyasjena/anaconda3/envs/sevila/lib/python3.8/site-packages/torch/nn/modules/module.py", line 1527, in _call_impl
    return forward_call(*args, **kwargs)
  File "/home/shreyasjena/BTP/SeViLA/lavis/models/blip2_models/modeling_t5.py", line 270, in forward
    variance = hidden_states.to(torch.float32).pow(2).mean(-1, keepdim=True)
KeyboardInterrupt
Traceback (most recent call last):
  File "/home/shreyasjena/anaconda3/envs/sevila/lib/python3.8/runpy.py", line 194, in _run_module_as_main
    return _run_code(code, main_globals, None,
  File "/home/shreyasjena/anaconda3/envs/sevila/lib/python3.8/runpy.py", line 87, in _run_code
    exec(code, run_globals)
  File "/home/shreyasjena/anaconda3/envs/sevila/lib/python3.8/site-packages/torch/distributed/run.py", line 810, in <module>
    main()
  File "/home/shreyasjena/anaconda3/envs/sevila/lib/python3.8/site-packages/torch/distributed/elastic/multiprocessing/errors/__init__.py", line 346, in wrapper
    return f(*args, **kwargs)
  File "/home/shreyasjena/anaconda3/envs/sevila/lib/python3.8/site-packages/torch/distributed/run.py", line 806, in main
    run(args)
  File "/home/shreyasjena/anaconda3/envs/sevila/lib/python3.8/site-packages/torch/distributed/run.py", line 797, in run
    elastic_launch(
  File "/home/shreyasjena/anaconda3/envs/sevila/lib/python3.8/site-packages/torch/distributed/launcher/api.py", line 134, in __call__
    return launch_agent(self._config, self._entrypoint, list(args))
  File "/home/shreyasjena/anaconda3/envs/sevila/lib/python3.8/site-packages/torch/distributed/launcher/api.py", line 255, in launch_agent
    result = agent.run()
  File "/home/shreyasjena/anaconda3/envs/sevila/lib/python3.8/site-packages/torch/distributed/elastic/metrics/api.py", line 124, in wrapper
    result = f(*args, **kwargs)
  File "/home/shreyasjena/anaconda3/envs/sevila/lib/python3.8/site-packages/torch/distributed/elastic/agent/server/api.py", line 736, in run
    result = self._invoke_run(role)
  File "/home/shreyasjena/anaconda3/envs/sevila/lib/python3.8/site-packages/torch/distributed/elastic/agent/server/api.py", line 877, in _invoke_run
    time.sleep(monitor_interval)
  File "/home/shreyasjena/anaconda3/envs/sevila/lib/python3.8/site-packages/torch/distributed/elastic/multiprocessing/api.py", line 62, in _terminate_process_handler
    raise SignalException(f"Process {os.getpid()} got signal: {sigval}", sigval=sigval)
torch.distributed.elastic.multiprocessing.api.SignalException: Process 500372 got signal: 2
